<?xml version="1.0" encoding="UTF-8"?>
  <testsuite name="CNF Features e2e integration tests" tests="40" failures="0" errors="0" time="217.725">
      <testcase name="[serial][disruptive][scheduler] numaresources workload placement considering TM policy with at least two nodes suitable [tier1] a guaranteed pod with one container should be scheduled into one NUMA zone [test_id:48713][tmscope:cnt]" classname="CNF Features e2e integration tests" time="0">
          <skipped></skipped>
      </testcase>
      <testcase name="[serial][disruptive][scheduler] numaresources workload placement considering TM policy with at least two nodes suitable [tier1] a guaranteed pod with one container should be scheduled into one NUMA zone [tmscope:pod]" classname="CNF Features e2e integration tests" time="0">
          <skipped></skipped>
      </testcase>
      <testcase name="[serial][disruptive][scheduler] numaresources workload placement considering TM policy with at least two nodes suitable [tier1] a guaranteed pod with one container should be scheduled into one NUMA zone [tmscope:cnt][hugepages]" classname="CNF Features e2e integration tests" time="0">
          <skipped></skipped>
      </testcase>
      <testcase name="[serial][disruptive][scheduler] numaresources workload placement considering TM policy with at least two nodes suitable [tier1] a guaranteed pod with one container should be scheduled into one NUMA zone [tmscope:pod][hugepages]" classname="CNF Features e2e integration tests" time="0">
          <skipped></skipped>
      </testcase>
      <testcase name="[serial][disruptive][scheduler] numaresources workload placement considering TM policy with at least two nodes suitable [tier1] a deployment with a guaranteed pod with one container should be scheduled into one NUMA zone [test_id:47583][tmscope:cnt]" classname="CNF Features e2e integration tests" time="0">
          <skipped></skipped>
      </testcase>
      <testcase name="[serial][disruptive][scheduler] numaresources workload placement considering TM policy with at least two nodes suitable [tier1] a deployment with a guaranteed pod with one container should be scheduled into one NUMA zone [tmscope:pod]" classname="CNF Features e2e integration tests" time="0">
          <skipped></skipped>
      </testcase>
      <testcase name="[serial][disruptive][scheduler] numaresources workload placement considering TM policy with at least two nodes suitable [tier1] a deployment with a guaranteed pod with one container should be scheduled into one NUMA zone [tmscope:cnt][hugepages]" classname="CNF Features e2e integration tests" time="0">
          <skipped></skipped>
      </testcase>
      <testcase name="[serial][disruptive][scheduler] numaresources workload placement considering TM policy with at least two nodes suitable [tier1] a deployment with a guaranteed pod with one container should be scheduled into one NUMA zone [tmscope:pod][hugepages]" classname="CNF Features e2e integration tests" time="0">
          <skipped></skipped>
      </testcase>
      <testcase name="[serial][disruptive][scheduler] numaresources workload placement considering TM policy [placement] cluster with multiple worker nodes suitable [test_id:47575][tmscope:cnt][tier1] should make a pod with two gu cnt land on a node with enough resources on a specific NUMA zone, each cnt on a different zone" classname="CNF Features e2e integration tests" time="0">
          <skipped></skipped>
      </testcase>
      <testcase name="[serial][disruptive][scheduler] numaresources workload placement considering TM policy [placement] cluster with multiple worker nodes suitable [test_id:47577][tmscope:pod][tier1] should make a pod with two gu cnt land on a node with enough resources on a specific NUMA zone, all cnt on the same zone" classname="CNF Features e2e integration tests" time="0">
          <skipped></skipped>
      </testcase>
      <testcase name="[serial][disruptive][scheduler] numaresources workload placement considering TM policy [placement] cluster with multiple worker nodes suitable [tmscope:cnt][hugepages] should make a pod with two gu cnt land on a node with enough resources on a specific NUMA zone, each cnt on a different zone" classname="CNF Features e2e integration tests" time="0">
          <skipped></skipped>
      </testcase>
      <testcase name="[serial][disruptive][scheduler] numaresources workload placement considering TM policy [placement] cluster with multiple worker nodes suitable [tmscope:pod][hugepages] should make a pod with two gu cnt land on a node with enough resources on a specific NUMA zone, all cnt on the same zone" classname="CNF Features e2e integration tests" time="0">
          <skipped></skipped>
      </testcase>
      <testcase name="[sriov] SCTP integration Test Connectivity Connectivity between client and server Should work over a SR-IOV device" classname="CNF Features e2e integration tests" time="0">
          <skipped></skipped>
      </testcase>
      <testcase name="[vrf]  Integration: NAD, IPAM: static, Interfaces: 1, Scheme: 2 Pods 2 VRFs OCP Primary network overlap {&#34;IPStack&#34;:&#34;ipv4&#34;}" classname="CNF Features e2e integration tests" time="0">
          <skipped></skipped>
      </testcase>
      <testcase name="[sriov] Bond CNI integration bond cni over sriov pod with sysctl&#39;s on bond over sriov interfaces should start" classname="CNF Features e2e integration tests" time="0">
          <skipped></skipped>
      </testcase>
      <testcase name="[performance] Latency Test with the oslat image should succeed" classname="CNF Features e2e integration tests" time="0.000405006">
          <skipped>/tmp/cnf-onBlp/cnf-features-deploy/vendor/github.com/openshift/cluster-node-tuning-operator/test/e2e/performanceprofile/functests/4_latency/latency.go:69&#xA;Skip the latency test, the LATENCY_TEST_RUN set to false&#xA;/tmp/cnf-onBlp/cnf-features-deploy/vendor/github.com/openshift/cluster-node-tuning-operator/test/e2e/performanceprofile/functests/4_latency/latency.go:85</skipped>
      </testcase>
      <testcase name="[performance] Latency Test with the cyclictest image should succeed" classname="CNF Features e2e integration tests" time="0.000327834">
          <skipped>/tmp/cnf-onBlp/cnf-features-deploy/vendor/github.com/openshift/cluster-node-tuning-operator/test/e2e/performanceprofile/functests/4_latency/latency.go:69&#xA;Skip the latency test, the LATENCY_TEST_RUN set to false&#xA;/tmp/cnf-onBlp/cnf-features-deploy/vendor/github.com/openshift/cluster-node-tuning-operator/test/e2e/performanceprofile/functests/4_latency/latency.go:85</skipped>
      </testcase>
      <testcase name="[performance] Latency Test with the hwlatdetect image should succeed" classname="CNF Features e2e integration tests" time="0.000314344">
          <skipped>/tmp/cnf-onBlp/cnf-features-deploy/vendor/github.com/openshift/cluster-node-tuning-operator/test/e2e/performanceprofile/functests/4_latency/latency.go:69&#xA;Skip the latency test, the LATENCY_TEST_RUN set to false&#xA;/tmp/cnf-onBlp/cnf-features-deploy/vendor/github.com/openshift/cluster-node-tuning-operator/test/e2e/performanceprofile/functests/4_latency/latency.go:85</skipped>
      </testcase>
      <testcase name="[tuningcni] tuningcni over macvlan should be able to create pod with sysctls over macvlan" classname="CNF Features e2e integration tests" time="0">
          <skipped></skipped>
      </testcase>
      <testcase name="[tuningcni] tuningcni over macvlan pods with sysctl&#39;s over macvlan should be able to ping each other" classname="CNF Features e2e integration tests" time="0">
          <skipped></skipped>
      </testcase>
      <testcase name="[tuningcni] tuningcni over bond pods with sysctls over bond should be able to ping each other" classname="CNF Features e2e integration tests" time="0">
          <skipped></skipped>
      </testcase>
      <testcase name="[sctp] Negative - Sctp disabled Client Server Connection Should NOT start a server pod" classname="CNF Features e2e integration tests" time="0">
          <skipped></skipped>
      </testcase>
      <testcase name="[sctp] Test Connectivity Connectivity between client and server Kernel Module is loaded" classname="CNF Features e2e integration tests" time="0">
          <skipped></skipped>
      </testcase>
      <testcase name="[sctp] Test Connectivity Connectivity between client and server Connectivity Test Custom namespace" classname="CNF Features e2e integration tests" time="0">
          <skipped></skipped>
      </testcase>
      <testcase name="[sctp] Test Connectivity Connectivity between client and server Connectivity Test Default namespace" classname="CNF Features e2e integration tests" time="0">
          <skipped></skipped>
      </testcase>
      <testcase name="[sctp] Test Connectivity Connectivity between client and server Connectivity Test Custom namespace with policy" classname="CNF Features e2e integration tests" time="0">
          <skipped></skipped>
      </testcase>
      <testcase name="[sctp] Test Connectivity Connectivity between client and server Connectivity Test Custom namespace with policy no port" classname="CNF Features e2e integration tests" time="0">
          <skipped></skipped>
      </testcase>
      <testcase name="[sctp] Test Connectivity Connectivity between client and server Connectivity Test Default namespace with policy" classname="CNF Features e2e integration tests" time="0">
          <skipped></skipped>
      </testcase>
      <testcase name="[sctp] Test Connectivity Connectivity between client and server Connectivity Test Default namespace with policy no port" classname="CNF Features e2e integration tests" time="0">
          <skipped></skipped>
      </testcase>
      <testcase name="[sctp] Test Connectivity Connectivity between client and server Should connect a client pod to a server pod. Feature LatencySensitive Active" classname="CNF Features e2e integration tests" time="0">
          <skipped></skipped>
      </testcase>
      <testcase name="[sctp] Test Connectivity Connectivity between client and server connect a client pod to a server pod via Service ClusterIP Custom namespace" classname="CNF Features e2e integration tests" time="0">
          <skipped></skipped>
      </testcase>
      <testcase name="[sctp] Test Connectivity Connectivity between client and server connect a client pod to a server pod via Service ClusterIP Default namespace" classname="CNF Features e2e integration tests" time="0">
          <skipped></skipped>
      </testcase>
      <testcase name="[sctp] Test Connectivity Connectivity between client and server connect a client pod to a server pod via Service Node Port Custom namespace" classname="CNF Features e2e integration tests" time="0">
          <skipped></skipped>
      </testcase>
      <testcase name="[sctp] Test Connectivity Connectivity between client and server connect a client pod to a server pod via Service Node Port Default namespace" classname="CNF Features e2e integration tests" time="0">
          <skipped></skipped>
      </testcase>
      <testcase name="[ref_id: 40307][pao]Resizing Network Queues Updating performance profile for netqueues [test_id:40308][crit:high][vendor:cnf-qe@redhat.com][level:acceptance] Network device queues Should be set to the profile&#39;s reserved CPUs count " classname="CNF Features e2e integration tests" time="0">
          <skipped></skipped>
      </testcase>
      <testcase name="[ref_id: 40307][pao]Resizing Network Queues Updating performance profile for netqueues [test_id:40542] Verify the number of network queues of all supported network interfaces are equal to reserved cpus count" classname="CNF Features e2e integration tests" time="0">
          <skipped></skipped>
      </testcase>
      <testcase name="[ref_id: 40307][pao]Resizing Network Queues Updating performance profile for netqueues [test_id:40543] Add interfaceName and verify the interface netqueues are equal to reserved cpus count." classname="CNF Features e2e integration tests" time="0">
          <skipped></skipped>
      </testcase>
      <testcase name="[ref_id: 40307][pao]Resizing Network Queues Updating performance profile for netqueues [test_id:40545] Verify reserved cpus count is applied to specific supported networking devices using wildcard matches" classname="CNF Features e2e integration tests" time="0">
          <skipped></skipped>
      </testcase>
      <testcase name="[ref_id: 40307][pao]Resizing Network Queues Updating performance profile for netqueues [test_id:40668] Verify reserved cpu count is added to networking devices matched with vendor and Device id" classname="CNF Features e2e integration tests" time="0">
          <skipped></skipped>
      </testcase>
      <testcase name="[rfe_id:27350][performance]Topology Manager [test_id:26932][crit:high][vendor:cnf-qe@redhat.com][level:acceptance] should be enabled with the policy specified in profile" classname="CNF Features e2e integration tests" time="0.327090661">
          <system-out>[BeforeEach] [rfe_id:27350][performance]Topology Manager&#xA;  /tmp/cnf-onBlp/cnf-features-deploy/vendor/github.com/openshift/cluster-node-tuning-operator/test/e2e/performanceprofile/functests/1_performance/topology_manager.go:21&#xA;[It] [test_id:26932][crit:high][vendor:cnf-qe@redhat.com][level:acceptance] should be enabled with the policy specified in profile&#xA;  /tmp/cnf-onBlp/cnf-features-deploy/vendor/github.com/openshift/cluster-node-tuning-operator/test/e2e/performanceprofile/functests/1_performance/topology_manager.go:36&#xA;Oct 28 04:14:24.721: [INFO]: found mcd machine-config-daemon-9jhl4 for node cnfdc3.clus2.t5g.lab.eng.bos.redhat.com&#xA;Oct 28 04:14:24.915: [INFO]: command output: {&#xD;&#xA;  &#34;kind&#34;: &#34;KubeletConfiguration&#34;,&#xD;&#xA;  &#34;apiVersion&#34;: &#34;kubelet.config.k8s.io/v1beta1&#34;,&#xD;&#xA;  &#34;staticPodPath&#34;: &#34;/etc/kubernetes/manifests&#34;,&#xD;&#xA;  &#34;syncFrequency&#34;: &#34;0s&#34;,&#xD;&#xA;  &#34;fileCheckFrequency&#34;: &#34;0s&#34;,&#xD;&#xA;  &#34;httpCheckFrequency&#34;: &#34;0s&#34;,&#xD;&#xA;  &#34;tlsCipherSuites&#34;: [&#xD;&#xA;    &#34;TLS_ECDHE_ECDSA_WITH_AES_128_GCM_SHA256&#34;,&#xD;&#xA;    &#34;TLS_ECDHE_RSA_WITH_AES_128_GCM_SHA256&#34;,&#xD;&#xA;    &#34;TLS_ECDHE_ECDSA_WITH_AES_256_GCM_SHA384&#34;,&#xD;&#xA;    &#34;TLS_ECDHE_RSA_WITH_AES_256_GCM_SHA384&#34;,&#xD;&#xA;    &#34;TLS_ECDHE_ECDSA_WITH_CHACHA20_POLY1305_SHA256&#34;,&#xD;&#xA;    &#34;TLS_ECDHE_RSA_WITH_CHACHA20_POLY1305_SHA256&#34;&#xD;&#xA;  ],&#xD;&#xA;  &#34;tlsMinVersion&#34;: &#34;VersionTLS12&#34;,&#xD;&#xA;  &#34;rotateCertificates&#34;: true,&#xD;&#xA;  &#34;serverTLSBootstrap&#34;: true,&#xD;&#xA;  &#34;authentication&#34;: {&#xD;&#xA;    &#34;x509&#34;: {&#xD;&#xA;      &#34;clientCAFile&#34;: &#34;/etc/kubernetes/kubelet-ca.crt&#34;&#xD;&#xA;    },&#xD;&#xA;    &#34;webhook&#34;: {&#xD;&#xA;      &#34;cacheTTL&#34;: &#34;0s&#34;&#xD;&#xA;    },&#xD;&#xA;    &#34;anonymous&#34;: {&#xD;&#xA;      &#34;enabled&#34;: false&#xD;&#xA;    }&#xD;&#xA;  },&#xD;&#xA;  &#34;authorization&#34;: {&#xD;&#xA;    &#34;webhook&#34;: {&#xD;&#xA;      &#34;cacheAuthorizedTTL&#34;: &#34;0s&#34;,&#xD;&#xA;      &#34;cacheUnauthorizedTTL&#34;: &#34;0s&#34;&#xD;&#xA;    }&#xD;&#xA;  },&#xD;&#xA;  &#34;clusterDomain&#34;: &#34;cluster.local&#34;,&#xD;&#xA;  &#34;clusterDNS&#34;: [&#xD;&#xA;    &#34;172.30.0.10&#34;&#xD;&#xA;  ],&#xD;&#xA;  &#34;streamingConnectionIdleTimeout&#34;: &#34;0s&#34;,&#xD;&#xA;  &#34;nodeStatusUpdateFrequency&#34;: &#34;0s&#34;,&#xD;&#xA;  &#34;nodeStatusReportFrequency&#34;: &#34;0s&#34;,&#xD;&#xA;  &#34;imageMinimumGCAge&#34;: &#34;0s&#34;,&#xD;&#xA;  &#34;volumeStatsAggPeriod&#34;: &#34;0s&#34;,&#xD;&#xA;  &#34;systemCgroups&#34;: &#34;/system.slice&#34;,&#xD;&#xA;  &#34;cgroupRoot&#34;: &#34;/&#34;,&#xD;&#xA;  &#34;cgroupDriver&#34;: &#34;systemd&#34;,&#xD;&#xA;  &#34;cpuManagerPolicy&#34;: &#34;static&#34;,&#xD;&#xA;  &#34;cpuManagerReconcilePeriod&#34;: &#34;5s&#34;,&#xD;&#xA;  &#34;topologyManagerPolicy&#34;: &#34;best-effort&#34;,&#xD;&#xA;  &#34;runtimeRequestTimeout&#34;: &#34;0s&#34;,&#xD;&#xA;  &#34;maxPods&#34;: 250,&#xD;&#xA;  &#34;podPidsLimit&#34;: 4096,&#xD;&#xA;  &#34;kubeAPIQPS&#34;: 50,&#xD;&#xA;  &#34;kubeAPIBurst&#34;: 100,&#xD;&#xA;  &#34;serializeImagePulls&#34;: false,&#xD;&#xA;  &#34;evictionHard&#34;: {&#xD;&#xA;    &#34;memory.available&#34;: &#34;100Mi&#34;&#xD;&#xA;  },&#xD;&#xA;  &#34;evictionPressureTransitionPeriod&#34;: &#34;0s&#34;,&#xD;&#xA;  &#34;featureGates&#34;: {&#xD;&#xA;    &#34;APIPriorityAndFairness&#34;: true,&#xD;&#xA;    &#34;CSIMigrationAWS&#34;: false,&#xD;&#xA;    &#34;CSIMigrationAzureFile&#34;: false,&#xD;&#xA;    &#34;CSIMigrationGCE&#34;: false,&#xD;&#xA;    &#34;CSIMigrationvSphere&#34;: false,&#xD;&#xA;    &#34;DownwardAPIHugePages&#34;: true,&#xD;&#xA;    &#34;PodSecurity&#34;: true,&#xD;&#xA;    &#34;RotateKubeletServerCertificate&#34;: true&#xD;&#xA;  },&#xD;&#xA;  &#34;memorySwap&#34;: {},&#xD;&#xA;  &#34;containerLogMaxSize&#34;: &#34;50Mi&#34;,&#xD;&#xA;  &#34;systemReserved&#34;: {&#xD;&#xA;    &#34;ephemeral-storage&#34;: &#34;1Gi&#34;&#xD;&#xA;  },&#xD;&#xA;  &#34;kubeReserved&#34;: {&#xD;&#xA;    &#34;memory&#34;: &#34;500Mi&#34;&#xD;&#xA;  },&#xD;&#xA;  &#34;reservedSystemCPUs&#34;: &#34;0-1&#34;,&#xD;&#xA;  &#34;logging&#34;: {&#xD;&#xA;    &#34;flushFrequency&#34;: 0,&#xD;&#xA;    &#34;verbosity&#34;: 0,&#xD;&#xA;    &#34;options&#34;: {&#xD;&#xA;      &#34;json&#34;: {&#xD;&#xA;        &#34;infoBufferSize&#34;: &#34;0&#34;&#xD;&#xA;      }&#xD;&#xA;    }&#xD;&#xA;  },&#xD;&#xA;  &#34;shutdownGracePeriod&#34;: &#34;0s&#34;,&#xD;&#xA;  &#34;shutdownGracePeriodCriticalPods&#34;: &#34;0s&#34;&#xD;&#xA;}&#xD;&#xA;&#xA;</system-out>
      </testcase>
      <testcase name="[serial][disruptive][scheduler] numaresources workload placement cluster has at least one suitable node [test_id:47591][tier1] should modify workload post scheduling while keeping the resource requests available" classname="CNF Features e2e integration tests" time="0">
          <skipped></skipped>
      </testcase>
      <testcase name="[bondcni] bond over macvlan should be able to create pod with bond interface over macvlan interfaces" classname="CNF Features e2e integration tests" time="0">
          <skipped></skipped>
      </testcase>
      <testcase name="[performance]Hugepages [rfe_id:27369]when NUMA node specified [test_id:27752][crit:high][vendor:cnf-qe@redhat.com][level:acceptance] should be allocated on the specifed NUMA node " classname="CNF Features e2e integration tests" time="0.075660407">
          <system-out>[BeforeEach] [performance]Hugepages&#xA;  /tmp/cnf-onBlp/cnf-features-deploy/vendor/github.com/openshift/cluster-node-tuning-operator/test/e2e/performanceprofile/functests/utils/utils.go:19&#xA;[BeforeEach] [performance]Hugepages&#xA;  /tmp/cnf-onBlp/cnf-features-deploy/vendor/github.com/openshift/cluster-node-tuning-operator/test/e2e/performanceprofile/functests/1_performance/hugepages.go:39&#xA;[It] [test_id:27752][crit:high][vendor:cnf-qe@redhat.com][level:acceptance] should be allocated on the specifed NUMA node &#xA;  /tmp/cnf-onBlp/cnf-features-deploy/vendor/github.com/openshift/cluster-node-tuning-operator/test/e2e/performanceprofile/functests/1_performance/hugepages.go:62&#xA;</system-out>
      </testcase>
      <testcase name="[performance]Hugepages with multiple sizes [test_id:34080] should be supported and available for the container usage" classname="CNF Features e2e integration tests" time="0.437461579">
          <system-out>[BeforeEach] [performance]Hugepages&#xA;  /tmp/cnf-onBlp/cnf-features-deploy/vendor/github.com/openshift/cluster-node-tuning-operator/test/e2e/performanceprofile/functests/utils/utils.go:19&#xA;[BeforeEach] [performance]Hugepages&#xA;  /tmp/cnf-onBlp/cnf-features-deploy/vendor/github.com/openshift/cluster-node-tuning-operator/test/e2e/performanceprofile/functests/1_performance/hugepages.go:39&#xA;[It] [test_id:34080] should be supported and available for the container usage&#xA;  /tmp/cnf-onBlp/cnf-features-deploy/vendor/github.com/openshift/cluster-node-tuning-operator/test/e2e/performanceprofile/functests/1_performance/hugepages.go:84&#xA;Oct 28 04:14:25.064: [INFO]: found mcd machine-config-daemon-9jhl4 for node cnfdc3.clus2.t5g.lab.eng.bos.redhat.com&#xA;Oct 28 04:14:25.263: [INFO]: found mcd machine-config-daemon-9jhl4 for node cnfdc3.clus2.t5g.lab.eng.bos.redhat.com&#xA;</system-out>
      </testcase>
      <testcase name="[performance]Hugepages [rfe_id:27354]Huge pages support for container workloads [test_id:27477][crit:high][vendor:cnf-qe@redhat.com][level:acceptance] Huge pages support for container workloads" classname="CNF Features e2e integration tests" time="50.235969644">
          <system-out>[BeforeEach] [performance]Hugepages&#xA;  /tmp/cnf-onBlp/cnf-features-deploy/vendor/github.com/openshift/cluster-node-tuning-operator/test/e2e/performanceprofile/functests/utils/utils.go:19&#xA;[BeforeEach] [performance]Hugepages&#xA;  /tmp/cnf-onBlp/cnf-features-deploy/vendor/github.com/openshift/cluster-node-tuning-operator/test/e2e/performanceprofile/functests/1_performance/hugepages.go:39&#xA;[It] [test_id:27477][crit:high][vendor:cnf-qe@redhat.com][level:acceptance] Huge pages support for container workloads&#xA;  /tmp/cnf-onBlp/cnf-features-deploy/vendor/github.com/openshift/cluster-node-tuning-operator/test/e2e/performanceprofile/functests/1_performance/hugepages.go:123&#xA;�[1mSTEP�[0m: checking hugepages usage in bytes - should be 0 on idle system&#xA;Oct 28 04:14:25.501: [INFO]: found mcd machine-config-daemon-9jhl4 for node cnfdc3.clus2.t5g.lab.eng.bos.redhat.com&#xA;�[1mSTEP�[0m: running the POD and waiting while it&#39;s installing testing tools&#xA;�[1mSTEP�[0m: checking free hugepages - one should be used by pod&#xA;Oct 28 04:14:43.003: [INFO]: found mcd machine-config-daemon-9jhl4 for node cnfdc3.clus2.t5g.lab.eng.bos.redhat.com&#xA;Oct 28 04:14:43.241: [INFO]: found mcd machine-config-daemon-9jhl4 for node cnfdc3.clus2.t5g.lab.eng.bos.redhat.com&#xA;�[1mSTEP�[0m: checking hugepages usage in bytes&#xA;Oct 28 04:14:43.434: [INFO]: found mcd machine-config-daemon-9jhl4 for node cnfdc3.clus2.t5g.lab.eng.bos.redhat.com&#xA;[AfterEach] [rfe_id:27354]Huge pages support for container workloads&#xA;  /tmp/cnf-onBlp/cnf-features-deploy/vendor/github.com/openshift/cluster-node-tuning-operator/test/e2e/performanceprofile/functests/1_performance/hugepages.go:115&#xA;</system-out>
      </testcase>
      <testcase name="[rfe_id:27368][performance] Tuned CRs generated from profile [test_id:31748] Should have the expected name for tuned from the profile owner object" classname="CNF Features e2e integration tests" time="0.13712202">
          <system-out>[BeforeEach] [rfe_id:27368][performance]&#xA;  /tmp/cnf-onBlp/cnf-features-deploy/vendor/github.com/openshift/cluster-node-tuning-operator/test/e2e/performanceprofile/functests/utils/utils.go:19&#xA;[BeforeEach] [rfe_id:27368][performance]&#xA;  /tmp/cnf-onBlp/cnf-features-deploy/vendor/github.com/openshift/cluster-node-tuning-operator/test/e2e/performanceprofile/functests/1_performance/performance.go:65&#xA;[It] [test_id:31748] Should have the expected name for tuned from the profile owner object&#xA;  /tmp/cnf-onBlp/cnf-features-deploy/vendor/github.com/openshift/cluster-node-tuning-operator/test/e2e/performanceprofile/functests/1_performance/performance.go:82&#xA;</system-out>
      </testcase>
      <testcase name="[rfe_id:27368][performance] Tuned CRs generated from profile [test_id:37127] Node should point to right tuned profile" classname="CNF Features e2e integration tests" time="0.26249463">
          <system-out>[BeforeEach] [rfe_id:27368][performance]&#xA;  /tmp/cnf-onBlp/cnf-features-deploy/vendor/github.com/openshift/cluster-node-tuning-operator/test/e2e/performanceprofile/functests/utils/utils.go:19&#xA;[BeforeEach] [rfe_id:27368][performance]&#xA;  /tmp/cnf-onBlp/cnf-features-deploy/vendor/github.com/openshift/cluster-node-tuning-operator/test/e2e/performanceprofile/functests/1_performance/performance.go:65&#xA;[It] [test_id:37127] Node should point to right tuned profile&#xA;  /tmp/cnf-onBlp/cnf-features-deploy/vendor/github.com/openshift/cluster-node-tuning-operator/test/e2e/performanceprofile/functests/1_performance/performance.go:109&#xA;</system-out>
      </testcase>
      <testcase name="[rfe_id:27368][performance] Pre boot tuning adjusted by tuned  [test_id:31198] Should set CPU affinity kernel argument" classname="CNF Features e2e integration tests" time="0.264181983">
          <system-out>[BeforeEach] [rfe_id:27368][performance]&#xA;  /tmp/cnf-onBlp/cnf-features-deploy/vendor/github.com/openshift/cluster-node-tuning-operator/test/e2e/performanceprofile/functests/utils/utils.go:19&#xA;[BeforeEach] [rfe_id:27368][performance]&#xA;  /tmp/cnf-onBlp/cnf-features-deploy/vendor/github.com/openshift/cluster-node-tuning-operator/test/e2e/performanceprofile/functests/1_performance/performance.go:65&#xA;[It] [test_id:31198] Should set CPU affinity kernel argument&#xA;  /tmp/cnf-onBlp/cnf-features-deploy/vendor/github.com/openshift/cluster-node-tuning-operator/test/e2e/performanceprofile/functests/1_performance/performance.go:122&#xA;Oct 28 04:15:16.140: [INFO]: found mcd machine-config-daemon-9jhl4 for node cnfdc3.clus2.t5g.lab.eng.bos.redhat.com&#xA;</system-out>
      </testcase>
      <testcase name="[rfe_id:27368][performance] Pre boot tuning adjusted by tuned  [test_id:32702] Should set CPU isolcpu&#39;s kernel argument managed_irq flag" classname="CNF Features e2e integration tests" time="0.25144184">
          <system-out>[BeforeEach] [rfe_id:27368][performance]&#xA;  /tmp/cnf-onBlp/cnf-features-deploy/vendor/github.com/openshift/cluster-node-tuning-operator/test/e2e/performanceprofile/functests/utils/utils.go:19&#xA;[BeforeEach] [rfe_id:27368][performance]&#xA;  /tmp/cnf-onBlp/cnf-features-deploy/vendor/github.com/openshift/cluster-node-tuning-operator/test/e2e/performanceprofile/functests/1_performance/performance.go:65&#xA;[It] [test_id:32702] Should set CPU isolcpu&#39;s kernel argument managed_irq flag&#xA;  /tmp/cnf-onBlp/cnf-features-deploy/vendor/github.com/openshift/cluster-node-tuning-operator/test/e2e/performanceprofile/functests/1_performance/performance.go:131&#xA;Oct 28 04:15:16.402: [INFO]: found mcd machine-config-daemon-9jhl4 for node cnfdc3.clus2.t5g.lab.eng.bos.redhat.com&#xA;</system-out>
      </testcase>
      <testcase name="[rfe_id:27368][performance] Pre boot tuning adjusted by tuned  [test_id:27081][crit:high][vendor:cnf-qe@redhat.com][level:acceptance] Should set workqueue CPU mask" classname="CNF Features e2e integration tests" time="0.627726013">
          <system-out>[BeforeEach] [rfe_id:27368][performance]&#xA;  /tmp/cnf-onBlp/cnf-features-deploy/vendor/github.com/openshift/cluster-node-tuning-operator/test/e2e/performanceprofile/functests/utils/utils.go:19&#xA;[BeforeEach] [rfe_id:27368][performance]&#xA;  /tmp/cnf-onBlp/cnf-features-deploy/vendor/github.com/openshift/cluster-node-tuning-operator/test/e2e/performanceprofile/functests/1_performance/performance.go:65&#xA;[It] [test_id:27081][crit:high][vendor:cnf-qe@redhat.com][level:acceptance] Should set workqueue CPU mask&#xA;  /tmp/cnf-onBlp/cnf-features-deploy/vendor/github.com/openshift/cluster-node-tuning-operator/test/e2e/performanceprofile/functests/1_performance/performance.go:143&#xA;�[1mSTEP�[0m: Getting tuned.non_isolcpus kernel argument on &#34;cnfdc3.clus2.t5g.lab.eng.bos.redhat.com&#34;&#xA;Oct 28 04:15:16.653: [INFO]: found mcd machine-config-daemon-9jhl4 for node cnfdc3.clus2.t5g.lab.eng.bos.redhat.com&#xA;�[1mSTEP�[0m: Getting the virtual workqueue mask (/sys/devices/virtual/workqueue/cpumask) on &#34;cnfdc3.clus2.t5g.lab.eng.bos.redhat.com&#34;&#xA;Oct 28 04:15:16.852: [INFO]: found mcd machine-config-daemon-9jhl4 for node cnfdc3.clus2.t5g.lab.eng.bos.redhat.com&#xA;Oct 28 04:15:17.016: [INFO]: workqueue virtual mask for &#34;cnfdc3.clus2.t5g.lab.eng.bos.redhat.com&#34;: &#34;00,00000000,000fffff,ffff0003&#34;&#xA;�[1mSTEP�[0m: Getting the writeback workqueue mask (/sys/bus/workqueue/devices/writeback/cpumask) on &#34;cnfdc3.clus2.t5g.lab.eng.bos.redhat.com&#34;&#xA;Oct 28 04:15:17.034: [INFO]: found mcd machine-config-daemon-9jhl4 for node cnfdc3.clus2.t5g.lab.eng.bos.redhat.com&#xA;Oct 28 04:15:17.208: [INFO]: workqueue workqueue mask for &#34;cnfdc3.clus2.t5g.lab.eng.bos.redhat.com&#34;: &#34;00,00000000,000fffff,ffff0003&#34;&#xA;</system-out>
      </testcase>
      <testcase name="[rfe_id:27368][performance] Pre boot tuning adjusted by tuned  [test_id:32375][crit:high][vendor:cnf-qe@redhat.com][level:acceptance] initramfs should not have injected configuration" classname="CNF Features e2e integration tests" time="11.697437505">
          <system-out>[BeforeEach] [rfe_id:27368][performance]&#xA;  /tmp/cnf-onBlp/cnf-features-deploy/vendor/github.com/openshift/cluster-node-tuning-operator/test/e2e/performanceprofile/functests/utils/utils.go:19&#xA;[BeforeEach] [rfe_id:27368][performance]&#xA;  /tmp/cnf-onBlp/cnf-features-deploy/vendor/github.com/openshift/cluster-node-tuning-operator/test/e2e/performanceprofile/functests/1_performance/performance.go:65&#xA;[It] [test_id:32375][crit:high][vendor:cnf-qe@redhat.com][level:acceptance] initramfs should not have injected configuration&#xA;  /tmp/cnf-onBlp/cnf-features-deploy/vendor/github.com/openshift/cluster-node-tuning-operator/test/e2e/performanceprofile/functests/1_performance/performance.go:180&#xA;Oct 28 04:15:17.280: [INFO]: found mcd machine-config-daemon-9jhl4 for node cnfdc3.clus2.t5g.lab.eng.bos.redhat.com&#xA;Oct 28 04:15:17.472: [INFO]: found mcd machine-config-daemon-9jhl4 for node cnfdc3.clus2.t5g.lab.eng.bos.redhat.com&#xA;Oct 28 04:15:17.655: [INFO]: found mcd machine-config-daemon-9jhl4 for node cnfdc3.clus2.t5g.lab.eng.bos.redhat.com&#xA;</system-out>
      </testcase>
      <testcase name="[rfe_id:27368][performance] Pre boot tuning adjusted by tuned  [test_id:35363][crit:high][vendor:cnf-qe@redhat.com][level:acceptance] stalld daemon is running on the host" classname="CNF Features e2e integration tests" time="0.291705016">
          <system-out>[BeforeEach] [rfe_id:27368][performance]&#xA;  /tmp/cnf-onBlp/cnf-features-deploy/vendor/github.com/openshift/cluster-node-tuning-operator/test/e2e/performanceprofile/functests/utils/utils.go:19&#xA;[BeforeEach] [rfe_id:27368][performance]&#xA;  /tmp/cnf-onBlp/cnf-features-deploy/vendor/github.com/openshift/cluster-node-tuning-operator/test/e2e/performanceprofile/functests/1_performance/performance.go:65&#xA;[It] [test_id:35363][crit:high][vendor:cnf-qe@redhat.com][level:acceptance] stalld daemon is running on the host&#xA;  /tmp/cnf-onBlp/cnf-features-deploy/vendor/github.com/openshift/cluster-node-tuning-operator/test/e2e/performanceprofile/functests/1_performance/performance.go:193&#xA;</system-out>
      </testcase>
      <testcase name="[rfe_id:27368][performance] Pre boot tuning adjusted by tuned  [test_id:42400][crit:medium][vendor:cnf-qe@redhat.com][level:acceptance] stalld daemon is running as sched_fifo" classname="CNF Features e2e integration tests" time="0.52792271">
          <system-out>[BeforeEach] [rfe_id:27368][performance]&#xA;  /tmp/cnf-onBlp/cnf-features-deploy/vendor/github.com/openshift/cluster-node-tuning-operator/test/e2e/performanceprofile/functests/utils/utils.go:19&#xA;[BeforeEach] [rfe_id:27368][performance]&#xA;  /tmp/cnf-onBlp/cnf-features-deploy/vendor/github.com/openshift/cluster-node-tuning-operator/test/e2e/performanceprofile/functests/1_performance/performance.go:65&#xA;[It] [test_id:42400][crit:medium][vendor:cnf-qe@redhat.com][level:acceptance] stalld daemon is running as sched_fifo&#xA;  /tmp/cnf-onBlp/cnf-features-deploy/vendor/github.com/openshift/cluster-node-tuning-operator/test/e2e/performanceprofile/functests/1_performance/performance.go:200&#xA;Oct 28 04:15:29.270: [INFO]: found mcd machine-config-daemon-9jhl4 for node cnfdc3.clus2.t5g.lab.eng.bos.redhat.com&#xA;Oct 28 04:15:29.535: [INFO]: found mcd machine-config-daemon-9jhl4 for node cnfdc3.clus2.t5g.lab.eng.bos.redhat.com&#xA;</system-out>
      </testcase>
      <testcase name="[rfe_id:27368][performance] Pre boot tuning adjusted by tuned  [test_id:42696][crit:medium][vendor:cnf-qe@redhat.com][level:acceptance] Stalld runs in higher priority than ksoftirq and rcu{c,b}" classname="CNF Features e2e integration tests" time="1.387701868">
          <system-out>[BeforeEach] [rfe_id:27368][performance]&#xA;  /tmp/cnf-onBlp/cnf-features-deploy/vendor/github.com/openshift/cluster-node-tuning-operator/test/e2e/performanceprofile/functests/utils/utils.go:19&#xA;[BeforeEach] [rfe_id:27368][performance]&#xA;  /tmp/cnf-onBlp/cnf-features-deploy/vendor/github.com/openshift/cluster-node-tuning-operator/test/e2e/performanceprofile/functests/1_performance/performance.go:65&#xA;[It] [test_id:42696][crit:medium][vendor:cnf-qe@redhat.com][level:acceptance] Stalld runs in higher priority than ksoftirq and rcu{c,b}&#xA;  /tmp/cnf-onBlp/cnf-features-deploy/vendor/github.com/openshift/cluster-node-tuning-operator/test/e2e/performanceprofile/functests/1_performance/performance.go:211&#xA;Oct 28 04:15:29.800: [INFO]: found mcd machine-config-daemon-9jhl4 for node cnfdc3.clus2.t5g.lab.eng.bos.redhat.com&#xA;Oct 28 04:15:30.038: [INFO]: found mcd machine-config-daemon-9jhl4 for node cnfdc3.clus2.t5g.lab.eng.bos.redhat.com&#xA;Oct 28 04:15:30.257: [INFO]: found mcd machine-config-daemon-9jhl4 for node cnfdc3.clus2.t5g.lab.eng.bos.redhat.com&#xA;Oct 28 04:15:30.501: [INFO]: found mcd machine-config-daemon-9jhl4 for node cnfdc3.clus2.t5g.lab.eng.bos.redhat.com&#xA;Oct 28 04:15:30.689: [INFO]: found mcd machine-config-daemon-9jhl4 for node cnfdc3.clus2.t5g.lab.eng.bos.redhat.com&#xA;Oct 28 04:15:30.936: [INFO]: found mcd machine-config-daemon-9jhl4 for node cnfdc3.clus2.t5g.lab.eng.bos.redhat.com&#xA;</system-out>
      </testcase>
      <testcase name="[rfe_id:27368][performance] Additional kernel arguments added from perfomance profile [test_id:28611][crit:high][vendor:cnf-qe@redhat.com][level:acceptance] Should set additional kernel arguments on the machine" classname="CNF Features e2e integration tests" time="0.240064176">
          <system-out>[BeforeEach] [rfe_id:27368][performance]&#xA;  /tmp/cnf-onBlp/cnf-features-deploy/vendor/github.com/openshift/cluster-node-tuning-operator/test/e2e/performanceprofile/functests/utils/utils.go:19&#xA;[BeforeEach] [rfe_id:27368][performance]&#xA;  /tmp/cnf-onBlp/cnf-features-deploy/vendor/github.com/openshift/cluster-node-tuning-operator/test/e2e/performanceprofile/functests/1_performance/performance.go:65&#xA;[It] [test_id:28611][crit:high][vendor:cnf-qe@redhat.com][level:acceptance] Should set additional kernel arguments on the machine&#xA;  /tmp/cnf-onBlp/cnf-features-deploy/vendor/github.com/openshift/cluster-node-tuning-operator/test/e2e/performanceprofile/functests/1_performance/performance.go:258&#xA;Oct 28 04:15:31.186: [INFO]: found mcd machine-config-daemon-9jhl4 for node cnfdc3.clus2.t5g.lab.eng.bos.redhat.com&#xA;</system-out>
      </testcase>
      <testcase name="[rfe_id:27368][performance] Tuned kernel parameters [test_id:28466][crit:high][vendor:cnf-qe@redhat.com][level:acceptance] Should contain configuration injected through openshift-node-performance profile" classname="CNF Features e2e integration tests" time="1.288561725">
          <system-out>[BeforeEach] [rfe_id:27368][performance]&#xA;  /tmp/cnf-onBlp/cnf-features-deploy/vendor/github.com/openshift/cluster-node-tuning-operator/test/e2e/performanceprofile/functests/utils/utils.go:19&#xA;[BeforeEach] [rfe_id:27368][performance]&#xA;  /tmp/cnf-onBlp/cnf-features-deploy/vendor/github.com/openshift/cluster-node-tuning-operator/test/e2e/performanceprofile/functests/1_performance/performance.go:65&#xA;[It] [test_id:28466][crit:high][vendor:cnf-qe@redhat.com][level:acceptance] Should contain configuration injected through openshift-node-performance profile&#xA;  /tmp/cnf-onBlp/cnf-features-deploy/vendor/github.com/openshift/cluster-node-tuning-operator/test/e2e/performanceprofile/functests/1_performance/performance.go:272&#xA;�[1mSTEP�[0m: executing the command cat /etc/tuned/active_profile inside the pod tuned-rdtr6&#xA;�[1mSTEP�[0m: executing the command &#34;sysctl -n kernel.hung_task_timeout_secs&#34;&#xA;Oct 28 04:15:31.666: [INFO]: found mcd machine-config-daemon-9jhl4 for node cnfdc3.clus2.t5g.lab.eng.bos.redhat.com&#xA;�[1mSTEP�[0m: executing the command &#34;sysctl -n kernel.nmi_watchdog&#34;&#xA;Oct 28 04:15:31.873: [INFO]: found mcd machine-config-daemon-9jhl4 for node cnfdc3.clus2.t5g.lab.eng.bos.redhat.com&#xA;�[1mSTEP�[0m: executing the command &#34;sysctl -n kernel.sched_rt_runtime_us&#34;&#xA;Oct 28 04:15:32.083: [INFO]: found mcd machine-config-daemon-9jhl4 for node cnfdc3.clus2.t5g.lab.eng.bos.redhat.com&#xA;�[1mSTEP�[0m: executing the command &#34;sysctl -n vm.stat_interval&#34;&#xA;Oct 28 04:15:32.279: [INFO]: found mcd machine-config-daemon-9jhl4 for node cnfdc3.clus2.t5g.lab.eng.bos.redhat.com&#xA;�[1mSTEP�[0m: executing the command &#34;sysctl -n kernel.timer_migration&#34;&#xA;Oct 28 04:15:32.473: [INFO]: found mcd machine-config-daemon-9jhl4 for node cnfdc3.clus2.t5g.lab.eng.bos.redhat.com&#xA;</system-out>
      </testcase>
      <testcase name="[rfe_id:27368][performance] RPS configuration Should have the correct RPS configuration" classname="CNF Features e2e integration tests" time="0.054027953">
          <system-out>[BeforeEach] [rfe_id:27368][performance]&#xA;  /tmp/cnf-onBlp/cnf-features-deploy/vendor/github.com/openshift/cluster-node-tuning-operator/test/e2e/performanceprofile/functests/utils/utils.go:19&#xA;[BeforeEach] [rfe_id:27368][performance]&#xA;  /tmp/cnf-onBlp/cnf-features-deploy/vendor/github.com/openshift/cluster-node-tuning-operator/test/e2e/performanceprofile/functests/1_performance/performance.go:65&#xA;[It] Should have the correct RPS configuration&#xA;  /tmp/cnf-onBlp/cnf-features-deploy/vendor/github.com/openshift/cluster-node-tuning-operator/test/e2e/performanceprofile/functests/1_performance/performance.go:294&#xA;</system-out>
      </testcase>
      <testcase name="[rfe_id:27368][performance] Network latency parameters adjusted by the Node Tuning Operator [test_id:28467][crit:high][vendor:cnf-qe@redhat.com][level:acceptance] Should contain configuration injected through the openshift-node-performance profile" classname="CNF Features e2e integration tests" time="1.484687515">
          <system-out>[BeforeEach] [rfe_id:27368][performance]&#xA;  /tmp/cnf-onBlp/cnf-features-deploy/vendor/github.com/openshift/cluster-node-tuning-operator/test/e2e/performanceprofile/functests/utils/utils.go:19&#xA;[BeforeEach] [rfe_id:27368][performance]&#xA;  /tmp/cnf-onBlp/cnf-features-deploy/vendor/github.com/openshift/cluster-node-tuning-operator/test/e2e/performanceprofile/functests/1_performance/performance.go:65&#xA;[It] [test_id:28467][crit:high][vendor:cnf-qe@redhat.com][level:acceptance] Should contain configuration injected through the openshift-node-performance profile&#xA;  /tmp/cnf-onBlp/cnf-features-deploy/vendor/github.com/openshift/cluster-node-tuning-operator/test/e2e/performanceprofile/functests/1_performance/performance.go:363&#xA;�[1mSTEP�[0m: executing the command cat /etc/tuned/active_profile inside the pod tuned-rdtr6&#xA;�[1mSTEP�[0m: executing the command &#34;sysctl -n vm.dirty_ratio&#34;&#xA;Oct 28 04:15:33.003: [INFO]: found mcd machine-config-daemon-9jhl4 for node cnfdc3.clus2.t5g.lab.eng.bos.redhat.com&#xA;�[1mSTEP�[0m: executing the command &#34;sysctl -n vm.dirty_background_ratio&#34;&#xA;Oct 28 04:15:33.204: [INFO]: found mcd machine-config-daemon-9jhl4 for node cnfdc3.clus2.t5g.lab.eng.bos.redhat.com&#xA;�[1mSTEP�[0m: executing the command &#34;sysctl -n vm.swappiness&#34;&#xA;Oct 28 04:15:33.395: [INFO]: found mcd machine-config-daemon-9jhl4 for node cnfdc3.clus2.t5g.lab.eng.bos.redhat.com&#xA;�[1mSTEP�[0m: executing the command &#34;sysctl -n kernel.sched_migration_cost_ns&#34;&#xA;Oct 28 04:15:33.614: [INFO]: found mcd machine-config-daemon-9jhl4 for node cnfdc3.clus2.t5g.lab.eng.bos.redhat.com&#xA;�[1mSTEP�[0m: executing the command &#34;sysctl -n net.ipv4.tcp_fastopen&#34;&#xA;Oct 28 04:15:33.808: [INFO]: found mcd machine-config-daemon-9jhl4 for node cnfdc3.clus2.t5g.lab.eng.bos.redhat.com&#xA;�[1mSTEP�[0m: executing the command &#34;sysctl -n kernel.sched_min_granularity_ns&#34;&#xA;Oct 28 04:15:33.997: [INFO]: found mcd machine-config-daemon-9jhl4 for node cnfdc3.clus2.t5g.lab.eng.bos.redhat.com&#xA;</system-out>
      </testcase>
      <testcase name="[rfe_id:27368][performance] KubeletConfig experimental annotation should override system-reserved memory" classname="CNF Features e2e integration tests" time="10.24486104">
          <system-out>[BeforeEach] [rfe_id:27368][performance]&#xA;  /tmp/cnf-onBlp/cnf-features-deploy/vendor/github.com/openshift/cluster-node-tuning-operator/test/e2e/performanceprofile/functests/utils/utils.go:19&#xA;[BeforeEach] [rfe_id:27368][performance]&#xA;  /tmp/cnf-onBlp/cnf-features-deploy/vendor/github.com/openshift/cluster-node-tuning-operator/test/e2e/performanceprofile/functests/1_performance/performance.go:65&#xA;[BeforeEach] KubeletConfig experimental annotation&#xA;  /tmp/cnf-onBlp/cnf-features-deploy/vendor/github.com/openshift/cluster-node-tuning-operator/test/e2e/performanceprofile/functests/1_performance/performance.go:389&#xA;[It] should override system-reserved memory&#xA;  /tmp/cnf-onBlp/cnf-features-deploy/vendor/github.com/openshift/cluster-node-tuning-operator/test/e2e/performanceprofile/functests/1_performance/performance.go:445&#xA;�[1mSTEP�[0m: Getting that new KubeletConfig&#xA;Oct 28 04:15:34.324: [INFO]: Getting performance-test-annotation failed, retrying: kubeletconfigs.machineconfiguration.openshift.io &#34;performance-test-annotation&#34; not found&#xA;[AfterEach] KubeletConfig experimental annotation&#xA;  /tmp/cnf-onBlp/cnf-features-deploy/vendor/github.com/openshift/cluster-node-tuning-operator/test/e2e/performanceprofile/functests/1_performance/performance.go:468&#xA;</system-out>
      </testcase>
      <testcase name="[rfe_id:27368][performance] Create second performance profiles on a cluster [test_id:32364] Verifies that cluster can have multiple profiles" classname="CNF Features e2e integration tests" time="71.476155741">
          <system-out>[BeforeEach] [rfe_id:27368][performance]&#xA;  /tmp/cnf-onBlp/cnf-features-deploy/vendor/github.com/openshift/cluster-node-tuning-operator/test/e2e/performanceprofile/functests/utils/utils.go:19&#xA;[BeforeEach] [rfe_id:27368][performance]&#xA;  /tmp/cnf-onBlp/cnf-features-deploy/vendor/github.com/openshift/cluster-node-tuning-operator/test/e2e/performanceprofile/functests/1_performance/performance.go:65&#xA;[BeforeEach] Create second performance profiles on a cluster&#xA;  /tmp/cnf-onBlp/cnf-features-deploy/vendor/github.com/openshift/cluster-node-tuning-operator/test/e2e/performanceprofile/functests/1_performance/performance.go:488&#xA;[It] [test_id:32364] Verifies that cluster can have multiple profiles&#xA;  /tmp/cnf-onBlp/cnf-features-deploy/vendor/github.com/openshift/cluster-node-tuning-operator/test/e2e/performanceprofile/functests/1_performance/performance.go:557&#xA;�[1mSTEP�[0m: Checking that new KubeletConfig, MachineConfig and RuntimeClass created&#xA;Oct 28 04:15:44.538: [INFO]: Getting performance-second-profile failed, retrying: kubeletconfigs.machineconfiguration.openshift.io &#34;performance-second-profile&#34; not found&#xA;�[1mSTEP�[0m: Checking that new Tuned profile created&#xA;�[1mSTEP�[0m: Checking that the initial MCP does not start updating&#xA;�[1mSTEP�[0m: Remove second profile and verify that KubeletConfig and MachineConfig were removed&#xA;�[1mSTEP�[0m: Checking that initial KubeletConfig and MachineConfig still exist&#xA;[AfterEach] Create second performance profiles on a cluster&#xA;  /tmp/cnf-onBlp/cnf-features-deploy/vendor/github.com/openshift/cluster-node-tuning-operator/test/e2e/performanceprofile/functests/1_performance/performance.go:543&#xA;</system-out>
      </testcase>
      <testcase name="[rfe_id:27368][performance] Verify API Conversions  when the GloballyDisableIrqLoadBalancing field set to false should preserve the value during the v1 &lt;-&gt; v2 conversion" classname="CNF Features e2e integration tests" time="0.310143389">
          <system-out>[BeforeEach] [rfe_id:27368][performance]&#xA;  /tmp/cnf-onBlp/cnf-features-deploy/vendor/github.com/openshift/cluster-node-tuning-operator/test/e2e/performanceprofile/functests/utils/utils.go:19&#xA;[BeforeEach] [rfe_id:27368][performance]&#xA;  /tmp/cnf-onBlp/cnf-features-deploy/vendor/github.com/openshift/cluster-node-tuning-operator/test/e2e/performanceprofile/functests/1_performance/performance.go:65&#xA;[BeforeEach] when the GloballyDisableIrqLoadBalancing field set to false&#xA;  /tmp/cnf-onBlp/cnf-features-deploy/vendor/github.com/openshift/cluster-node-tuning-operator/test/e2e/performanceprofile/functests/1_performance/performance.go:754&#xA;[JustBeforeEach] &#xA;  /tmp/cnf-onBlp/cnf-features-deploy/vendor/github.com/openshift/cluster-node-tuning-operator/test/e2e/performanceprofile/functests/1_performance/performance.go:726&#xA;[It] should preserve the value during the v1 &lt;-&gt; v2 conversion&#xA;  /tmp/cnf-onBlp/cnf-features-deploy/vendor/github.com/openshift/cluster-node-tuning-operator/test/e2e/performanceprofile/functests/1_performance/performance.go:759&#xA;�[1mSTEP�[0m: Checking v2 -&gt; v1 conversion&#xA;�[1mSTEP�[0m: Checking v1 -&gt; v2 conversion&#xA;[AfterEach] &#xA;  /tmp/cnf-onBlp/cnf-features-deploy/vendor/github.com/openshift/cluster-node-tuning-operator/test/e2e/performanceprofile/functests/1_performance/performance.go:775&#xA;</system-out>
      </testcase>
      <testcase name="[rfe_id:27368][performance] Verify API Conversions  when the GloballyDisableIrqLoadBalancing field set to true should preserve the value during the v1 &lt;-&gt; v2 conversion" classname="CNF Features e2e integration tests" time="0.282417095">
          <system-out>[BeforeEach] [rfe_id:27368][performance]&#xA;  /tmp/cnf-onBlp/cnf-features-deploy/vendor/github.com/openshift/cluster-node-tuning-operator/test/e2e/performanceprofile/functests/utils/utils.go:19&#xA;[BeforeEach] [rfe_id:27368][performance]&#xA;  /tmp/cnf-onBlp/cnf-features-deploy/vendor/github.com/openshift/cluster-node-tuning-operator/test/e2e/performanceprofile/functests/1_performance/performance.go:65&#xA;[BeforeEach] when the GloballyDisableIrqLoadBalancing field set to true&#xA;  /tmp/cnf-onBlp/cnf-features-deploy/vendor/github.com/openshift/cluster-node-tuning-operator/test/e2e/performanceprofile/functests/1_performance/performance.go:765&#xA;[JustBeforeEach] &#xA;  /tmp/cnf-onBlp/cnf-features-deploy/vendor/github.com/openshift/cluster-node-tuning-operator/test/e2e/performanceprofile/functests/1_performance/performance.go:726&#xA;[It] should preserve the value during the v1 &lt;-&gt; v2 conversion&#xA;  /tmp/cnf-onBlp/cnf-features-deploy/vendor/github.com/openshift/cluster-node-tuning-operator/test/e2e/performanceprofile/functests/1_performance/performance.go:770&#xA;�[1mSTEP�[0m: Checking v2 -&gt; v1 conversion&#xA;�[1mSTEP�[0m: Checking v1 -&gt; v2 conversion&#xA;[AfterEach] &#xA;  /tmp/cnf-onBlp/cnf-features-deploy/vendor/github.com/openshift/cluster-node-tuning-operator/test/e2e/performanceprofile/functests/1_performance/performance.go:775&#xA;</system-out>
      </testcase>
      <testcase name="[rfe_id:27368][performance] Verify API Conversions when the performance profile does not contain NUMA field Verifies v1 &lt;-&gt; v1alpha1 conversions" classname="CNF Features e2e integration tests" time="0.280055533">
          <system-out>[BeforeEach] [rfe_id:27368][performance]&#xA;  /tmp/cnf-onBlp/cnf-features-deploy/vendor/github.com/openshift/cluster-node-tuning-operator/test/e2e/performanceprofile/functests/utils/utils.go:19&#xA;[BeforeEach] [rfe_id:27368][performance]&#xA;  /tmp/cnf-onBlp/cnf-features-deploy/vendor/github.com/openshift/cluster-node-tuning-operator/test/e2e/performanceprofile/functests/1_performance/performance.go:65&#xA;[BeforeEach] when the performance profile does not contain NUMA field&#xA;  /tmp/cnf-onBlp/cnf-features-deploy/vendor/github.com/openshift/cluster-node-tuning-operator/test/e2e/performanceprofile/functests/1_performance/performance.go:786&#xA;[It] Verifies v1 &lt;-&gt; v1alpha1 conversions&#xA;  /tmp/cnf-onBlp/cnf-features-deploy/vendor/github.com/openshift/cluster-node-tuning-operator/test/e2e/performanceprofile/functests/1_performance/performance.go:813&#xA;�[1mSTEP�[0m: Acquiring the tests profile as a v1 profile&#xA;�[1mSTEP�[0m: Checking v1 -&gt; v1alpha1 conversion&#xA;�[1mSTEP�[0m: Checking v1alpha1 -&gt; v1 conversion&#xA;[AfterEach] when the performance profile does not contain NUMA field&#xA;  /tmp/cnf-onBlp/cnf-features-deploy/vendor/github.com/openshift/cluster-node-tuning-operator/test/e2e/performanceprofile/functests/1_performance/performance.go:805&#xA;</system-out>
      </testcase>
      <testcase name="[rfe_id:27368][performance] Verify API Conversions when the performance profile does not contain NUMA field Verifies v1 &lt;-&gt; v2 conversions" classname="CNF Features e2e integration tests" time="0.273463581">
          <system-out>[BeforeEach] [rfe_id:27368][performance]&#xA;  /tmp/cnf-onBlp/cnf-features-deploy/vendor/github.com/openshift/cluster-node-tuning-operator/test/e2e/performanceprofile/functests/utils/utils.go:19&#xA;[BeforeEach] [rfe_id:27368][performance]&#xA;  /tmp/cnf-onBlp/cnf-features-deploy/vendor/github.com/openshift/cluster-node-tuning-operator/test/e2e/performanceprofile/functests/1_performance/performance.go:65&#xA;[BeforeEach] when the performance profile does not contain NUMA field&#xA;  /tmp/cnf-onBlp/cnf-features-deploy/vendor/github.com/openshift/cluster-node-tuning-operator/test/e2e/performanceprofile/functests/1_performance/performance.go:786&#xA;[It] Verifies v1 &lt;-&gt; v2 conversions&#xA;  /tmp/cnf-onBlp/cnf-features-deploy/vendor/github.com/openshift/cluster-node-tuning-operator/test/e2e/performanceprofile/functests/1_performance/performance.go:817&#xA;�[1mSTEP�[0m: Checking v2 -&gt; v1 conversion&#xA;�[1mSTEP�[0m: Checking v1 -&gt; v2 conversion&#xA;[AfterEach] when the performance profile does not contain NUMA field&#xA;  /tmp/cnf-onBlp/cnf-features-deploy/vendor/github.com/openshift/cluster-node-tuning-operator/test/e2e/performanceprofile/functests/1_performance/performance.go:805&#xA;</system-out>
      </testcase>
      <testcase name="[rfe_id:27368][performance] Verify API Conversions [test_id:35887] Verifies v1 &lt;-&gt; v1alpha1 conversions" classname="CNF Features e2e integration tests" time="0.193646191">
          <system-out>[BeforeEach] [rfe_id:27368][performance]&#xA;  /tmp/cnf-onBlp/cnf-features-deploy/vendor/github.com/openshift/cluster-node-tuning-operator/test/e2e/performanceprofile/functests/utils/utils.go:19&#xA;[BeforeEach] [rfe_id:27368][performance]&#xA;  /tmp/cnf-onBlp/cnf-features-deploy/vendor/github.com/openshift/cluster-node-tuning-operator/test/e2e/performanceprofile/functests/1_performance/performance.go:65&#xA;[It] [test_id:35887] Verifies v1 &lt;-&gt; v1alpha1 conversions&#xA;  /tmp/cnf-onBlp/cnf-features-deploy/vendor/github.com/openshift/cluster-node-tuning-operator/test/e2e/performanceprofile/functests/1_performance/performance.go:822&#xA;�[1mSTEP�[0m: Acquiring the tests profile as a v1 profile&#xA;�[1mSTEP�[0m: Checking v1 -&gt; v1alpha1 conversion&#xA;�[1mSTEP�[0m: Checking v1alpha1 -&gt; v1 conversion&#xA;</system-out>
      </testcase>
      <testcase name="[rfe_id:27368][performance] Verify API Conversions [test_id:35888] Verifies v1 &lt;-&gt; v2 conversions" classname="CNF Features e2e integration tests" time="0.184199693">
          <system-out>[BeforeEach] [rfe_id:27368][performance]&#xA;  /tmp/cnf-onBlp/cnf-features-deploy/vendor/github.com/openshift/cluster-node-tuning-operator/test/e2e/performanceprofile/functests/utils/utils.go:19&#xA;[BeforeEach] [rfe_id:27368][performance]&#xA;  /tmp/cnf-onBlp/cnf-features-deploy/vendor/github.com/openshift/cluster-node-tuning-operator/test/e2e/performanceprofile/functests/1_performance/performance.go:65&#xA;[It] [test_id:35888] Verifies v1 &lt;-&gt; v2 conversions&#xA;  /tmp/cnf-onBlp/cnf-features-deploy/vendor/github.com/openshift/cluster-node-tuning-operator/test/e2e/performanceprofile/functests/1_performance/performance.go:826&#xA;�[1mSTEP�[0m: Checking v2 -&gt; v1 conversion&#xA;�[1mSTEP�[0m: Checking v1 -&gt; v2 conversion&#xA;</system-out>
      </testcase>
      <testcase name="[rfe_id:27368][performance] Validation webhook with API version v1alpha1 profile should reject the creation of the profile with overlapping CPUs" classname="CNF Features e2e integration tests" time="0.072680094">
          <system-out>[BeforeEach] [rfe_id:27368][performance]&#xA;  /tmp/cnf-onBlp/cnf-features-deploy/vendor/github.com/openshift/cluster-node-tuning-operator/test/e2e/performanceprofile/functests/utils/utils.go:19&#xA;[BeforeEach] [rfe_id:27368][performance]&#xA;  /tmp/cnf-onBlp/cnf-features-deploy/vendor/github.com/openshift/cluster-node-tuning-operator/test/e2e/performanceprofile/functests/1_performance/performance.go:65&#xA;[BeforeEach] Validation webhook&#xA;  /tmp/cnf-onBlp/cnf-features-deploy/vendor/github.com/openshift/cluster-node-tuning-operator/test/e2e/performanceprofile/functests/1_performance/performance.go:832&#xA;[BeforeEach] with API version v1alpha1 profile&#xA;  /tmp/cnf-onBlp/cnf-features-deploy/vendor/github.com/openshift/cluster-node-tuning-operator/test/e2e/performanceprofile/functests/1_performance/performance.go:847&#xA;[It] should reject the creation of the profile with overlapping CPUs&#xA;  /tmp/cnf-onBlp/cnf-features-deploy/vendor/github.com/openshift/cluster-node-tuning-operator/test/e2e/performanceprofile/functests/1_performance/performance.go:868&#xA;</system-out>
      </testcase>
      <testcase name="[rfe_id:27368][performance] Validation webhook with API version v1alpha1 profile should reject the creation of the profile with no isolated CPUs" classname="CNF Features e2e integration tests" time="0.074352687">
          <system-out>[BeforeEach] [rfe_id:27368][performance]&#xA;  /tmp/cnf-onBlp/cnf-features-deploy/vendor/github.com/openshift/cluster-node-tuning-operator/test/e2e/performanceprofile/functests/utils/utils.go:19&#xA;[BeforeEach] [rfe_id:27368][performance]&#xA;  /tmp/cnf-onBlp/cnf-features-deploy/vendor/github.com/openshift/cluster-node-tuning-operator/test/e2e/performanceprofile/functests/1_performance/performance.go:65&#xA;[BeforeEach] Validation webhook&#xA;  /tmp/cnf-onBlp/cnf-features-deploy/vendor/github.com/openshift/cluster-node-tuning-operator/test/e2e/performanceprofile/functests/1_performance/performance.go:832&#xA;[BeforeEach] with API version v1alpha1 profile&#xA;  /tmp/cnf-onBlp/cnf-features-deploy/vendor/github.com/openshift/cluster-node-tuning-operator/test/e2e/performanceprofile/functests/1_performance/performance.go:847&#xA;[It] should reject the creation of the profile with no isolated CPUs&#xA;  /tmp/cnf-onBlp/cnf-features-deploy/vendor/github.com/openshift/cluster-node-tuning-operator/test/e2e/performanceprofile/functests/1_performance/performance.go:879&#xA;</system-out>
      </testcase>
      <testcase name="[rfe_id:27368][performance] Validation webhook with API version v1alpha1 profile should reject the creation of the profile with the node selector that already in use" classname="CNF Features e2e integration tests" time="0.073068298">
          <system-out>[BeforeEach] [rfe_id:27368][performance]&#xA;  /tmp/cnf-onBlp/cnf-features-deploy/vendor/github.com/openshift/cluster-node-tuning-operator/test/e2e/performanceprofile/functests/utils/utils.go:19&#xA;[BeforeEach] [rfe_id:27368][performance]&#xA;  /tmp/cnf-onBlp/cnf-features-deploy/vendor/github.com/openshift/cluster-node-tuning-operator/test/e2e/performanceprofile/functests/1_performance/performance.go:65&#xA;[BeforeEach] Validation webhook&#xA;  /tmp/cnf-onBlp/cnf-features-deploy/vendor/github.com/openshift/cluster-node-tuning-operator/test/e2e/performanceprofile/functests/1_performance/performance.go:832&#xA;[BeforeEach] with API version v1alpha1 profile&#xA;  /tmp/cnf-onBlp/cnf-features-deploy/vendor/github.com/openshift/cluster-node-tuning-operator/test/e2e/performanceprofile/functests/1_performance/performance.go:847&#xA;[It] should reject the creation of the profile with the node selector that already in use&#xA;  /tmp/cnf-onBlp/cnf-features-deploy/vendor/github.com/openshift/cluster-node-tuning-operator/test/e2e/performanceprofile/functests/1_performance/performance.go:890&#xA;</system-out>
      </testcase>
      <testcase name="[rfe_id:27368][performance] Validation webhook with API version v1 profile should reject the creation of the profile with overlapping CPUs" classname="CNF Features e2e integration tests" time="0.072019155">
          <system-out>[BeforeEach] [rfe_id:27368][performance]&#xA;  /tmp/cnf-onBlp/cnf-features-deploy/vendor/github.com/openshift/cluster-node-tuning-operator/test/e2e/performanceprofile/functests/utils/utils.go:19&#xA;[BeforeEach] [rfe_id:27368][performance]&#xA;  /tmp/cnf-onBlp/cnf-features-deploy/vendor/github.com/openshift/cluster-node-tuning-operator/test/e2e/performanceprofile/functests/1_performance/performance.go:65&#xA;[BeforeEach] Validation webhook&#xA;  /tmp/cnf-onBlp/cnf-features-deploy/vendor/github.com/openshift/cluster-node-tuning-operator/test/e2e/performanceprofile/functests/1_performance/performance.go:832&#xA;[BeforeEach] with API version v1 profile&#xA;  /tmp/cnf-onBlp/cnf-features-deploy/vendor/github.com/openshift/cluster-node-tuning-operator/test/e2e/performanceprofile/functests/1_performance/performance.go:906&#xA;[It] should reject the creation of the profile with overlapping CPUs&#xA;  /tmp/cnf-onBlp/cnf-features-deploy/vendor/github.com/openshift/cluster-node-tuning-operator/test/e2e/performanceprofile/functests/1_performance/performance.go:927&#xA;</system-out>
      </testcase>
      <testcase name="[rfe_id:27368][performance] Validation webhook with API version v1 profile should reject the creation of the profile with no isolated CPUs" classname="CNF Features e2e integration tests" time="0.074305826">
          <system-out>[BeforeEach] [rfe_id:27368][performance]&#xA;  /tmp/cnf-onBlp/cnf-features-deploy/vendor/github.com/openshift/cluster-node-tuning-operator/test/e2e/performanceprofile/functests/utils/utils.go:19&#xA;[BeforeEach] [rfe_id:27368][performance]&#xA;  /tmp/cnf-onBlp/cnf-features-deploy/vendor/github.com/openshift/cluster-node-tuning-operator/test/e2e/performanceprofile/functests/1_performance/performance.go:65&#xA;[BeforeEach] Validation webhook&#xA;  /tmp/cnf-onBlp/cnf-features-deploy/vendor/github.com/openshift/cluster-node-tuning-operator/test/e2e/performanceprofile/functests/1_performance/performance.go:832&#xA;[BeforeEach] with API version v1 profile&#xA;  /tmp/cnf-onBlp/cnf-features-deploy/vendor/github.com/openshift/cluster-node-tuning-operator/test/e2e/performanceprofile/functests/1_performance/performance.go:906&#xA;[It] should reject the creation of the profile with no isolated CPUs&#xA;  /tmp/cnf-onBlp/cnf-features-deploy/vendor/github.com/openshift/cluster-node-tuning-operator/test/e2e/performanceprofile/functests/1_performance/performance.go:938&#xA;</system-out>
      </testcase>
      <testcase name="[rfe_id:27368][performance] Validation webhook with API version v1 profile should reject the creation of the profile with the node selector that already in use" classname="CNF Features e2e integration tests" time="0.075723005">
          <system-out>[BeforeEach] [rfe_id:27368][performance]&#xA;  /tmp/cnf-onBlp/cnf-features-deploy/vendor/github.com/openshift/cluster-node-tuning-operator/test/e2e/performanceprofile/functests/utils/utils.go:19&#xA;[BeforeEach] [rfe_id:27368][performance]&#xA;  /tmp/cnf-onBlp/cnf-features-deploy/vendor/github.com/openshift/cluster-node-tuning-operator/test/e2e/performanceprofile/functests/1_performance/performance.go:65&#xA;[BeforeEach] Validation webhook&#xA;  /tmp/cnf-onBlp/cnf-features-deploy/vendor/github.com/openshift/cluster-node-tuning-operator/test/e2e/performanceprofile/functests/1_performance/performance.go:832&#xA;[BeforeEach] with API version v1 profile&#xA;  /tmp/cnf-onBlp/cnf-features-deploy/vendor/github.com/openshift/cluster-node-tuning-operator/test/e2e/performanceprofile/functests/1_performance/performance.go:906&#xA;[It] should reject the creation of the profile with the node selector that already in use&#xA;  /tmp/cnf-onBlp/cnf-features-deploy/vendor/github.com/openshift/cluster-node-tuning-operator/test/e2e/performanceprofile/functests/1_performance/performance.go:949&#xA;</system-out>
      </testcase>
      <testcase name="[rfe_id:27368][performance] Validation webhook with profile version v2 should reject the creation of the profile with overlapping CPUs" classname="CNF Features e2e integration tests" time="0.072657594">
          <system-out>[BeforeEach] [rfe_id:27368][performance]&#xA;  /tmp/cnf-onBlp/cnf-features-deploy/vendor/github.com/openshift/cluster-node-tuning-operator/test/e2e/performanceprofile/functests/utils/utils.go:19&#xA;[BeforeEach] [rfe_id:27368][performance]&#xA;  /tmp/cnf-onBlp/cnf-features-deploy/vendor/github.com/openshift/cluster-node-tuning-operator/test/e2e/performanceprofile/functests/1_performance/performance.go:65&#xA;[BeforeEach] Validation webhook&#xA;  /tmp/cnf-onBlp/cnf-features-deploy/vendor/github.com/openshift/cluster-node-tuning-operator/test/e2e/performanceprofile/functests/1_performance/performance.go:832&#xA;[BeforeEach] with profile version v2&#xA;  /tmp/cnf-onBlp/cnf-features-deploy/vendor/github.com/openshift/cluster-node-tuning-operator/test/e2e/performanceprofile/functests/1_performance/performance.go:965&#xA;[It] should reject the creation of the profile with overlapping CPUs&#xA;  /tmp/cnf-onBlp/cnf-features-deploy/vendor/github.com/openshift/cluster-node-tuning-operator/test/e2e/performanceprofile/functests/1_performance/performance.go:986&#xA;</system-out>
      </testcase>
      <testcase name="[rfe_id:27368][performance] Validation webhook with profile version v2 should reject the creation of the profile with no isolated CPUs" classname="CNF Features e2e integration tests" time="0.071727161">
          <system-out>[BeforeEach] [rfe_id:27368][performance]&#xA;  /tmp/cnf-onBlp/cnf-features-deploy/vendor/github.com/openshift/cluster-node-tuning-operator/test/e2e/performanceprofile/functests/utils/utils.go:19&#xA;[BeforeEach] [rfe_id:27368][performance]&#xA;  /tmp/cnf-onBlp/cnf-features-deploy/vendor/github.com/openshift/cluster-node-tuning-operator/test/e2e/performanceprofile/functests/1_performance/performance.go:65&#xA;[BeforeEach] Validation webhook&#xA;  /tmp/cnf-onBlp/cnf-features-deploy/vendor/github.com/openshift/cluster-node-tuning-operator/test/e2e/performanceprofile/functests/1_performance/performance.go:832&#xA;[BeforeEach] with profile version v2&#xA;  /tmp/cnf-onBlp/cnf-features-deploy/vendor/github.com/openshift/cluster-node-tuning-operator/test/e2e/performanceprofile/functests/1_performance/performance.go:965&#xA;[It] should reject the creation of the profile with no isolated CPUs&#xA;  /tmp/cnf-onBlp/cnf-features-deploy/vendor/github.com/openshift/cluster-node-tuning-operator/test/e2e/performanceprofile/functests/1_performance/performance.go:997&#xA;</system-out>
      </testcase>
      <testcase name="[rfe_id:27368][performance] Validation webhook with profile version v2 should reject the creation of the profile with the node selector that already in use" classname="CNF Features e2e integration tests" time="0.073547106">
          <system-out>[BeforeEach] [rfe_id:27368][performance]&#xA;  /tmp/cnf-onBlp/cnf-features-deploy/vendor/github.com/openshift/cluster-node-tuning-operator/test/e2e/performanceprofile/functests/utils/utils.go:19&#xA;[BeforeEach] [rfe_id:27368][performance]&#xA;  /tmp/cnf-onBlp/cnf-features-deploy/vendor/github.com/openshift/cluster-node-tuning-operator/test/e2e/performanceprofile/functests/1_performance/performance.go:65&#xA;[BeforeEach] Validation webhook&#xA;  /tmp/cnf-onBlp/cnf-features-deploy/vendor/github.com/openshift/cluster-node-tuning-operator/test/e2e/performanceprofile/functests/1_performance/performance.go:832&#xA;[BeforeEach] with profile version v2&#xA;  /tmp/cnf-onBlp/cnf-features-deploy/vendor/github.com/openshift/cluster-node-tuning-operator/test/e2e/performanceprofile/functests/1_performance/performance.go:965&#xA;[It] should reject the creation of the profile with the node selector that already in use&#xA;  /tmp/cnf-onBlp/cnf-features-deploy/vendor/github.com/openshift/cluster-node-tuning-operator/test/e2e/performanceprofile/functests/1_performance/performance.go:1008&#xA;</system-out>
      </testcase>
      <testcase name="metallb MetalLB deploy should have MetalLB pods in running state" classname="CNF Features e2e integration tests" time="0">
          <skipped></skipped>
      </testcase>
      <testcase name="metallb MetalLB contains incorrect data MetalLB has incorrect name should not be reconciled" classname="CNF Features e2e integration tests" time="0">
          <skipped></skipped>
      </testcase>
      <testcase name="metallb MetalLB contains incorrect data Correct and incorrect MetalLB resources coexist should have correct statuses" classname="CNF Features e2e integration tests" time="0">
          <skipped></skipped>
      </testcase>
      <testcase name="[serial][disruptive][scheduler] numaresources workload unschedulable with no suitable node [test_id:47617][tier2][unsched] workload requests guaranteed pod resources available on one node but not on a single numa" classname="CNF Features e2e integration tests" time="0">
          <skipped></skipped>
      </testcase>
      <testcase name="[serial][disruptive][scheduler] numaresources workload unschedulable with no suitable node [test_id:48963][tier2][unsched] a deployment with a guaranteed pod resources available on one node but not on a single numa" classname="CNF Features e2e integration tests" time="0">
          <skipped></skipped>
      </testcase>
      <testcase name="[serial][disruptive][scheduler] numaresources workload unschedulable with no suitable node [test_id:48962][tier2][unsched] a daemonset with a guaranteed pod resources available on one node but not on a single numa" classname="CNF Features e2e integration tests" time="0">
          <skipped></skipped>
      </testcase>
      <testcase name="[serial][disruptive][scheduler] numaresources workload unschedulable with at least two nodes with two numa zones and enough resources in one numazone [test_id:47592][tier2][unsched] a daemonset with a guaranteed pod resources available on one node/one single numa zone but not in any other node" classname="CNF Features e2e integration tests" time="0">
          <skipped></skipped>
      </testcase>
      <testcase name="[serial][disruptive][scheduler] numaresources workload unschedulable with at least one node [test_id:47616][tier2][tmscope:pod] pod with two containers each on one numa zone can NOT be scheduled" classname="CNF Features e2e integration tests" time="0">
          <skipped></skipped>
      </testcase>
      <testcase name="[serial][disruptive][scheduler] numaresources workload unschedulable with zero suitable nodes [test_id:47615][tier2][unsched] a deployment with multiple guaranteed pods resources that doesn&#39;t fit at the NUMA level" classname="CNF Features e2e integration tests" time="0">
          <skipped></skipped>
      </testcase>
      <testcase name="[serial][disruptive][scheduler] numaresources scheduler removal on a live cluster when removing the topology aware scheduler from a live cluster [case:1][test_id:47593][tier1] should keep existing workloads running" classname="CNF Features e2e integration tests" time="0">
          <skipped></skipped>
      </testcase>
      <testcase name="[serial][disruptive][scheduler] numaresources scheduler removal on a live cluster when removing the topology aware scheduler from a live cluster [case:2][test_id:49093][tier1] should keep new scheduled workloads pending" classname="CNF Features e2e integration tests" time="0">
          <skipped></skipped>
      </testcase>
      <testcase name="[ptp] Test Offset PTP configuration verifications PTP time diff between Grandmaster and Slave should be in range -100ms and 100ms" classname="CNF Features e2e integration tests" time="0">
          <skipped></skipped>
      </testcase>
      <testcase name="[ptp] PTP socket sharing between pods Negative - run pmc in a new unprivileged pod on the slave node Should not be able to use the uds" classname="CNF Features e2e integration tests" time="0">
          <skipped></skipped>
      </testcase>
      <testcase name="[ptp] PTP socket sharing between pods Run pmc in a new pod on the slave node Should be able to sync using a uds" classname="CNF Features e2e integration tests" time="0">
          <skipped></skipped>
      </testcase>
      <testcase name="[ptp] prometheus Metrics reported by PTP pods Should all be reported by prometheus" classname="CNF Features e2e integration tests" time="0">
          <skipped></skipped>
      </testcase>
      <testcase name="[sriov] VRF integration  Integration: SRIOV, IPAM: static, Interfaces: 1, Scheme: 2 Pods 2 VRFs OCP Primary network overlap {&#34;IPStack&#34;:&#34;ipv4&#34;}" classname="CNF Features e2e integration tests" time="0">
          <skipped></skipped>
      </testcase>
      <testcase name="[xt_u32] Negative - xt_u32 disabled Should NOT create an iptable rule" classname="CNF Features e2e integration tests" time="0">
          <skipped></skipped>
      </testcase>
      <testcase name="[xt_u32] Validate the module is enabled and works Should create an iptables rule inside a pod that has the module enabled" classname="CNF Features e2e integration tests" time="0">
          <skipped></skipped>
      </testcase>
      <testcase name="[s2i] VFS allocated for l2fw application Validate the build Should forward and receive packets from a pod running l2fw application base on a image created by building config" classname="CNF Features e2e integration tests" time="0">
          <skipped></skipped>
      </testcase>
      <testcase name="[s2i] restoring configuration should restore the cluster to the original status" classname="CNF Features e2e integration tests" time="0">
          <skipped></skipped>
      </testcase>
      <testcase name="[sro] Build source out of tree driver for SRO using Should have the source driver image as imageStream" classname="CNF Features e2e integration tests" time="0">
          <skipped></skipped>
      </testcase>
      <testcase name="[sro] Apply the chart as a configmap for SRO to use should exist in the configmap object" classname="CNF Features e2e integration tests" time="0">
          <skipped></skipped>
      </testcase>
      <testcase name="[sro] Apply the special resource CR to build the OOT driver should have a oot driver imagestream built" classname="CNF Features e2e integration tests" time="0">
          <skipped></skipped>
      </testcase>
      <testcase name="[sro] Apply the special resource CR to build the OOT driver should have the driver built inside the container" classname="CNF Features e2e integration tests" time="0">
          <skipped></skipped>
      </testcase>
      <testcase name="[ovs_qos] ovs_qos_egress validate egress QoS limitation Validate MCO applied egress MachineConfig on the relevant nodes" classname="CNF Features e2e integration tests" time="0">
          <skipped></skipped>
      </testcase>
      <testcase name="[ovs_qos] ovs_qos_egress validate egress QoS limitation Test limitations are correctly applied {&#34;Connectivity&#34;:&#34;SDN Pod to SDN Pod&#34;}" classname="CNF Features e2e integration tests" time="0">
          <skipped></skipped>
      </testcase>
      <testcase name="[ovs_qos] ovs_qos_egress validate egress QoS limitation Test limitations are correctly applied {&#34;Connectivity&#34;:&#34;Host Pod to SDN Pod&#34;}" classname="CNF Features e2e integration tests" time="0">
          <skipped></skipped>
      </testcase>
      <testcase name="[ovs_qos] ovs_qos_egress validate egress QoS limitation Test limitations are correctly applied {&#34;Connectivity&#34;:&#34;Host Pod to Host Pod&#34;}" classname="CNF Features e2e integration tests" time="0">
          <skipped></skipped>
      </testcase>
      <testcase name="[ovs_qos] ovs_qos_egress validate egress QoS limitation Test limitations are not applied within the same node {&#34;Connectivity&#34;:&#34;SDN Pod to SDN Pod&#34;}" classname="CNF Features e2e integration tests" time="0">
          <skipped></skipped>
      </testcase>
      <testcase name="[ovs_qos] ovs_qos_egress validate egress QoS limitation Test limitations are not applied within the same node {&#34;Connectivity&#34;:&#34;Host Pod to SDN Pod&#34;}" classname="CNF Features e2e integration tests" time="0">
          <skipped></skipped>
      </testcase>
      <testcase name="[ovs_qos] ovs_qos_egress validate egress QoS limitation Validate MCO removed egress MachineConfig and disabled QOS limitation on the relevant nodes" classname="CNF Features e2e integration tests" time="0">
          <skipped></skipped>
      </testcase>
      <testcase name="[ovs_qos] ovs_qos_ingress validate ingress QoS limitation Validate MCO applied ingress MachineConfig on the relevant nodes" classname="CNF Features e2e integration tests" time="0">
          <skipped></skipped>
      </testcase>
      <testcase name="[ovs_qos] ovs_qos_ingress validate ingress QoS limitation Test limitations are correctly applied {&#34;Connectivity&#34;:&#34;SDN Pod to SDN Pod&#34;}" classname="CNF Features e2e integration tests" time="0">
          <skipped></skipped>
      </testcase>
      <testcase name="[ovs_qos] ovs_qos_ingress validate ingress QoS limitation Test limitations are correctly applied {&#34;Connectivity&#34;:&#34;Host Pod to SDN Pod&#34;}" classname="CNF Features e2e integration tests" time="0">
          <skipped></skipped>
      </testcase>
      <testcase name="[ovs_qos] ovs_qos_ingress validate ingress QoS limitation Test limitations are correctly applied {&#34;Connectivity&#34;:&#34;Host Pod to Host Pod&#34;}" classname="CNF Features e2e integration tests" time="0">
          <skipped></skipped>
      </testcase>
      <testcase name="[ovs_qos] ovs_qos_ingress validate ingress QoS limitation Test limitations are not applied within the same node {&#34;Connectivity&#34;:&#34;SDN Pod to SDN Pod&#34;}" classname="CNF Features e2e integration tests" time="0">
          <skipped></skipped>
      </testcase>
      <testcase name="[ovs_qos] ovs_qos_ingress validate ingress QoS limitation Test limitations are not applied within the same node {&#34;Connectivity&#34;:&#34;Host Pod to SDN Pod&#34;}" classname="CNF Features e2e integration tests" time="0">
          <skipped></skipped>
      </testcase>
      <testcase name="[ovs_qos] ovs_qos_ingress validate ingress QoS limitation Validate MCO removed ingress MachineConfig and disabled QOS limitation on the relevant nodes" classname="CNF Features e2e integration tests" time="0">
          <skipped></skipped>
      </testcase>
      <testcase name="[serial][disruptive][scheduler] numaresources workload placement considering node selector with two labeled nodes with two NUMA zones [test_id:47598][tier2] should place the pod in the node with available resources in one NUMA zone and fulfilling node selector" classname="CNF Features e2e integration tests" time="0">
          <skipped></skipped>
      </testcase>
      <testcase name="[serial][disruptive][scheduler] numaresources workload placement considering node selector with two labeled nodes with two NUMA zones label two nodes with different label values but both matching the node affinity of the deployment pod of the test [tier2] a guaranteed deployment pod with nodeAffinity should be scheduled on one NUMA zone on a matching labeled node with enough resources [test_id:47597] should be able to schedule pod with affinity property requiredDuringSchedulingIgnoredDuringExecution on the available node with feasible numa zone" classname="CNF Features e2e integration tests" time="0">
          <skipped></skipped>
      </testcase>
      <testcase name="[serial][disruptive][scheduler] numaresources workload placement considering node selector with two labeled nodes with two NUMA zones label two nodes with different label values but both matching the node affinity of the deployment pod of the test [tier2] a guaranteed deployment pod with nodeAffinity should be scheduled on one NUMA zone on a matching labeled node with enough resources [test_id:49843] should be able to schedule pod with affinity property prefferdDuringSchedulingIgnoredDuringExecution on the available node with feasible numa zone" classname="CNF Features e2e integration tests" time="0">
          <skipped></skipped>
      </testcase>
      <testcase name="[serial][disruptive][slow] numaresources configuration management cluster has at least one suitable node [test_id:47674][reboot_required][slow][images][tier2] should be able to modify the configurable values under the NUMAResourcesOperator and NUMAResourcesScheduler CR" classname="CNF Features e2e integration tests" time="0">
          <skipped></skipped>
      </testcase>
      <testcase name="[serial][disruptive][slow] numaresources configuration management cluster has at least one suitable node [test_id:47585][reboot_required][slow] can change kubeletconfig and controller should adapt" classname="CNF Features e2e integration tests" time="0">
          <skipped></skipped>
      </testcase>
      <testcase name="[ptp] PTP configuration verifications Should check whether PTP operator appropriate resource exists" classname="CNF Features e2e integration tests" time="0">
          <skipped></skipped>
      </testcase>
      <testcase name="[ptp] PTP configuration verifications Should check that all nodes are running at least one replica of linuxptp-daemon" classname="CNF Features e2e integration tests" time="0">
          <skipped></skipped>
      </testcase>
      <testcase name="[ptp] PTP configuration verifications Should check that operator is deployed" classname="CNF Features e2e integration tests" time="0">
          <skipped></skipped>
      </testcase>
      <testcase name="[ptp] PTP e2e tests PTP Interfaces discovery The interfaces support ptp can be discovered correctly" classname="CNF Features e2e integration tests" time="0">
          <skipped></skipped>
      </testcase>
      <testcase name="[ptp] PTP e2e tests PTP Interfaces discovery The virtual interfaces should be not discovered by ptp" classname="CNF Features e2e integration tests" time="0">
          <skipped></skipped>
      </testcase>
      <testcase name="[ptp] PTP e2e tests PTP Interfaces discovery PTP daemon apply match rule based on nodeLabel" classname="CNF Features e2e integration tests" time="0">
          <skipped></skipped>
      </testcase>
      <testcase name="[ptp] PTP e2e tests PTP Interfaces discovery Slave can sync to master" classname="CNF Features e2e integration tests" time="0">
          <skipped></skipped>
      </testcase>
      <testcase name="[ptp] PTP e2e tests PTP Interfaces discovery Can provide a profile with higher priority" classname="CNF Features e2e integration tests" time="0">
          <skipped></skipped>
[...]
          <system-out>[BeforeEach] [rfe_id:27363][performance] CPU Management&#xA;  /tmp/cnf-onBlp/cnf-features-deploy/vendor/github.com/openshift/cluster-node-tuning-operator/test/e2e/performanceprofile/functests/utils/utils.go:19&#xA;[BeforeEach] [rfe_id:27363][performance] CPU Management&#xA;  /tmp/cnf-onBlp/cnf-features-deploy/vendor/github.com/openshift/cluster-node-tuning-operator/test/e2e/performanceprofile/functests/1_performance/cpu_management.go:58&#xA;�[1mSTEP�[0m: Checking the profile performance with cpus reserved=[0-1] isolated=[2-15]&#xA;Oct 28 04:16:59.311: [INFO]: found mcd machine-config-daemon-9jhl4 for node cnfdc3.clus2.t5g.lab.eng.bos.redhat.com&#xA;[It] [test_id:34358] Verify rcu_nocbs kernel argument on the node&#xA;  /tmp/cnf-onBlp/cnf-features-deploy/vendor/github.com/openshift/cluster-node-tuning-operator/test/e2e/performanceprofile/functests/1_performance/cpu_management.go:130&#xA;�[1mSTEP�[0m: checking that cmdline contains rcu_nocbs with right value&#xA;Oct 28 04:16:59.508: [INFO]: found mcd machine-config-daemon-9jhl4 for node cnfdc3.clus2.t5g.lab.eng.bos.redhat.com&#xA;�[1mSTEP�[0m: checking that new rcuo processes are running on non_isolated cpu&#xA;Oct 28 04:16:59.699: [INFO]: found mcd machine-config-daemon-9jhl4 for node cnfdc3.clus2.t5g.lab.eng.bos.redhat.com&#xA;Oct 28 04:16:59.955: [INFO]: found mcd machine-config-daemon-9jhl4 for node cnfdc3.clus2.t5g.lab.eng.bos.redhat.com&#xA;Oct 28 04:17:00.139: [INFO]: found mcd machine-config-daemon-9jhl4 for node cnfdc3.clus2.t5g.lab.eng.bos.redhat.com&#xA;Oct 28 04:17:00.344: [INFO]: found mcd machine-config-daemon-9jhl4 for node cnfdc3.clus2.t5g.lab.eng.bos.redhat.com&#xA;Oct 28 04:17:00.555: [INFO]: found mcd machine-config-daemon-9jhl4 for node cnfdc3.clus2.t5g.lab.eng.bos.redhat.com&#xA;Oct 28 04:17:00.751: [INFO]: found mcd machine-config-daemon-9jhl4 for node cnfdc3.clus2.t5g.lab.eng.bos.redhat.com&#xA;Oct 28 04:17:00.949: [INFO]: found mcd machine-config-daemon-9jhl4 for node cnfdc3.clus2.t5g.lab.eng.bos.redhat.com&#xA;Oct 28 04:17:01.147: [INFO]: found mcd machine-config-daemon-9jhl4 for node cnfdc3.clus2.t5g.lab.eng.bos.redhat.com&#xA;Oct 28 04:17:01.362: [INFO]: found mcd machine-config-daemon-9jhl4 for node cnfdc3.clus2.t5g.lab.eng.bos.redhat.com&#xA;Oct 28 04:17:01.582: [INFO]: found mcd machine-config-daemon-9jhl4 for node cnfdc3.clus2.t5g.lab.eng.bos.redhat.com&#xA;Oct 28 04:17:01.792: [INFO]: found mcd machine-config-daemon-9jhl4 for node cnfdc3.clus2.t5g.lab.eng.bos.redhat.com&#xA;Oct 28 04:17:02.015: [INFO]: found mcd machine-config-daemon-9jhl4 for node cnfdc3.clus2.t5g.lab.eng.bos.redhat.com&#xA;Oct 28 04:17:02.226: [INFO]: found mcd machine-config-daemon-9jhl4 for node cnfdc3.clus2.t5g.lab.eng.bos.redhat.com&#xA;Oct 28 04:17:02.443: [INFO]: found mcd machine-config-daemon-9jhl4 for node cnfdc3.clus2.t5g.lab.eng.bos.redhat.com&#xA;Oct 28 04:17:02.652: [INFO]: found mcd machine-config-daemon-9jhl4 for node cnfdc3.clus2.t5g.lab.eng.bos.redhat.com&#xA;Oct 28 04:17:02.865: [INFO]: found mcd machine-config-daemon-9jhl4 for node cnfdc3.clus2.t5g.lab.eng.bos.redhat.com&#xA;Oct 28 04:17:03.138: [INFO]: found mcd machine-config-daemon-9jhl4 for node cnfdc3.clus2.t5g.lab.eng.bos.redhat.com&#xA;</system-out>
      </testcase>
      <testcase name="[rfe_id:27363][performance] CPU Management Verification of cpu manager functionality Verify CPU usage by stress PODs [test_id:37860] Non-guaranteed POD can work on any CPU" classname="CNF Features e2e integration tests" time="0.489599567">
          <skipped>/tmp/cnf-onBlp/cnf-features-deploy/vendor/github.com/openshift/cluster-node-tuning-operator/test/e2e/performanceprofile/functests/1_performance/cpu_management.go:230&#xA;designated worker node &#34;cnfdc3.clus2.t5g.lab.eng.bos.redhat.com&#34; has SMT level 1 - minimum required 2&#xA;/tmp/cnf-onBlp/cnf-features-deploy/vendor/github.com/openshift/cluster-node-tuning-operator/test/e2e/performanceprofile/functests/1_performance/cpu_management.go:185</skipped>
      </testcase>
      <testcase name="[rfe_id:27363][performance] CPU Management Verification of cpu manager functionality Verify CPU usage by stress PODs [test_id:27492] Guaranteed POD should work on isolated cpu" classname="CNF Features e2e integration tests" time="1.6895724909999998">
          <skipped>/tmp/cnf-onBlp/cnf-features-deploy/vendor/github.com/openshift/cluster-node-tuning-operator/test/e2e/performanceprofile/functests/1_performance/cpu_management.go:231&#xA;designated worker node &#34;cnfdc3.clus2.t5g.lab.eng.bos.redhat.com&#34; has SMT level 1 - minimum required 2&#xA;/tmp/cnf-onBlp/cnf-features-deploy/vendor/github.com/openshift/cluster-node-tuning-operator/test/e2e/performanceprofile/functests/1_performance/cpu_management.go:185</skipped>
      </testcase>
      <testcase name="[rfe_id:27363][performance] CPU Management when pod runs with the CPU load balancing runtime class [test_id:32646] should disable CPU load balancing for CPU&#39;s used by the pod" classname="CNF Features e2e integration tests" time="38.996586589">
          <system-out>[BeforeEach] [rfe_id:27363][performance] CPU Management&#xA;  /tmp/cnf-onBlp/cnf-features-deploy/vendor/github.com/openshift/cluster-node-tuning-operator/test/e2e/performanceprofile/functests/utils/utils.go:19&#xA;[BeforeEach] [rfe_id:27363][performance] CPU Management&#xA;  /tmp/cnf-onBlp/cnf-features-deploy/vendor/github.com/openshift/cluster-node-tuning-operator/test/e2e/performanceprofile/functests/1_performance/cpu_management.go:58&#xA;�[1mSTEP�[0m: Checking the profile performance with cpus reserved=[0-1] isolated=[2-15]&#xA;Oct 28 04:17:05.579: [INFO]: found mcd machine-config-daemon-9jhl4 for node cnfdc3.clus2.t5g.lab.eng.bos.redhat.com&#xA;[BeforeEach] when pod runs with the CPU load balancing runtime class&#xA;  /tmp/cnf-onBlp/cnf-features-deploy/vendor/github.com/openshift/cluster-node-tuning-operator/test/e2e/performanceprofile/functests/1_performance/cpu_management.go:285&#xA;Oct 28 04:17:05.785: [INFO]: found mcd machine-config-daemon-9jhl4 for node cnfdc3.clus2.t5g.lab.eng.bos.redhat.com&#xA;Oct 28 04:17:05.996: [INFO]: Scheduler domains: map[0:[4655 25647] 1:[4655 25647] 2:[4655 25647] 3:[4655 25647] 4:[4655 25647] 5:[4655 25647] 6:[4655 25647] 7:[4655 25647] 8:[4655 25647] 9:[4655 25647] 10:[4655 25647] 11:[4655 25647] 12:[4655 25647] 13:[4655 25647] 14:[4655 25647] 15:[4655 25647] 16:[4655 25647] 17:[4655 25647] 18:[4655 25647] 19:[4655 25647] 20:[4655 25647] 21:[4655 25647] 22:[4655 25647] 23:[4655 25647] 24:[4655 25647] 25:[4655 25647] 26:[4655 25647] 27:[4655 25647] 28:[4655 25647] 29:[4655 25647] 30:[4655 25647] 31:[4655 25647] 32:[4655 25647] 33:[4655 25647] 34:[4655 25647] 35:[4655 25647] 36:[4655 25647] 37:[4655 25647] 38:[4655 25647] 39:[4655 25647] 40:[4655 25647] 41:[4655 25647] 42:[4655 25647] 43:[4655 25647] 44:[4655 25647] 45:[4655 25647] 46:[4655 25647] 47:[4655 25647] 48:[4655 25647] 49:[4655 25647] 50:[4655 25647] 51:[4655 25647]]&#xA;Oct 28 04:17:06.015: [INFO]: found mcd machine-config-daemon-9jhl4 for node cnfdc3.clus2.t5g.lab.eng.bos.redhat.com&#xA;[It] [test_id:32646] should disable CPU load balancing for CPU&#39;s used by the pod&#xA;  /tmp/cnf-onBlp/cnf-features-deploy/vendor/github.com/openshift/cluster-node-tuning-operator/test/e2e/performanceprofile/functests/1_performance/cpu_management.go:303&#xA;�[1mSTEP�[0m: Starting the pod&#xA;Oct 28 04:17:10.600: [WARNING]: -&gt; Binding Scheduled Successfully assigned performance-addon-operators-testing/test-n89gt to cnfdc3.clus2.t5g.lab.eng.bos.redhat.com by dhcp19-17-23&#xA;Oct 28 04:17:10.600: [WARNING]: -&gt;  AddedInterface Add eth0 [10.133.2.14/23] from ovn-kubernetes&#xA;Oct 28 04:17:10.600: [WARNING]: -&gt;  Pulled Container image &#34;quay.io/openshift-kni/cnf-tests:4.9&#34; already present on machine&#xA;Oct 28 04:17:10.600: [WARNING]: -&gt;  Created Created container test&#xA;Oct 28 04:17:10.600: [WARNING]: -&gt;  Started Started container test&#xA;�[1mSTEP�[0m: Getting the container cpuset.cpus cgroup&#xA;Oct 28 04:17:10.782: [INFO]: found mcd machine-config-daemon-9jhl4 for node cnfdc3.clus2.t5g.lab.eng.bos.redhat.com&#xA;�[1mSTEP�[0m: Checking what CPU the pod is using&#xA;Oct 28 04:17:11.156: [INFO]: found mcd machine-config-daemon-9jhl4 for node cnfdc3.clus2.t5g.lab.eng.bos.redhat.com&#xA;�[1mSTEP�[0m: Getting the CPU scheduling flags&#xA;Oct 28 04:17:11.889: [INFO]: found mcd machine-config-daemon-9jhl4 for node cnfdc3.clus2.t5g.lab.eng.bos.redhat.com&#xA;Oct 28 04:17:12.158: [INFO]: Scheduler domains: map[0:[4655 25647] 1:[4655 25647] 2:[4654 25646] 3:[4655 25647] 4:[4655 25647] 5:[4655 25647] 6:[4655 25647] 7:[4655 25647] 8:[4655 25647] 9:[4655 25647] 10:[4655 25647] 11:[4655 25647] 12:[4655 25647] 13:[4655 25647] 14:[4655 25647] 15:[4655 25647] 16:[4655 25647] 17:[4655 25647] 18:[4655 25647] 19:[4655 25647] 20:[4655 25647] 21:[4655 25647] 22:[4655 25647] 23:[4655 25647] 24:[4655 25647] 25:[4655 25647] 26:[4655 25647] 27:[4655 25647] 28:[4655 25647] 29:[4655 25647] 30:[4655 25647] 31:[4655 25647] 32:[4655 25647] 33:[4655 25647] 34:[4655 25647] 35:[4655 25647] 36:[4655 25647] 37:[4655 25647] 38:[4655 25647] 39:[4655 25647] 40:[4655 25647] 41:[4655 25647] 42:[4655 25647] 43:[4655 25647] 44:[4655 25647] 45:[4655 25647] 46:[4655 25647] 47:[4655 25647] 48:[4655 25647] 49:[4655 25647] 50:[4655 25647] 51:[4655 25647]]&#xA;�[1mSTEP�[0m: Verifying that the CPU load balancing was disabled&#xA;�[1mSTEP�[0m: Deleting the pod&#xA;�[1mSTEP�[0m: Getting the CPU scheduling flags&#xA;Oct 28 04:17:44.268: [INFO]: found mcd machine-config-daemon-9jhl4 for node cnfdc3.clus2.t5g.lab.eng.bos.redhat.com&#xA;Oct 28 04:17:44.481: [INFO]: Scheduler domains: map[0:[4655 25647] 1:[4655 25647] 2:[4655 25647] 3:[4655 25647] 4:[4655 25647] 5:[4655 25647] 6:[4655 25647] 7:[4655 25647] 8:[4655 25647] 9:[4655 25647] 10:[4655 25647] 11:[4655 25647] 12:[4655 25647] 13:[4655 25647] 14:[4655 25647] 15:[4655 25647] 16:[4655 25647] 17:[4655 25647] 18:[4655 25647] 19:[4655 25647] 20:[4655 25647] 21:[4655 25647] 22:[4655 25647] 23:[4655 25647] 24:[4655 25647] 25:[4655 25647] 26:[4655 25647] 27:[4655 25647] 28:[4655 25647] 29:[4655 25647] 30:[4655 25647] 31:[4655 25647] 32:[4655 25647] 33:[4655 25647] 34:[4655 25647] 35:[4655 25647] 36:[4655 25647] 37:[4655 25647] 38:[4655 25647] 39:[4655 25647] 40:[4655 25647] 41:[4655 25647] 42:[4655 25647] 43:[4655 25647] 44:[4655 25647] 45:[4655 25647] 46:[4655 25647] 47:[4655 25647] 48:[4655 25647] 49:[4655 25647] 50:[4655 25647] 51:[4655 25647]]&#xA;�[1mSTEP�[0m: Verifying that the CPU load balancing was enabled back&#xA;[AfterEach] when pod runs with the CPU load balancing runtime class&#xA;  /tmp/cnf-onBlp/cnf-features-deploy/vendor/github.com/openshift/cluster-node-tuning-operator/test/e2e/performanceprofile/functests/1_performance/cpu_management.go:299&#xA;</system-out>
      </testcase>
      <testcase name="[rfe_id:27363][performance] CPU Management Verification that IRQ load balance can be disabled per POD [test_id:36364] should disable IRQ balance for CPU where POD is running" classname="CNF Features e2e integration tests" time="0.301333598">
          <skipped>/tmp/cnf-onBlp/cnf-features-deploy/vendor/github.com/openshift/cluster-node-tuning-operator/test/e2e/performanceprofile/functests/1_performance/cpu_management.go:371&#xA;part of interrupts does not support CPU affinity change because of underlying hardware&#xA;/tmp/cnf-onBlp/cnf-features-deploy/vendor/github.com/openshift/cluster-node-tuning-operator/test/e2e/performanceprofile/functests/1_performance/cpu_management.go:372</skipped>
      </testcase>
      <testcase name="[rfe_id:27363][performance] CPU Management when reserved CPUs specified [test_id:49147] should run infra containers on reserved CPUs" classname="CNF Features e2e integration tests" time="4.410281435">
          <system-out>[BeforeEach] [rfe_id:27363][performance] CPU Management&#xA;  /tmp/cnf-onBlp/cnf-features-deploy/vendor/github.com/openshift/cluster-node-tuning-operator/test/e2e/performanceprofile/functests/utils/utils.go:19&#xA;[BeforeEach] [rfe_id:27363][performance] CPU Management&#xA;  /tmp/cnf-onBlp/cnf-features-deploy/vendor/github.com/openshift/cluster-node-tuning-operator/test/e2e/performanceprofile/functests/1_performance/cpu_management.go:58&#xA;�[1mSTEP�[0m: Checking the profile performance with cpus reserved=[0-1] isolated=[2-15]&#xA;Oct 28 04:17:44.883: [INFO]: found mcd machine-config-daemon-9jhl4 for node cnfdc3.clus2.t5g.lab.eng.bos.redhat.com&#xA;[BeforeEach] when reserved CPUs specified&#xA;  /tmp/cnf-onBlp/cnf-features-deploy/vendor/github.com/openshift/cluster-node-tuning-operator/test/e2e/performanceprofile/functests/1_performance/cpu_management.go:451&#xA;Oct 28 04:17:48.516: [WARNING]: -&gt; Binding Scheduled Successfully assigned performance-addon-operators-testing/test-mfn66 to cnfdc3.clus2.t5g.lab.eng.bos.redhat.com by dhcp19-17-23&#xA;Oct 28 04:17:48.517: [WARNING]: -&gt;  AddedInterface Add eth0 [10.133.2.20/23] from ovn-kubernetes&#xA;Oct 28 04:17:48.517: [WARNING]: -&gt;  Pulled Container image &#34;quay.io/openshift-kni/cnf-tests:4.9&#34; already present on machine&#xA;Oct 28 04:17:48.517: [WARNING]: -&gt;  Created Created container test&#xA;Oct 28 04:17:48.517: [WARNING]: -&gt;  Started Started container test&#xA;[It] [test_id:49147] should run infra containers on reserved CPUs&#xA;  /tmp/cnf-onBlp/cnf-features-deploy/vendor/github.com/openshift/cluster-node-tuning-operator/test/e2e/performanceprofile/functests/1_performance/cpu_management.go:465&#xA;Oct 28 04:17:48.536: [INFO]: found mcd machine-config-daemon-9jhl4 for node cnfdc3.clus2.t5g.lab.eng.bos.redhat.com&#xA;Oct 28 04:17:48.764: [INFO]: found mcd machine-config-daemon-9jhl4 for node cnfdc3.clus2.t5g.lab.eng.bos.redhat.com&#xA;�[1mSTEP�[0m: Checking what CPU the infra container is using&#xA;Oct 28 04:17:48.992: [INFO]: found mcd machine-config-daemon-9jhl4 for node cnfdc3.clus2.t5g.lab.eng.bos.redhat.com&#xA;</system-out>
      </testcase>
      <testcase name="[rfe_id:27363][performance] CPU Management when strict NUMA aligment is requested [test_id:49149] should reject pods which request integral CPUs not aligned with machine SMT level" classname="CNF Features e2e integration tests" time="0.267938842">
          <skipped>/tmp/cnf-onBlp/cnf-features-deploy/vendor/github.com/openshift/cluster-node-tuning-operator/test/e2e/performanceprofile/functests/1_performance/cpu_management.go:518&#xA;Topology Manager Policy is not Single NUMA Node&#xA;/tmp/cnf-onBlp/cnf-features-deploy/vendor/github.com/openshift/cluster-node-tuning-operator/test/e2e/performanceprofile/functests/1_performance/cpu_management.go:524</skipped>
      </testcase>
      <testcase name="[sriov] Tuning CNI integration tuning cni over sriov pods with sysctl&#39;s over sriov interface should start" classname="CNF Features e2e integration tests" time="0">
          <skipped></skipped>
      </testcase>
      <testcase name="[sriov] Tuning CNI integration tuning cni over sriov pods with sysctl&#39;s on bond over sriov interfaces should start" classname="CNF Features e2e integration tests" time="0">
          <skipped></skipped>
      </testcase>
      <testcase name="[gatekeeper] mutation should be able to add metadata info(labels/annotations)" classname="CNF Features e2e integration tests" time="0">
          <skipped></skipped>
      </testcase>
      <testcase name="[gatekeeper] mutation should avoid mutating existing metadata info(labels/annotations)" classname="CNF Features e2e integration tests" time="0">
          <skipped></skipped>
      </testcase>
      <testcase name="[gatekeeper] mutation should apply mutations by order" classname="CNF Features e2e integration tests" time="0">
          <skipped></skipped>
      </testcase>
      <testcase name="[gatekeeper] mutation should be able to update mutation policy" classname="CNF Features e2e integration tests" time="0">
          <skipped></skipped>
      </testcase>
      <testcase name="[gatekeeper] mutation should not apply mutations policies after deletion" classname="CNF Features e2e integration tests" time="0">
          <skipped></skipped>
      </testcase>
      <testcase name="[gatekeeper] mutation should be able to match by any match category" classname="CNF Features e2e integration tests" time="0">
          <skipped></skipped>
      </testcase>
      <testcase name="[gatekeeper] constraints should apply constraints" classname="CNF Features e2e integration tests" time="0">
          <skipped></skipped>
      </testcase>
      <testcase name="[gatekeeper] operator should be able to select mutation namespaces" classname="CNF Features e2e integration tests" time="0">
          <skipped></skipped>
      </testcase>
      <testcase name="[serial][disruptive][scheduler] numaresources scheduler restart on a live cluster when restarting the topology aware scheduler in a live cluster [case:1][test_id:48069][tier2] should schedule any pending workloads submitted while the scheduler was unavailable" classname="CNF Features e2e integration tests" time="0">
          <skipped></skipped>
      </testcase>
      <testcase name="[serial][disruptive][scheduler] numaresources workload resource accounting cluster with at least a worker node suitable [placement][test_id:49068][tier2] should keep the pod pending if not enough resources available, then schedule when resources are freed" classname="CNF Features e2e integration tests" time="0">
          <skipped></skipped>
      </testcase>
      <testcase name="[serial][disruptive][scheduler] numaresources workload resource accounting cluster with node/s having two numa zones, and there are enough resources on one node but not in any numa zone when trying to schedule a deployment with burstable pods [test_id:47618][tier2] should properly schedule deployment with burstable pod with no changes in NRTs" classname="CNF Features e2e integration tests" time="0">
          <skipped></skipped>
      </testcase>
      <testcase name="[serial][disruptive][scheduler] numaresources workload overhead cluster with at least a worker node suitable when a RuntimeClass exist in the cluster [test_id:47582][tier2] schedule a guaranteed Pod in a single NUMA zone and check overhead is not accounted in NRT" classname="CNF Features e2e integration tests" time="0">
          <skipped></skipped>
      </testcase>
      <testcase name="[performance]RT Kernel [test_id:26861][crit:high][vendor:cnf-qe@redhat.com][level:acceptance] should have RT kernel enabled" classname="CNF Features e2e integration tests" time="0.750436591">
          <system-out>[BeforeEach] [performance]RT Kernel&#xA;  /tmp/cnf-onBlp/cnf-features-deploy/vendor/github.com/openshift/cluster-node-tuning-operator/test/e2e/performanceprofile/functests/utils/utils.go:19&#xA;[BeforeEach] [performance]RT Kernel&#xA;  /tmp/cnf-onBlp/cnf-features-deploy/vendor/github.com/openshift/cluster-node-tuning-operator/test/e2e/performanceprofile/functests/1_performance/rt-kernel.go:38&#xA;[It] [test_id:26861][crit:high][vendor:cnf-qe@redhat.com][level:acceptance] should have RT kernel enabled&#xA;  /tmp/cnf-onBlp/cnf-features-deploy/vendor/github.com/openshift/cluster-node-tuning-operator/test/e2e/performanceprofile/functests/1_performance/rt-kernel.go:45&#xA;Oct 28 04:17:49.606: [INFO]: found mcd machine-config-daemon-9jhl4 for node cnfdc3.clus2.t5g.lab.eng.bos.redhat.com&#xA;Oct 28 04:17:50.002: [INFO]: found mcd machine-config-daemon-9jhl4 for node cnfdc3.clus2.t5g.lab.eng.bos.redhat.com&#xA;</system-out>
      </testcase>
      <testcase name="[performance]RT Kernel [test_id:28526][crit:high][vendor:cnf-qe@redhat.com][level:acceptance] a node without performance profile applied should not have RT kernel installed" classname="CNF Features e2e integration tests" time="0">
          <skipped></skipped>
      </testcase>
  </testsuite>