<?xml version="1.0" encoding="UTF-8"?>
  <testsuite name="CNF Features e2e integration tests" tests="142" failures="6" errors="0" time="15858.646">
      <testcase name="[sriov] [multinetworkpolicy] MultiNetworkPolicy integration Ingress DENY all traffic to a pod" classname="CNF Features e2e integration tests" time="663.533244467">
          <system-out>[BeforeEach] [sriov] [multinetworkpolicy] MultiNetworkPolicy integration&#xA;  /remote-source/app/cnf-tests/testsuites/e2esuite/multinetworkpolicy/multinetworkpolicy_sriov.go:67&#xA;[BeforeEach] [sriov] [multinetworkpolicy] MultiNetworkPolicy integration&#xA;  /remote-source/app/cnf-tests/testsuites/pkg/execute/ginkgo.go:9&#xA;[BeforeEach] [sriov] [multinetworkpolicy] MultiNetworkPolicy integration&#xA;  /remote-source/app/cnf-tests/testsuites/e2esuite/multinetworkpolicy/multinetworkpolicy_sriov.go:138&#xA;[It] DENY all traffic to a pod&#xA;  /remote-source/app/cnf-tests/testsuites/e2esuite/multinetworkpolicy/multinetworkpolicy_sriov.go:159&#xA;</system-out>
      </testcase>
      <testcase name="[sriov] [multinetworkpolicy] MultiNetworkPolicy integration Ingress DENY all traffic to and within a namespace" classname="CNF Features e2e integration tests" time="7.086923205">
          <system-out>[BeforeEach] [sriov] [multinetworkpolicy] MultiNetworkPolicy integration&#xA;  /remote-source/app/cnf-tests/testsuites/e2esuite/multinetworkpolicy/multinetworkpolicy_sriov.go:67&#xA;[BeforeEach] [sriov] [multinetworkpolicy] MultiNetworkPolicy integration&#xA;  /remote-source/app/cnf-tests/testsuites/pkg/execute/ginkgo.go:9&#xA;[BeforeEach] [sriov] [multinetworkpolicy] MultiNetworkPolicy integration&#xA;  /remote-source/app/cnf-tests/testsuites/e2esuite/multinetworkpolicy/multinetworkpolicy_sriov.go:138&#xA;[It] DENY all traffic to and within a namespace&#xA;  /remote-source/app/cnf-tests/testsuites/e2esuite/multinetworkpolicy/multinetworkpolicy_sriov.go:182&#xA;</system-out>
      </testcase>
      <testcase name="[sriov] [multinetworkpolicy] MultiNetworkPolicy integration Ingress ALLOW traffic to a pod from pods selected by labels" classname="CNF Features e2e integration tests" time="2.451981207">
          <system-out>[BeforeEach] [sriov] [multinetworkpolicy] MultiNetworkPolicy integration&#xA;  /remote-source/app/cnf-tests/testsuites/e2esuite/multinetworkpolicy/multinetworkpolicy_sriov.go:67&#xA;[BeforeEach] [sriov] [multinetworkpolicy] MultiNetworkPolicy integration&#xA;  /remote-source/app/cnf-tests/testsuites/pkg/execute/ginkgo.go:9&#xA;[BeforeEach] [sriov] [multinetworkpolicy] MultiNetworkPolicy integration&#xA;  /remote-source/app/cnf-tests/testsuites/e2esuite/multinetworkpolicy/multinetworkpolicy_sriov.go:138&#xA;[It] ALLOW traffic to a pod from pods selected by labels&#xA;  /remote-source/app/cnf-tests/testsuites/e2esuite/multinetworkpolicy/multinetworkpolicy_sriov.go:207&#xA;</system-out>
      </testcase>
      <testcase name="[sriov] [multinetworkpolicy] MultiNetworkPolicy integration Ingress ALLOW traffic to a pod from all pods in a namespace" classname="CNF Features e2e integration tests" time="5.894405427">
          <system-out>[BeforeEach] [sriov] [multinetworkpolicy] MultiNetworkPolicy integration&#xA;  /remote-source/app/cnf-tests/testsuites/e2esuite/multinetworkpolicy/multinetworkpolicy_sriov.go:67&#xA;[BeforeEach] [sriov] [multinetworkpolicy] MultiNetworkPolicy integration&#xA;  /remote-source/app/cnf-tests/testsuites/pkg/execute/ginkgo.go:9&#xA;[BeforeEach] [sriov] [multinetworkpolicy] MultiNetworkPolicy integration&#xA;  /remote-source/app/cnf-tests/testsuites/e2esuite/multinetworkpolicy/multinetworkpolicy_sriov.go:138&#xA;[It] ALLOW traffic to a pod from all pods in a namespace&#xA;  /remote-source/app/cnf-tests/testsuites/e2esuite/multinetworkpolicy/multinetworkpolicy_sriov.go:235&#xA;</system-out>
      </testcase>
      <testcase name="[sriov] [multinetworkpolicy] MultiNetworkPolicy integration Ingress ALLOW traffic to a pod from using an OR combination of namespace and pod labels" classname="CNF Features e2e integration tests" time="3.858265122">
          <system-out>[BeforeEach] [sriov] [multinetworkpolicy] MultiNetworkPolicy integration&#xA;  /remote-source/app/cnf-tests/testsuites/e2esuite/multinetworkpolicy/multinetworkpolicy_sriov.go:67&#xA;[BeforeEach] [sriov] [multinetworkpolicy] MultiNetworkPolicy integration&#xA;  /remote-source/app/cnf-tests/testsuites/pkg/execute/ginkgo.go:9&#xA;[BeforeEach] [sriov] [multinetworkpolicy] MultiNetworkPolicy integration&#xA;  /remote-source/app/cnf-tests/testsuites/e2esuite/multinetworkpolicy/multinetworkpolicy_sriov.go:138&#xA;[It] ALLOW traffic to a pod from using an OR combination of namespace and pod labels&#xA;  /remote-source/app/cnf-tests/testsuites/e2esuite/multinetworkpolicy/multinetworkpolicy_sriov.go:269&#xA;</system-out>
      </testcase>
      <testcase name="[sriov] [multinetworkpolicy] MultiNetworkPolicy integration Ingress ALLOW traffic to a pod using an AND combination of namespace and pod labels" classname="CNF Features e2e integration tests" time="0.040377048">
          <skipped>/remote-source/app/cnf-tests/testsuites/e2esuite/multinetworkpolicy/multinetworkpolicy_sriov.go:313&#xA;LabelSelectorwith multiple In values is not yet supported by multi-networkpolicy-iptables - https://github.com/k8snetworkplumbingwg/multi-networkpolicy/issues/4&#xA;/remote-source/app/cnf-tests/testsuites/e2esuite/multinetworkpolicy/multinetworkpolicy_sriov.go:315</skipped>
      </testcase>
      <testcase name="[sriov] [multinetworkpolicy] MultiNetworkPolicy integration Egress DENY all traffic from a pod" classname="CNF Features e2e integration tests" time="2.904836537">
          <system-out>[BeforeEach] [sriov] [multinetworkpolicy] MultiNetworkPolicy integration&#xA;  /remote-source/app/cnf-tests/testsuites/e2esuite/multinetworkpolicy/multinetworkpolicy_sriov.go:67&#xA;[BeforeEach] [sriov] [multinetworkpolicy] MultiNetworkPolicy integration&#xA;  /remote-source/app/cnf-tests/testsuites/pkg/execute/ginkgo.go:9&#xA;[BeforeEach] [sriov] [multinetworkpolicy] MultiNetworkPolicy integration&#xA;  /remote-source/app/cnf-tests/testsuites/e2esuite/multinetworkpolicy/multinetworkpolicy_sriov.go:138&#xA;[It] DENY all traffic from a pod&#xA;  /remote-source/app/cnf-tests/testsuites/e2esuite/multinetworkpolicy/multinetworkpolicy_sriov.go:364&#xA;</system-out>
      </testcase>
      <testcase name="[sriov] [multinetworkpolicy] MultiNetworkPolicy integration Egress ALLOW traffic from a specific pod only to a specific pod" classname="CNF Features e2e integration tests" time="1.366486884">
          <system-out>[BeforeEach] [sriov] [multinetworkpolicy] MultiNetworkPolicy integration&#xA;  /remote-source/app/cnf-tests/testsuites/e2esuite/multinetworkpolicy/multinetworkpolicy_sriov.go:67&#xA;[BeforeEach] [sriov] [multinetworkpolicy] MultiNetworkPolicy integration&#xA;  /remote-source/app/cnf-tests/testsuites/pkg/execute/ginkgo.go:9&#xA;[BeforeEach] [sriov] [multinetworkpolicy] MultiNetworkPolicy integration&#xA;  /remote-source/app/cnf-tests/testsuites/e2esuite/multinetworkpolicy/multinetworkpolicy_sriov.go:138&#xA;[It] ALLOW traffic from a specific pod only to a specific pod&#xA;  /remote-source/app/cnf-tests/testsuites/e2esuite/multinetworkpolicy/multinetworkpolicy_sriov.go:384&#xA;</system-out>
      </testcase>
      <testcase name="[sriov] [multinetworkpolicy] MultiNetworkPolicy integration Stacked policies enforce multiple Ingress stacked policies with overlapping podSelector" classname="CNF Features e2e integration tests" time="3.886450747">
          <system-out>[BeforeEach] [sriov] [multinetworkpolicy] MultiNetworkPolicy integration&#xA;  /remote-source/app/cnf-tests/testsuites/e2esuite/multinetworkpolicy/multinetworkpolicy_sriov.go:67&#xA;[BeforeEach] [sriov] [multinetworkpolicy] MultiNetworkPolicy integration&#xA;  /remote-source/app/cnf-tests/testsuites/pkg/execute/ginkgo.go:9&#xA;[BeforeEach] [sriov] [multinetworkpolicy] MultiNetworkPolicy integration&#xA;  /remote-source/app/cnf-tests/testsuites/e2esuite/multinetworkpolicy/multinetworkpolicy_sriov.go:138&#xA;[It] enforce multiple Ingress stacked policies with overlapping podSelector&#xA;  /remote-source/app/cnf-tests/testsuites/e2esuite/multinetworkpolicy/multinetworkpolicy_sriov.go:415&#xA;</system-out>
      </testcase>
      <testcase name="[sriov] [multinetworkpolicy] MultiNetworkPolicy integration Stacked policies enforce multiple Ingress stacked policies with overlapping podSelector and different ports" classname="CNF Features e2e integration tests" time="7.333720011">
          <system-out>[BeforeEach] [sriov] [multinetworkpolicy] MultiNetworkPolicy integration&#xA;  /remote-source/app/cnf-tests/testsuites/e2esuite/multinetworkpolicy/multinetworkpolicy_sriov.go:67&#xA;[BeforeEach] [sriov] [multinetworkpolicy] MultiNetworkPolicy integration&#xA;  /remote-source/app/cnf-tests/testsuites/pkg/execute/ginkgo.go:9&#xA;[BeforeEach] [sriov] [multinetworkpolicy] MultiNetworkPolicy integration&#xA;  /remote-source/app/cnf-tests/testsuites/e2esuite/multinetworkpolicy/multinetworkpolicy_sriov.go:138&#xA;[It] enforce multiple Ingress stacked policies with overlapping podSelector and different ports&#xA;  /remote-source/app/cnf-tests/testsuites/e2esuite/multinetworkpolicy/multinetworkpolicy_sriov.go:469&#xA;</system-out>
      </testcase>
      <testcase name="[sriov] [multinetworkpolicy] MultiNetworkPolicy integration Ports/Protocol Allow access only to a specific port/protocol TCP" classname="CNF Features e2e integration tests" time="3.657911029">
          <system-out>[BeforeEach] [sriov] [multinetworkpolicy] MultiNetworkPolicy integration&#xA;  /remote-source/app/cnf-tests/testsuites/e2esuite/multinetworkpolicy/multinetworkpolicy_sriov.go:67&#xA;[BeforeEach] [sriov] [multinetworkpolicy] MultiNetworkPolicy integration&#xA;  /remote-source/app/cnf-tests/testsuites/pkg/execute/ginkgo.go:9&#xA;[BeforeEach] [sriov] [multinetworkpolicy] MultiNetworkPolicy integration&#xA;  /remote-source/app/cnf-tests/testsuites/e2esuite/multinetworkpolicy/multinetworkpolicy_sriov.go:138&#xA;[It] Allow access only to a specific port/protocol TCP&#xA;  /remote-source/app/cnf-tests/testsuites/e2esuite/multinetworkpolicy/multinetworkpolicy_sriov.go:536&#xA;</system-out>
      </testcase>
      <testcase name="[sriov] [multinetworkpolicy] MultiNetworkPolicy integration Ports/Protocol Allow access only to a specific port/protocol UDP" classname="CNF Features e2e integration tests" time="4.747077544">
          <system-out>[BeforeEach] [sriov] [multinetworkpolicy] MultiNetworkPolicy integration&#xA;  /remote-source/app/cnf-tests/testsuites/e2esuite/multinetworkpolicy/multinetworkpolicy_sriov.go:67&#xA;[BeforeEach] [sriov] [multinetworkpolicy] MultiNetworkPolicy integration&#xA;  /remote-source/app/cnf-tests/testsuites/pkg/execute/ginkgo.go:9&#xA;[BeforeEach] [sriov] [multinetworkpolicy] MultiNetworkPolicy integration&#xA;  /remote-source/app/cnf-tests/testsuites/e2esuite/multinetworkpolicy/multinetworkpolicy_sriov.go:138&#xA;[It] Allow access only to a specific port/protocol UDP&#xA;  /remote-source/app/cnf-tests/testsuites/e2esuite/multinetworkpolicy/multinetworkpolicy_sriov.go:575&#xA;</system-out>
      </testcase>
      <testcase name="[sriov] [multinetworkpolicy] MultiNetworkPolicy integration Ports/Protocol Allow access only to a specific port/protocol SCTP" classname="CNF Features e2e integration tests" time="4.796649383">
          <system-out>[BeforeEach] [sriov] [multinetworkpolicy] MultiNetworkPolicy integration&#xA;  /remote-source/app/cnf-tests/testsuites/e2esuite/multinetworkpolicy/multinetworkpolicy_sriov.go:67&#xA;[BeforeEach] [sriov] [multinetworkpolicy] MultiNetworkPolicy integration&#xA;  /remote-source/app/cnf-tests/testsuites/pkg/execute/ginkgo.go:9&#xA;[BeforeEach] [sriov] [multinetworkpolicy] MultiNetworkPolicy integration&#xA;  /remote-source/app/cnf-tests/testsuites/e2esuite/multinetworkpolicy/multinetworkpolicy_sriov.go:138&#xA;[It] Allow access only to a specific port/protocol SCTP&#xA;  /remote-source/app/cnf-tests/testsuites/e2esuite/multinetworkpolicy/multinetworkpolicy_sriov.go:615&#xA;</system-out>
      </testcase>
      <testcase name="[sriov] [multinetworkpolicy] MultiNetworkPolicy integration Ports/Protocol Allow access only to a specific port/protocol TCP+UDP" classname="CNF Features e2e integration tests" time="1.479964742">
          <system-out>[BeforeEach] [sriov] [multinetworkpolicy] MultiNetworkPolicy integration&#xA;  /remote-source/app/cnf-tests/testsuites/e2esuite/multinetworkpolicy/multinetworkpolicy_sriov.go:67&#xA;[BeforeEach] [sriov] [multinetworkpolicy] MultiNetworkPolicy integration&#xA;  /remote-source/app/cnf-tests/testsuites/pkg/execute/ginkgo.go:9&#xA;[BeforeEach] [sriov] [multinetworkpolicy] MultiNetworkPolicy integration&#xA;  /remote-source/app/cnf-tests/testsuites/e2esuite/multinetworkpolicy/multinetworkpolicy_sriov.go:138&#xA;[It] Allow access only to a specific port/protocol TCP+UDP&#xA;  /remote-source/app/cnf-tests/testsuites/e2esuite/multinetworkpolicy/multinetworkpolicy_sriov.go:654&#xA;</system-out>
      </testcase>
      <testcase name="[sriov] [multinetworkpolicy] MultiNetworkPolicy integration Ports/Protocol Allow access only to a specific UDP port from any pod" classname="CNF Features e2e integration tests" time="3.574171203">
          <system-out>[BeforeEach] [sriov] [multinetworkpolicy] MultiNetworkPolicy integration&#xA;  /remote-source/app/cnf-tests/testsuites/e2esuite/multinetworkpolicy/multinetworkpolicy_sriov.go:67&#xA;[BeforeEach] [sriov] [multinetworkpolicy] MultiNetworkPolicy integration&#xA;  /remote-source/app/cnf-tests/testsuites/pkg/execute/ginkgo.go:9&#xA;[BeforeEach] [sriov] [multinetworkpolicy] MultiNetworkPolicy integration&#xA;  /remote-source/app/cnf-tests/testsuites/e2esuite/multinetworkpolicy/multinetworkpolicy_sriov.go:138&#xA;[It] Allow access only to a specific UDP port from any pod&#xA;  /remote-source/app/cnf-tests/testsuites/e2esuite/multinetworkpolicy/multinetworkpolicy_sriov.go:690&#xA;</system-out>
      </testcase>
      <testcase name="[sriov] [multinetworkpolicy] MultiNetworkPolicy integration IPv6 ALLOW traffic to a specific pod only from a specific pod" classname="CNF Features e2e integration tests" time="0.023202378">
          <skipped>/remote-source/app/cnf-tests/testsuites/e2esuite/multinetworkpolicy/multinetworkpolicy_sriov.go:718&#xA;IPv6 not yet supported by multinetworkpolicy iptables - https://github.com/k8snetworkplumbingwg/multi-networkpolicy-iptables/issues/22&#xA;/remote-source/app/cnf-tests/testsuites/e2esuite/multinetworkpolicy/multinetworkpolicy_sriov.go:720</skipped>
      </testcase>
      <testcase name="[performance] Checking IRQBalance settings Verify irqbalance configuration handling Should not overwrite the banned CPU set on tuned restart" classname="CNF Features e2e integration tests" time="0.527404536">
          <failure type="Failure">/remote-source/app/vendor/github.com/openshift/cluster-node-tuning-operator/test/e2e/performanceprofile/functests/1_performance/irqbalance.go:71&#xA;found default_smp_affinity 0-103, expected 0-51 - IRQBalance already run?&#xA;Expected&#xA;    &lt;bool&gt;: false&#xA;to be true&#xA;/remote-source/app/vendor/github.com/openshift/cluster-node-tuning-operator/test/e2e/performanceprofile/functests/1_performance/irqbalance.go:101</failure>
          <system-out>[BeforeEach] [performance] Checking IRQBalance settings&#xA;  /remote-source/app/vendor/github.com/openshift/cluster-node-tuning-operator/test/e2e/performanceprofile/functests/1_performance/irqbalance.go:47&#xA;Nov 13 01:42:07.105: [INFO]: MCP &#34;worker&#34; is targeting 2 node(s)&#xA;Nov 13 01:42:07.118: [INFO]: MCP &#34;worker-cnf&#34; is targeting 2 node(s)&#xA;�[1mSTEP�[0m: verifying worker node &#34;cnfdd5.clus2.t5g.lab.eng.bos.redhat.com&#34;&#xA;[It] Should not overwrite the banned CPU set on tuned restart&#xA;  /remote-source/app/vendor/github.com/openshift/cluster-node-tuning-operator/test/e2e/performanceprofile/functests/1_performance/irqbalance.go:71&#xA;�[1mSTEP�[0m: verifying worker node &#34;cnfdd5.clus2.t5g.lab.eng.bos.redhat.com&#34;&#xA;Nov 13 01:42:07.125: [INFO]: found mcd machine-config-daemon-qvv4f for node cnfdd5.clus2.t5g.lab.eng.bos.redhat.com&#xA;Nov 13 01:42:07.240: [INFO]: IRQ Default affinity on &#34;cnfdd5.clus2.t5g.lab.eng.bos.redhat.com&#34; when test begins: {ff,ffffffff,ffffffff,ffffffff}&#xA;Nov 13 01:42:07.244: [INFO]: found mcd machine-config-daemon-qvv4f for node cnfdd5.clus2.t5g.lab.eng.bos.redhat.com&#xA;Nov 13 01:42:07.347: [INFO]: banned CPUs setting: &#34;IRQBALANCE_BANNED_CPUS=&#34;&#xA;Nov 13 01:42:07.347: [INFO]: banned CPUs on &#34;cnfdd5.clus2.t5g.lab.eng.bos.redhat.com&#34; when test begins: {}&#xA;Nov 13 01:42:07.352: [INFO]: found mcd machine-config-daemon-qvv4f for node cnfdd5.clus2.t5g.lab.eng.bos.redhat.com&#xA;Nov 13 01:42:07.452: [INFO]: found mcd machine-config-daemon-qvv4f for node cnfdd5.clus2.t5g.lab.eng.bos.redhat.com&#xA;</system-out>
      </testcase>
      <testcase name="[performance] Checking IRQBalance settings Verify irqbalance configuration handling Should store empty cpu mask in the backup file" classname="CNF Features e2e integration tests" time="0.303203448">
          <failure type="Failure">/remote-source/app/vendor/github.com/openshift/cluster-node-tuning-operator/test/e2e/performanceprofile/functests/1_performance/irqbalance.go:171&#xA;found default_smp_affinity 0-103, expected 0-51 - IRQBalance already run?&#xA;Expected&#xA;    &lt;bool&gt;: false&#xA;to be true&#xA;/remote-source/app/vendor/github.com/openshift/cluster-node-tuning-operator/test/e2e/performanceprofile/functests/1_performance/irqbalance.go:191</failure>
          <system-out>[BeforeEach] [performance] Checking IRQBalance settings&#xA;  /remote-source/app/vendor/github.com/openshift/cluster-node-tuning-operator/test/e2e/performanceprofile/functests/1_performance/irqbalance.go:47&#xA;Nov 13 01:43:09.915: [INFO]: MCP &#34;worker&#34; is targeting 2 node(s)&#xA;Nov 13 01:43:09.931: [INFO]: MCP &#34;worker-cnf&#34; is targeting 2 node(s)&#xA;�[1mSTEP�[0m: verifying worker node &#34;cnfdd5.clus2.t5g.lab.eng.bos.redhat.com&#34;&#xA;[It] Should store empty cpu mask in the backup file&#xA;  /remote-source/app/vendor/github.com/openshift/cluster-node-tuning-operator/test/e2e/performanceprofile/functests/1_performance/irqbalance.go:171&#xA;�[1mSTEP�[0m: verifying worker node &#34;cnfdd5.clus2.t5g.lab.eng.bos.redhat.com&#34;&#xA;�[1mSTEP�[0m: Checking the default IRQ affinity on node &#34;cnfdd5.clus2.t5g.lab.eng.bos.redhat.com&#34;&#xA;Nov 13 01:43:09.939: [INFO]: found mcd machine-config-daemon-qvv4f for node cnfdd5.clus2.t5g.lab.eng.bos.redhat.com&#xA;�[1mSTEP�[0m: Checking the online CPU Set on node &#34;cnfdd5.clus2.t5g.lab.eng.bos.redhat.com&#34;&#xA;Nov 13 01:43:10.042: [INFO]: found mcd machine-config-daemon-qvv4f for node cnfdd5.clus2.t5g.lab.eng.bos.redhat.com&#xA;</system-out>
      </testcase>
      <testcase name="[s2i] VFS allocated for l2fw application Validate the build Should forward and receive packets from a pod running l2fw application base on a image created by building config" classname="CNF Features e2e integration tests" time="684.325410864">
          <system-out>[BeforeEach] [s2i]&#xA;  /remote-source/app/cnf-tests/testsuites/pkg/execute/ginkgo.go:9&#xA;[BeforeEach] [s2i]&#xA;  /remote-source/app/cnf-tests/testsuites/e2esuite/s2i/s2i.go:191&#xA;[It] Should forward and receive packets from a pod running l2fw application base on a image created by building config&#xA;  /remote-source/app/cnf-tests/testsuites/e2esuite/s2i/s2i.go:199&#xA;�[1mSTEP�[0m: Parsing output from the DPDK application&#xA;</system-out>
      </testcase>
      <testcase name="[s2i] restoring configuration should restore the cluster to the original status" classname="CNF Features e2e integration tests" time="68.440662289">
          <system-out>[BeforeEach] [s2i]&#xA;  /remote-source/app/cnf-tests/testsuites/pkg/execute/ginkgo.go:9&#xA;[BeforeEach] [s2i]&#xA;  /remote-source/app/cnf-tests/testsuites/e2esuite/s2i/s2i.go:191&#xA;[It] should restore the cluster to the original status&#xA;  /remote-source/app/cnf-tests/testsuites/e2esuite/s2i/s2i.go:223&#xA;�[1mSTEP�[0m:  restore performance profile&#xA;�[1mSTEP�[0m: cleaning the sriov test configuration&#xA;</system-out>
      </testcase>
      <testcase name="[serial][disruptive][scheduler] numaresources workload placement cluster has at least one suitable node [test_id:47591][tier1] should modify workload post scheduling while keeping the resource requests available" classname="CNF Features e2e integration tests" time="0">
          <skipped></skipped>
      </testcase>
      <testcase name="[serial][disruptive][scheduler] numaresources workload unschedulable with no suitable node [test_id:47617][tier2][unsched] workload requests guaranteed pod resources available on one node but not on a single numa" classname="CNF Features e2e integration tests" time="0">
          <skipped></skipped>
      </testcase>
      <testcase name="[serial][disruptive][scheduler] numaresources workload unschedulable with no suitable node [test_id:48963][tier2][unsched] a deployment with a guaranteed pod resources available on one node but not on a single numa" classname="CNF Features e2e integration tests" time="0">
          <skipped></skipped>
      </testcase>
      <testcase name="[serial][disruptive][scheduler] numaresources workload unschedulable with no suitable node [test_id:48962][tier2][unsched] a daemonset with a guaranteed pod resources available on one node but not on a single numa" classname="CNF Features e2e integration tests" time="0">
          <skipped></skipped>
      </testcase>
      <testcase name="[serial][disruptive][scheduler] numaresources workload unschedulable with at least two nodes with two numa zones and enough resources in one numazone [test_id:47592][tier2][unsched] a daemonset with a guaranteed pod resources available on one node/one single numa zone but not in any other node" classname="CNF Features e2e integration tests" time="0">
          <skipped></skipped>
      </testcase>
      <testcase name="[serial][disruptive][scheduler] numaresources workload unschedulable with at least one node [test_id:47616][tier2][tmscope:pod] pod with two containers each on one numa zone can NOT be scheduled" classname="CNF Features e2e integration tests" time="0">
          <skipped></skipped>
      </testcase>
      <testcase name="[serial][disruptive][scheduler] numaresources workload unschedulable with zero suitable nodes [test_id:47615][tier2][unsched] a deployment with multiple guaranteed pods resources that doesn&#39;t fit at the NUMA level" classname="CNF Features e2e integration tests" time="0">
          <skipped></skipped>
      </testcase>
      <testcase name="[sriov] Tuning CNI integration tuning cni over sriov pods with sysctl&#39;s over sriov interface should start" classname="CNF Features e2e integration tests" time="581.513176021">
          <system-out>[BeforeEach] [sriov] Tuning CNI integration&#xA;  /remote-source/app/cnf-tests/testsuites/pkg/execute/ginkgo.go:9&#xA;[BeforeEach] tuning cni over sriov&#xA;  /remote-source/app/cnf-tests/testsuites/e2esuite/security/tuning_sriov.go:47&#xA;[BeforeEach] tuning cni over sriov&#xA;  /remote-source/app/cnf-tests/testsuites/pkg/execute/ginkgo.go:9&#xA;�[1mSTEP�[0m: Checking the network-attachment-defintion is ready&#xA;[It] pods with sysctl&#39;s over sriov interface should start&#xA;  /remote-source/app/cnf-tests/testsuites/e2esuite/security/tuning_sriov.go:72&#xA;[AfterEach] [sriov] Tuning CNI integration&#xA;  /remote-source/app/cnf-tests/testsuites/e2esuite/security/tuning_sriov.go:42&#xA;</system-out>
      </testcase>
      <testcase name="[sriov] Tuning CNI integration tuning cni over sriov pods with sysctl&#39;s on bond over sriov interfaces should start" classname="CNF Features e2e integration tests" time="21.075154614">
          <system-out>[BeforeEach] [sriov] Tuning CNI integration&#xA;  /remote-source/app/cnf-tests/testsuites/pkg/execute/ginkgo.go:9&#xA;[BeforeEach] tuning cni over sriov&#xA;  /remote-source/app/cnf-tests/testsuites/e2esuite/security/tuning_sriov.go:47&#xA;[BeforeEach] tuning cni over sriov&#xA;  /remote-source/app/cnf-tests/testsuites/pkg/execute/ginkgo.go:9&#xA;[It] pods with sysctl&#39;s on bond over sriov interfaces should start&#xA;  /remote-source/app/cnf-tests/testsuites/e2esuite/security/tuning_sriov.go:80&#xA;[AfterEach] [sriov] Tuning CNI integration&#xA;  /remote-source/app/cnf-tests/testsuites/e2esuite/security/tuning_sriov.go:42&#xA;</system-out>
      </testcase>
      <testcase name="[performance] Latency Test with the oslat image should succeed" classname="CNF Features e2e integration tests" time="0.000622292">
          <skipped>/remote-source/app/vendor/github.com/openshift/cluster-node-tuning-operator/test/e2e/performanceprofile/functests/4_latency/latency.go:69&#xA;Skip the latency test, the LATENCY_TEST_RUN set to false&#xA;/remote-source/app/vendor/github.com/openshift/cluster-node-tuning-operator/test/e2e/performanceprofile/functests/4_latency/latency.go:85</skipped>
      </testcase>
      <testcase name="[performance] Latency Test with the cyclictest image should succeed" classname="CNF Features e2e integration tests" time="0.000361022">
          <skipped>/remote-source/app/vendor/github.com/openshift/cluster-node-tuning-operator/test/e2e/performanceprofile/functests/4_latency/latency.go:69&#xA;Skip the latency test, the LATENCY_TEST_RUN set to false&#xA;/remote-source/app/vendor/github.com/openshift/cluster-node-tuning-operator/test/e2e/performanceprofile/functests/4_latency/latency.go:85</skipped>
      </testcase>
      <testcase name="[performance] Latency Test with the hwlatdetect image should succeed" classname="CNF Features e2e integration tests" time="0.00032722">
          <skipped>/remote-source/app/vendor/github.com/openshift/cluster-node-tuning-operator/test/e2e/performanceprofile/functests/4_latency/latency.go:69&#xA;Skip the latency test, the LATENCY_TEST_RUN set to false&#xA;/remote-source/app/vendor/github.com/openshift/cluster-node-tuning-operator/test/e2e/performanceprofile/functests/4_latency/latency.go:85</skipped>
      </testcase>
      <testcase name="[tuningcni] tuningcni over macvlan should be able to create pod with sysctls over macvlan" classname="CNF Features e2e integration tests" time="0">
          <skipped></skipped>
      </testcase>
      <testcase name="[tuningcni] tuningcni over macvlan pods with sysctl&#39;s over macvlan should be able to ping each other" classname="CNF Features e2e integration tests" time="0">
          <skipped></skipped>
      </testcase>
      <testcase name="[tuningcni] tuningcni over bond pods with sysctls over bond should be able to ping each other" classname="CNF Features e2e integration tests" time="0">
          <skipped></skipped>
      </testcase>
      <testcase name="[ref_id: 40307][pao]Resizing Network Queues Updating performance profile for netqueues [test_id:40308][crit:high][vendor:cnf-qe@redhat.com][level:acceptance] Network device queues Should be set to the profile&#39;s reserved CPUs count " classname="CNF Features e2e integration tests" time="0.53958406">
          <system-out>[BeforeEach] [ref_id: 40307][pao]Resizing Network Queues&#xA;  /remote-source/app/vendor/github.com/openshift/cluster-node-tuning-operator/test/e2e/performanceprofile/functests/utils/utils.go:19&#xA;�[1mSTEP�[0m: Backing up the profile&#xA;[BeforeEach] [ref_id: 40307][pao]Resizing Network Queues&#xA;  /remote-source/app/vendor/github.com/openshift/cluster-node-tuning-operator/test/e2e/performanceprofile/functests/1_performance/netqueues.go:66&#xA;�[1mSTEP�[0m: Enable UserLevelNetworking in Profile&#xA;�[1mSTEP�[0m: Updating the performance profile&#xA;[It] [test_id:40308][crit:high][vendor:cnf-qe@redhat.com][level:acceptance] Network device queues Should be set to the profile&#39;s reserved CPUs count &#xA;  /remote-source/app/vendor/github.com/openshift/cluster-node-tuning-operator/test/e2e/performanceprofile/functests/1_performance/netqueues.go:95&#xA;[AfterEach] [ref_id: 40307][pao]Resizing Network Queues&#xA;  /remote-source/app/vendor/github.com/openshift/cluster-node-tuning-operator/test/e2e/performanceprofile/functests/1_performance/netqueues.go:82&#xA;�[1mSTEP�[0m: Reverting the Profile&#xA;</system-out>
      </testcase>
      <testcase name="[ref_id: 40307][pao]Resizing Network Queues Updating performance profile for netqueues [test_id:40542] Verify the number of network queues of all supported network interfaces are equal to reserved cpus count" classname="CNF Features e2e integration tests" time="25.544527007">
          <system-out>[BeforeEach] [ref_id: 40307][pao]Resizing Network Queues&#xA;  /remote-source/app/vendor/github.com/openshift/cluster-node-tuning-operator/test/e2e/performanceprofile/functests/utils/utils.go:19&#xA;[BeforeEach] [ref_id: 40307][pao]Resizing Network Queues&#xA;  /remote-source/app/vendor/github.com/openshift/cluster-node-tuning-operator/test/e2e/performanceprofile/functests/1_performance/netqueues.go:66&#xA;�[1mSTEP�[0m: Enable UserLevelNetworking in Profile&#xA;�[1mSTEP�[0m: Updating the performance profile&#xA;[It] [test_id:40542] Verify the number of network queues of all supported network interfaces are equal to reserved cpus count&#xA;  /remote-source/app/vendor/github.com/openshift/cluster-node-tuning-operator/test/e2e/performanceprofile/functests/1_performance/netqueues.go:108&#xA;[AfterEach] [ref_id: 40307][pao]Resizing Network Queues&#xA;  /remote-source/app/vendor/github.com/openshift/cluster-node-tuning-operator/test/e2e/performanceprofile/functests/1_performance/netqueues.go:82&#xA;�[1mSTEP�[0m: Reverting the Profile&#xA;</system-out>
      </testcase>
      <testcase name="[ref_id: 40307][pao]Resizing Network Queues Updating performance profile for netqueues [test_id:40543] Add interfaceName and verify the interface netqueues are equal to reserved cpus count." classname="CNF Features e2e integration tests" time="41.633576458">
          <system-out>[BeforeEach] [ref_id: 40307][pao]Resizing Network Queues&#xA;  /remote-source/app/vendor/github.com/openshift/cluster-node-tuning-operator/test/e2e/performanceprofile/functests/utils/utils.go:19&#xA;[BeforeEach] [ref_id: 40307][pao]Resizing Network Queues&#xA;  /remote-source/app/vendor/github.com/openshift/cluster-node-tuning-operator/test/e2e/performanceprofile/functests/1_performance/netqueues.go:66&#xA;�[1mSTEP�[0m: Enable UserLevelNetworking in Profile&#xA;�[1mSTEP�[0m: Updating the performance profile&#xA;[It] [test_id:40543] Add interfaceName and verify the interface netqueues are equal to reserved cpus count.&#xA;  /remote-source/app/vendor/github.com/openshift/cluster-node-tuning-operator/test/e2e/performanceprofile/functests/1_performance/netqueues.go:116&#xA;�[1mSTEP�[0m: Enable UserLevelNetworking and add Devices in Profile&#xA;�[1mSTEP�[0m: Updating the performance profile&#xA;[AfterEach] [ref_id: 40307][pao]Resizing Network Queues&#xA;  /remote-source/app/vendor/github.com/openshift/cluster-node-tuning-operator/test/e2e/performanceprofile/functests/1_performance/netqueues.go:82&#xA;�[1mSTEP�[0m: Reverting the Profile&#xA;</system-out>
      </testcase>
      <testcase name="[ref_id: 40307][pao]Resizing Network Queues Updating performance profile for netqueues [test_id:40545] Verify reserved cpus count is applied to specific supported networking devices using wildcard matches" classname="CNF Features e2e integration tests" time="50.609848309">
          <system-out>[BeforeEach] [ref_id: 40307][pao]Resizing Network Queues&#xA;  /remote-source/app/vendor/github.com/openshift/cluster-node-tuning-operator/test/e2e/performanceprofile/functests/utils/utils.go:19&#xA;[BeforeEach] [ref_id: 40307][pao]Resizing Network Queues&#xA;  /remote-source/app/vendor/github.com/openshift/cluster-node-tuning-operator/test/e2e/performanceprofile/functests/1_performance/netqueues.go:66&#xA;�[1mSTEP�[0m: Enable UserLevelNetworking in Profile&#xA;�[1mSTEP�[0m: Updating the performance profile&#xA;[It] [test_id:40545] Verify reserved cpus count is applied to specific supported networking devices using wildcard matches&#xA;  /remote-source/app/vendor/github.com/openshift/cluster-node-tuning-operator/test/e2e/performanceprofile/functests/1_performance/netqueues.go:162&#xA;�[1mSTEP�[0m: Enable UserLevelNetworking and add Devices in Profile&#xA;[AfterEach] [ref_id: 40307][pao]Resizing Network Queues&#xA;  /remote-source/app/vendor/github.com/openshift/cluster-node-tuning-operator/test/e2e/performanceprofile/functests/1_performance/netqueues.go:82&#xA;�[1mSTEP�[0m: Reverting the Profile&#xA;</system-out>
      </testcase>
      <testcase name="[ref_id: 40307][pao]Resizing Network Queues Updating performance profile for netqueues [test_id:40668] Verify reserved cpu count is added to networking devices matched with vendor and Device id" classname="CNF Features e2e integration tests" time="46.905139751">
          <system-out>[BeforeEach] [ref_id: 40307][pao]Resizing Network Queues&#xA;  /remote-source/app/vendor/github.com/openshift/cluster-node-tuning-operator/test/e2e/performanceprofile/functests/utils/utils.go:19&#xA;[BeforeEach] [ref_id: 40307][pao]Resizing Network Queues&#xA;  /remote-source/app/vendor/github.com/openshift/cluster-node-tuning-operator/test/e2e/performanceprofile/functests/1_performance/netqueues.go:66&#xA;�[1mSTEP�[0m: Enable UserLevelNetworking in Profile&#xA;�[1mSTEP�[0m: Updating the performance profile&#xA;[It] [test_id:40668] Verify reserved cpu count is added to networking devices matched with vendor and Device id&#xA;  /remote-source/app/vendor/github.com/openshift/cluster-node-tuning-operator/test/e2e/performanceprofile/functests/1_performance/netqueues.go:209&#xA;Nov 13 02:09:32.872: [INFO]: found mcd machine-config-daemon-qvv4f for node cnfdd5.clus2.t5g.lab.eng.bos.redhat.com&#xA;Nov 13 02:09:32.959: [INFO]: found mcd machine-config-daemon-qvv4f for node cnfdd5.clus2.t5g.lab.eng.bos.redhat.com&#xA;�[1mSTEP�[0m: Enable UserLevelNetworking and add DeviceID, VendorID and Interface in Profile&#xA;[AfterEach] [ref_id: 40307][pao]Resizing Network Queues&#xA;  /remote-source/app/vendor/github.com/openshift/cluster-node-tuning-operator/test/e2e/performanceprofile/functests/1_performance/netqueues.go:82&#xA;�[1mSTEP�[0m: Reverting the Profile&#xA;</system-out>
      </testcase>
      <testcase name="[sriov] operator No SriovNetworkNodePolicy SR-IOV network config daemon can be set by nodeselector Should schedule the config daemon on selected nodes" classname="CNF Features e2e integration tests" time="101.946390454">
          <system-out>[BeforeEach] [sriov] operator&#xA;  /remote-source/app/vendor/github.com/k8snetworkplumbingwg/sriov-network-operator/test/util/execute/ginkgo.go:9&#xA;[BeforeEach] [sriov] operator&#xA;  /remote-source/app/vendor/github.com/k8snetworkplumbingwg/sriov-network-operator/test/conformance/tests/test_sriov_operator.go:97&#xA;[It] Should schedule the config daemon on selected nodes&#xA;  /remote-source/app/vendor/github.com/k8snetworkplumbingwg/sriov-network-operator/test/conformance/tests/test_sriov_operator.go:104&#xA;�[1mSTEP�[0m: Checking that a daemon is scheduled on each worker node&#xA;�[1mSTEP�[0m: Labeling one worker node with the label needed for the daemon&#xA;�[1mSTEP�[0m: Setting the node selector for each daemon&#xA;�[1mSTEP�[0m: Checking that a daemon is scheduled only on selected node&#xA;�[1mSTEP�[0m: Restoring the node selector for daemons&#xA;�[1mSTEP�[0m: Checking that a daemon is scheduled on each worker node&#xA;</system-out>
      </testcase>
      <testcase name="[sriov] operator Generic SriovNetworkNodePolicy Resource Injector Should inject downward api volume with no labels present" classname="CNF Features e2e integration tests" time="572.601668914">
          <system-out>[BeforeEach] [sriov] operator&#xA;  /remote-source/app/vendor/github.com/k8snetworkplumbingwg/sriov-network-operator/test/util/execute/ginkgo.go:9&#xA;[BeforeEach] [sriov] operator&#xA;  /remote-source/app/vendor/github.com/k8snetworkplumbingwg/sriov-network-operator/test/conformance/tests/test_sriov_operator.go:97&#xA;[BeforeEach] Generic SriovNetworkNodePolicy&#xA;  /remote-source/app/vendor/github.com/k8snetworkplumbingwg/sriov-network-operator/test/util/execute/ginkgo.go:9&#xA;[BeforeEach] Generic SriovNetworkNodePolicy&#xA;  /remote-source/app/vendor/github.com/k8snetworkplumbingwg/sriov-network-operator/test/conformance/tests/test_sriov_operator.go:209&#xA;[It] Should inject downward api volume with no labels present&#xA;  /remote-source/app/vendor/github.com/k8snetworkplumbingwg/sriov-network-operator/test/conformance/tests/test_sriov_operator.go:220&#xA;</system-out>
      </testcase>
      <testcase name="[sriov] operator Generic SriovNetworkNodePolicy Resource Injector Should inject downward api volume with labels present" classname="CNF Features e2e integration tests" time="5.081920359">
          <system-out>[BeforeEach] [sriov] operator&#xA;  /remote-source/app/vendor/github.com/k8snetworkplumbingwg/sriov-network-operator/test/util/execute/ginkgo.go:9&#xA;[BeforeEach] [sriov] operator&#xA;  /remote-source/app/vendor/github.com/k8snetworkplumbingwg/sriov-network-operator/test/conformance/tests/test_sriov_operator.go:97&#xA;[BeforeEach] Generic SriovNetworkNodePolicy&#xA;  /remote-source/app/vendor/github.com/k8snetworkplumbingwg/sriov-network-operator/test/util/execute/ginkgo.go:9&#xA;[BeforeEach] Generic SriovNetworkNodePolicy&#xA;  /remote-source/app/vendor/github.com/k8snetworkplumbingwg/sriov-network-operator/test/conformance/tests/test_sriov_operator.go:209&#xA;[It] Should inject downward api volume with labels present&#xA;  /remote-source/app/vendor/github.com/k8snetworkplumbingwg/sriov-network-operator/test/conformance/tests/test_sriov_operator.go:282&#xA;</system-out>
      </testcase>
      <testcase name="[sriov] operator Generic SriovNetworkNodePolicy VF flags Should configure the spoofChk boolean variable" classname="CNF Features e2e integration tests" time="12.908493997">
          <system-out>[BeforeEach] [sriov] operator&#xA;  /remote-source/app/vendor/github.com/k8snetworkplumbingwg/sriov-network-operator/test/util/execute/ginkgo.go:9&#xA;[BeforeEach] [sriov] operator&#xA;  /remote-source/app/vendor/github.com/k8snetworkplumbingwg/sriov-network-operator/test/conformance/tests/test_sriov_operator.go:97&#xA;[BeforeEach] Generic SriovNetworkNodePolicy&#xA;  /remote-source/app/vendor/github.com/k8snetworkplumbingwg/sriov-network-operator/test/util/execute/ginkgo.go:9&#xA;[BeforeEach] Generic SriovNetworkNodePolicy&#xA;  /remote-source/app/vendor/github.com/k8snetworkplumbingwg/sriov-network-operator/test/conformance/tests/test_sriov_operator.go:209&#xA;[BeforeEach] VF flags&#xA;  /remote-source/app/vendor/github.com/k8snetworkplumbingwg/sriov-network-operator/test/conformance/tests/test_sriov_operator.go:399&#xA;[It] Should configure the spoofChk boolean variable&#xA;  /remote-source/app/vendor/github.com/k8snetworkplumbingwg/sriov-network-operator/test/conformance/tests/test_sriov_operator.go:419&#xA;�[1mSTEP�[0m: configuring spoofChk on&#xA;�[1mSTEP�[0m: removing sriov network&#xA;�[1mSTEP�[0m: configuring spoofChk off&#xA;</system-out>
      </testcase>
      <testcase name="[sriov] operator Generic SriovNetworkNodePolicy VF flags Should configure the trust boolean variable" classname="CNF Features e2e integration tests" time="10.793254703">
          <system-out>[BeforeEach] [sriov] operator&#xA;  /remote-source/app/vendor/github.com/k8snetworkplumbingwg/sriov-network-operator/test/util/execute/ginkgo.go:9&#xA;[BeforeEach] [sriov] operator&#xA;  /remote-source/app/vendor/github.com/k8snetworkplumbingwg/sriov-network-operator/test/conformance/tests/test_sriov_operator.go:97&#xA;[BeforeEach] Generic SriovNetworkNodePolicy&#xA;  /remote-source/app/vendor/github.com/k8snetworkplumbingwg/sriov-network-operator/test/util/execute/ginkgo.go:9&#xA;[BeforeEach] Generic SriovNetworkNodePolicy&#xA;  /remote-source/app/vendor/github.com/k8snetworkplumbingwg/sriov-network-operator/test/conformance/tests/test_sriov_operator.go:209&#xA;[BeforeEach] VF flags&#xA;  /remote-source/app/vendor/github.com/k8snetworkplumbingwg/sriov-network-operator/test/conformance/tests/test_sriov_operator.go:399&#xA;[It] Should configure the trust boolean variable&#xA;  /remote-source/app/vendor/github.com/k8snetworkplumbingwg/sriov-network-operator/test/conformance/tests/test_sriov_operator.go:464&#xA;�[1mSTEP�[0m: configuring trust on&#xA;�[1mSTEP�[0m: removing sriov network&#xA;�[1mSTEP�[0m: configuring trust off&#xA;</system-out>
      </testcase>
      <testcase name="[sriov] operator Generic SriovNetworkNodePolicy VF flags Should configure the the link state variable" classname="CNF Features e2e integration tests" time="16.302807411">
          <system-out>[BeforeEach] [sriov] operator&#xA;  /remote-source/app/vendor/github.com/k8snetworkplumbingwg/sriov-network-operator/test/util/execute/ginkgo.go:9&#xA;[BeforeEach] [sriov] operator&#xA;  /remote-source/app/vendor/github.com/k8snetworkplumbingwg/sriov-network-operator/test/conformance/tests/test_sriov_operator.go:97&#xA;[BeforeEach] Generic SriovNetworkNodePolicy&#xA;  /remote-source/app/vendor/github.com/k8snetworkplumbingwg/sriov-network-operator/test/util/execute/ginkgo.go:9&#xA;[BeforeEach] Generic SriovNetworkNodePolicy&#xA;  /remote-source/app/vendor/github.com/k8snetworkplumbingwg/sriov-network-operator/test/conformance/tests/test_sriov_operator.go:209&#xA;[BeforeEach] VF flags&#xA;  /remote-source/app/vendor/github.com/k8snetworkplumbingwg/sriov-network-operator/test/conformance/tests/test_sriov_operator.go:399&#xA;[It] Should configure the the link state variable&#xA;  /remote-source/app/vendor/github.com/k8snetworkplumbingwg/sriov-network-operator/test/conformance/tests/test_sriov_operator.go:508&#xA;�[1mSTEP�[0m: configuring link-state as enabled&#xA;�[1mSTEP�[0m: removing sriov network&#xA;�[1mSTEP�[0m: configuring link-state as disable&#xA;�[1mSTEP�[0m: removing sriov network&#xA;�[1mSTEP�[0m: configuring link-state as auto&#xA;</system-out>
      </testcase>
      <testcase name="[sriov] operator Generic SriovNetworkNodePolicy VF flags rate limit Should configure the requested rate limit flags under the vf" classname="CNF Features e2e integration tests" time="3.067449809">
          <skipped>/remote-source/app/vendor/github.com/k8snetworkplumbingwg/sriov-network-operator/test/conformance/tests/test_sriov_operator.go:572&#xA;Skip rate limit test no mellanox driver found&#xA;/remote-source/app/vendor/github.com/k8snetworkplumbingwg/sriov-network-operator/test/conformance/tests/test_sriov_operator.go:578</skipped>
      </testcase>
      <testcase name="[sriov] operator Generic SriovNetworkNodePolicy VF flags vlan and Qos vlan Should configure the requested vlan and Qos vlan flags under the vf" classname="CNF Features e2e integration tests" time="5.463284016">
          <system-out>[BeforeEach] [sriov] operator&#xA;  /remote-source/app/vendor/github.com/k8snetworkplumbingwg/sriov-network-operator/test/util/execute/ginkgo.go:9&#xA;[BeforeEach] [sriov] operator&#xA;  /remote-source/app/vendor/github.com/k8snetworkplumbingwg/sriov-network-operator/test/conformance/tests/test_sriov_operator.go:97&#xA;[BeforeEach] Generic SriovNetworkNodePolicy&#xA;  /remote-source/app/vendor/github.com/k8snetworkplumbingwg/sriov-network-operator/test/util/execute/ginkgo.go:9&#xA;[BeforeEach] Generic SriovNetworkNodePolicy&#xA;  /remote-source/app/vendor/github.com/k8snetworkplumbingwg/sriov-network-operator/test/conformance/tests/test_sriov_operator.go:209&#xA;[BeforeEach] VF flags&#xA;  /remote-source/app/vendor/github.com/k8snetworkplumbingwg/sriov-network-operator/test/conformance/tests/test_sriov_operator.go:399&#xA;[It] Should configure the requested vlan and Qos vlan flags under the vf&#xA;  /remote-source/app/vendor/github.com/k8snetworkplumbingwg/sriov-network-operator/test/conformance/tests/test_sriov_operator.go:618&#xA;</system-out>
      </testcase>
      <testcase name="[sriov] operator Generic SriovNetworkNodePolicy Multiple sriov device and attachment Should configure multiple network attachments" classname="CNF Features e2e integration tests" time="5.085936641">
          <system-out>[BeforeEach] [sriov] operator&#xA;  /remote-source/app/vendor/github.com/k8snetworkplumbingwg/sriov-network-operator/test/util/execute/ginkgo.go:9&#xA;[BeforeEach] [sriov] operator&#xA;  /remote-source/app/vendor/github.com/k8snetworkplumbingwg/sriov-network-operator/test/conformance/tests/test_sriov_operator.go:97&#xA;[BeforeEach] Generic SriovNetworkNodePolicy&#xA;  /remote-source/app/vendor/github.com/k8snetworkplumbingwg/sriov-network-operator/test/util/execute/ginkgo.go:9&#xA;[BeforeEach] Generic SriovNetworkNodePolicy&#xA;  /remote-source/app/vendor/github.com/k8snetworkplumbingwg/sriov-network-operator/test/conformance/tests/test_sriov_operator.go:209&#xA;[It] Should configure multiple network attachments&#xA;  /remote-source/app/vendor/github.com/k8snetworkplumbingwg/sriov-network-operator/test/conformance/tests/test_sriov_operator.go:655&#xA;</system-out>
      </testcase>
      <testcase name="[sriov] operator Generic SriovNetworkNodePolicy IPv6 configured secondary interfaces on pods should be able to ping each other" classname="CNF Features e2e integration tests" time="21.213359563">
          <system-out>[BeforeEach] [sriov] operator&#xA;  /remote-source/app/vendor/github.com/k8snetworkplumbingwg/sriov-network-operator/test/util/execute/ginkgo.go:9&#xA;[BeforeEach] [sriov] operator&#xA;  /remote-source/app/vendor/github.com/k8snetworkplumbingwg/sriov-network-operator/test/conformance/tests/test_sriov_operator.go:97&#xA;[BeforeEach] Generic SriovNetworkNodePolicy&#xA;  /remote-source/app/vendor/github.com/k8snetworkplumbingwg/sriov-network-operator/test/util/execute/ginkgo.go:9&#xA;[BeforeEach] Generic SriovNetworkNodePolicy&#xA;  /remote-source/app/vendor/github.com/k8snetworkplumbingwg/sriov-network-operator/test/conformance/tests/test_sriov_operator.go:209&#xA;[It] should be able to ping each other&#xA;  /remote-source/app/vendor/github.com/k8snetworkplumbingwg/sriov-network-operator/test/conformance/tests/test_sriov_operator.go:673&#xA;</system-out>
      </testcase>
      <testcase name="[sriov] operator Generic SriovNetworkNodePolicy NAD update NAD is updated when SriovNetwork spec/networkNamespace is changed" classname="CNF Features e2e integration tests" time="20.148039344">
          <system-out>[BeforeEach] [sriov] operator&#xA;  /remote-source/app/vendor/github.com/k8snetworkplumbingwg/sriov-network-operator/test/util/execute/ginkgo.go:9&#xA;[BeforeEach] [sriov] operator&#xA;  /remote-source/app/vendor/github.com/k8snetworkplumbingwg/sriov-network-operator/test/conformance/tests/test_sriov_operator.go:97&#xA;[BeforeEach] Generic SriovNetworkNodePolicy&#xA;  /remote-source/app/vendor/github.com/k8snetworkplumbingwg/sriov-network-operator/test/util/execute/ginkgo.go:9&#xA;[BeforeEach] Generic SriovNetworkNodePolicy&#xA;  /remote-source/app/vendor/github.com/k8snetworkplumbingwg/sriov-network-operator/test/conformance/tests/test_sriov_operator.go:209&#xA;[It] NAD is updated when SriovNetwork spec/networkNamespace is changed&#xA;  /remote-source/app/vendor/github.com/k8snetworkplumbingwg/sriov-network-operator/test/conformance/tests/test_sriov_operator.go:696&#xA;</system-out>
      </testcase>
      <testcase name="[sriov] operator Generic SriovNetworkNodePolicy NAD update NAD default gateway is updated when SriovNetwork ipam is changed" classname="CNF Features e2e integration tests" time="3.053198832">
          <system-out>[BeforeEach] [sriov] operator&#xA;  /remote-source/app/vendor/github.com/k8snetworkplumbingwg/sriov-network-operator/test/util/execute/ginkgo.go:9&#xA;[BeforeEach] [sriov] operator&#xA;  /remote-source/app/vendor/github.com/k8snetworkplumbingwg/sriov-network-operator/test/conformance/tests/test_sriov_operator.go:97&#xA;[BeforeEach] Generic SriovNetworkNodePolicy&#xA;  /remote-source/app/vendor/github.com/k8snetworkplumbingwg/sriov-network-operator/test/util/execute/ginkgo.go:9&#xA;[BeforeEach] Generic SriovNetworkNodePolicy&#xA;  /remote-source/app/vendor/github.com/k8snetworkplumbingwg/sriov-network-operator/test/conformance/tests/test_sriov_operator.go:209&#xA;[It] NAD default gateway is updated when SriovNetwork ipam is changed&#xA;  /remote-source/app/vendor/github.com/k8snetworkplumbingwg/sriov-network-operator/test/conformance/tests/test_sriov_operator.go:734&#xA;</system-out>
      </testcase>
      <testcase name="[sriov] operator Generic SriovNetworkNodePolicy SRIOV and macvlan Should be able to create a pod with both sriov and macvlan interfaces" classname="CNF Features e2e integration tests" time="4.270776827">
          <system-out>[BeforeEach] [sriov] operator&#xA;  /remote-source/app/vendor/github.com/k8snetworkplumbingwg/sriov-network-operator/test/util/execute/ginkgo.go:9&#xA;[BeforeEach] [sriov] operator&#xA;  /remote-source/app/vendor/github.com/k8snetworkplumbingwg/sriov-network-operator/test/conformance/tests/test_sriov_operator.go:97&#xA;[BeforeEach] Generic SriovNetworkNodePolicy&#xA;  /remote-source/app/vendor/github.com/k8snetworkplumbingwg/sriov-network-operator/test/util/execute/ginkgo.go:9&#xA;[BeforeEach] Generic SriovNetworkNodePolicy&#xA;  /remote-source/app/vendor/github.com/k8snetworkplumbingwg/sriov-network-operator/test/conformance/tests/test_sriov_operator.go:209&#xA;[It] Should be able to create a pod with both sriov and macvlan interfaces&#xA;  /remote-source/app/vendor/github.com/k8snetworkplumbingwg/sriov-network-operator/test/conformance/tests/test_sriov_operator.go:770&#xA;</system-out>
      </testcase>
      <testcase name="[sriov] operator Generic SriovNetworkNodePolicy Meta Plugin Configuration Should be able to configure a metaplugin" classname="CNF Features e2e integration tests" time="5.199339582">
          <system-out>[BeforeEach] [sriov] operator&#xA;  /remote-source/app/vendor/github.com/k8snetworkplumbingwg/sriov-network-operator/test/util/execute/ginkgo.go:9&#xA;[BeforeEach] [sriov] operator&#xA;  /remote-source/app/vendor/github.com/k8snetworkplumbingwg/sriov-network-operator/test/conformance/tests/test_sriov_operator.go:97&#xA;[BeforeEach] Generic SriovNetworkNodePolicy&#xA;  /remote-source/app/vendor/github.com/k8snetworkplumbingwg/sriov-network-operator/test/util/execute/ginkgo.go:9&#xA;[BeforeEach] Generic SriovNetworkNodePolicy&#xA;  /remote-source/app/vendor/github.com/k8snetworkplumbingwg/sriov-network-operator/test/conformance/tests/test_sriov_operator.go:209&#xA;[It] Should be able to configure a metaplugin&#xA;  /remote-source/app/vendor/github.com/k8snetworkplumbingwg/sriov-network-operator/test/conformance/tests/test_sriov_operator.go:810&#xA;</system-out>
      </testcase>
      <testcase name="[sriov] operator Generic SriovNetworkNodePolicy Virtual Functions should release the VFs once the pod deleted and same VFs can be used by the new created pods" classname="CNF Features e2e integration tests" time="28.280837138">
          <system-out>[BeforeEach] [sriov] operator&#xA;  /remote-source/app/vendor/github.com/k8snetworkplumbingwg/sriov-network-operator/test/util/execute/ginkgo.go:9&#xA;[BeforeEach] [sriov] operator&#xA;  /remote-source/app/vendor/github.com/k8snetworkplumbingwg/sriov-network-operator/test/conformance/tests/test_sriov_operator.go:97&#xA;[BeforeEach] Generic SriovNetworkNodePolicy&#xA;  /remote-source/app/vendor/github.com/k8snetworkplumbingwg/sriov-network-operator/test/util/execute/ginkgo.go:9&#xA;[BeforeEach] Generic SriovNetworkNodePolicy&#xA;  /remote-source/app/vendor/github.com/k8snetworkplumbingwg/sriov-network-operator/test/conformance/tests/test_sriov_operator.go:209&#xA;[It] should release the VFs once the pod deleted and same VFs can be used by the new created pods&#xA;  /remote-source/app/vendor/github.com/k8snetworkplumbingwg/sriov-network-operator/test/conformance/tests/test_sriov_operator.go:832&#xA;�[1mSTEP�[0m: Create first Pod which consumes all available VFs&#xA;�[1mSTEP�[0m: Checking that first Pod is in Running state&#xA;�[1mSTEP�[0m: Create second Pod which consumes one more VF&#xA;�[1mSTEP�[0m: Checking second that pod is in Pending state&#xA;�[1mSTEP�[0m: Checking that relevant error event was originated&#xA;�[1mSTEP�[0m: Delete first pod and release all VFs&#xA;�[1mSTEP�[0m: Checking that second pod is able to use released VF&#xA;</system-out>
      </testcase>
      <testcase name="[sriov] operator Custom SriovNetworkNodePolicy Configuration Create vfio-pci node policy Should be possible to create a vfio-pci resource" classname="CNF Features e2e integration tests" time="154.908675668">
          <system-out>[BeforeEach] [sriov] operator&#xA;  /remote-source/app/vendor/github.com/k8snetworkplumbingwg/sriov-network-operator/test/util/execute/ginkgo.go:9&#xA;[BeforeEach] [sriov] operator&#xA;  /remote-source/app/vendor/github.com/k8snetworkplumbingwg/sriov-network-operator/test/conformance/tests/test_sriov_operator.go:97&#xA;[BeforeEach] Custom SriovNetworkNodePolicy&#xA;  /remote-source/app/vendor/github.com/k8snetworkplumbingwg/sriov-network-operator/test/util/execute/ginkgo.go:9&#xA;[BeforeEach] Custom SriovNetworkNodePolicy&#xA;  /remote-source/app/vendor/github.com/k8snetworkplumbingwg/sriov-network-operator/test/conformance/tests/test_sriov_operator.go:911&#xA;[BeforeEach] Create vfio-pci node policy&#xA;  /remote-source/app/vendor/github.com/k8snetworkplumbingwg/sriov-network-operator/test/conformance/tests/test_sriov_operator.go:920&#xA;[It] Should be possible to create a vfio-pci resource&#xA;  /remote-source/app/vendor/github.com/k8snetworkplumbingwg/sriov-network-operator/test/conformance/tests/test_sriov_operator.go:929&#xA;�[1mSTEP�[0m: creating a vfio-pci node policy&#xA;�[1mSTEP�[0m: waiting for the node state to be updated&#xA;�[1mSTEP�[0m: waiting the sriov to be stable on the node&#xA;�[1mSTEP�[0m: waiting for the resources to be available&#xA;</system-out>
      </testcase>
      <testcase name="[sriov] operator Custom SriovNetworkNodePolicy Configuration PF Partitioning Should be possible to partition the pf&#39;s vfs" classname="CNF Features e2e integration tests" time="213.860091189">
          <system-out>[BeforeEach] [sriov] operator&#xA;  /remote-source/app/vendor/github.com/k8snetworkplumbingwg/sriov-network-operator/test/util/execute/ginkgo.go:9&#xA;[BeforeEach] [sriov] operator&#xA;  /remote-source/app/vendor/github.com/k8snetworkplumbingwg/sriov-network-operator/test/conformance/tests/test_sriov_operator.go:97&#xA;[BeforeEach] Custom SriovNetworkNodePolicy&#xA;  /remote-source/app/vendor/github.com/k8snetworkplumbingwg/sriov-network-operator/test/util/execute/ginkgo.go:9&#xA;[BeforeEach] Custom SriovNetworkNodePolicy&#xA;  /remote-source/app/vendor/github.com/k8snetworkplumbingwg/sriov-network-operator/test/conformance/tests/test_sriov_operator.go:911&#xA;[BeforeEach] PF Partitioning&#xA;  /remote-source/app/vendor/github.com/k8snetworkplumbingwg/sriov-network-operator/test/conformance/tests/test_sriov_operator.go:963&#xA;[It] Should be possible to partition the pf&#39;s vfs&#xA;  /remote-source/app/vendor/github.com/k8snetworkplumbingwg/sriov-network-operator/test/conformance/tests/test_sriov_operator.go:972&#xA;</system-out>
      </testcase>
      <testcase name="[sriov] operator Custom SriovNetworkNodePolicy Configuration PF Partitioning Should not be possible to have overlapping pf ranges" classname="CNF Features e2e integration tests" time="70.459799482">
          <system-out>[BeforeEach] [sriov] operator&#xA;  /remote-source/app/vendor/github.com/k8snetworkplumbingwg/sriov-network-operator/test/util/execute/ginkgo.go:9&#xA;[BeforeEach] [sriov] operator&#xA;  /remote-source/app/vendor/github.com/k8snetworkplumbingwg/sriov-network-operator/test/conformance/tests/test_sriov_operator.go:97&#xA;[BeforeEach] Custom SriovNetworkNodePolicy&#xA;  /remote-source/app/vendor/github.com/k8snetworkplumbingwg/sriov-network-operator/test/util/execute/ginkgo.go:9&#xA;[BeforeEach] Custom SriovNetworkNodePolicy&#xA;  /remote-source/app/vendor/github.com/k8snetworkplumbingwg/sriov-network-operator/test/conformance/tests/test_sriov_operator.go:911&#xA;[BeforeEach] PF Partitioning&#xA;  /remote-source/app/vendor/github.com/k8snetworkplumbingwg/sriov-network-operator/test/conformance/tests/test_sriov_operator.go:963&#xA;[It] Should not be possible to have overlapping pf ranges&#xA;  /remote-source/app/vendor/github.com/k8snetworkplumbingwg/sriov-network-operator/test/conformance/tests/test_sriov_operator.go:1063&#xA;</system-out>
      </testcase>
      <testcase name="[sriov] operator Custom SriovNetworkNodePolicy Configuration Main PF should work when vfs are used by pods" classname="CNF Features e2e integration tests" time="714.368715792">
          <system-out>[BeforeEach] [sriov] operator&#xA;  /remote-source/app/vendor/github.com/k8snetworkplumbingwg/sriov-network-operator/test/util/execute/ginkgo.go:9&#xA;[BeforeEach] [sriov] operator&#xA;  /remote-source/app/vendor/github.com/k8snetworkplumbingwg/sriov-network-operator/test/conformance/tests/test_sriov_operator.go:97&#xA;[BeforeEach] Custom SriovNetworkNodePolicy&#xA;  /remote-source/app/vendor/github.com/k8snetworkplumbingwg/sriov-network-operator/test/util/execute/ginkgo.go:9&#xA;[BeforeEach] Custom SriovNetworkNodePolicy&#xA;  /remote-source/app/vendor/github.com/k8snetworkplumbingwg/sriov-network-operator/test/conformance/tests/test_sriov_operator.go:911&#xA;[It] should work when vfs are used by pods&#xA;  /remote-source/app/vendor/github.com/k8snetworkplumbingwg/sriov-network-operator/test/conformance/tests/test_sriov_operator.go:1128&#xA;</system-out>
      </testcase>
      <testcase name="[sriov] operator Custom SriovNetworkNodePolicy Configuration PF shutdown Should be able to create pods successfully if PF is down.Pods are able to communicate with each other on the same node" classname="CNF Features e2e integration tests" time="156.953878898">
          <system-out>[BeforeEach] [sriov] operator&#xA;  /remote-source/app/vendor/github.com/k8snetworkplumbingwg/sriov-network-operator/test/util/execute/ginkgo.go:9&#xA;[BeforeEach] [sriov] operator&#xA;  /remote-source/app/vendor/github.com/k8snetworkplumbingwg/sriov-network-operator/test/conformance/tests/test_sriov_operator.go:97&#xA;[BeforeEach] Custom SriovNetworkNodePolicy&#xA;  /remote-source/app/vendor/github.com/k8snetworkplumbingwg/sriov-network-operator/test/util/execute/ginkgo.go:9&#xA;[BeforeEach] Custom SriovNetworkNodePolicy&#xA;  /remote-source/app/vendor/github.com/k8snetworkplumbingwg/sriov-network-operator/test/conformance/tests/test_sriov_operator.go:911&#xA;[It] Should be able to create pods successfully if PF is down.Pods are able to communicate with each other on the same node&#xA;  /remote-source/app/vendor/github.com/k8snetworkplumbingwg/sriov-network-operator/test/conformance/tests/test_sriov_operator.go:1158&#xA;</system-out>
      </testcase>
      <testcase name="[sriov] operator Custom SriovNetworkNodePolicy Configuration MTU Should support jumbo frames" classname="CNF Features e2e integration tests" time="643.297281288">
          <system-out>[BeforeEach] [sriov] operator&#xA;  /remote-source/app/vendor/github.com/k8snetworkplumbingwg/sriov-network-operator/test/util/execute/ginkgo.go:9&#xA;[BeforeEach] [sriov] operator&#xA;  /remote-source/app/vendor/github.com/k8snetworkplumbingwg/sriov-network-operator/test/conformance/tests/test_sriov_operator.go:97&#xA;[BeforeEach] Custom SriovNetworkNodePolicy&#xA;  /remote-source/app/vendor/github.com/k8snetworkplumbingwg/sriov-network-operator/test/util/execute/ginkgo.go:9&#xA;[BeforeEach] Custom SriovNetworkNodePolicy&#xA;  /remote-source/app/vendor/github.com/k8snetworkplumbingwg/sriov-network-operator/test/conformance/tests/test_sriov_operator.go:911&#xA;[BeforeEach] MTU&#xA;  /remote-source/app/vendor/github.com/k8snetworkplumbingwg/sriov-network-operator/test/conformance/tests/test_sriov_operator.go:1207&#xA;�[1mSTEP�[0m: waiting for the resources to be available&#xA;[It] Should support jumbo frames&#xA;  /remote-source/app/vendor/github.com/k8snetworkplumbingwg/sriov-network-operator/test/conformance/tests/test_sriov_operator.go:1323&#xA;</system-out>
      </testcase>
      <testcase name="[sriov] operator Custom SriovNetworkNodePolicy Nic Validation Test connectivity using the requested nic Intel Corporation Ethernet Controller XXV710 for 25GbE SFP28" classname="CNF Features e2e integration tests" time="158.999877361">
          <system-out>[BeforeEach] [sriov] operator&#xA;  /remote-source/app/vendor/github.com/k8snetworkplumbingwg/sriov-network-operator/test/util/execute/ginkgo.go:9&#xA;[BeforeEach] [sriov] operator&#xA;  /remote-source/app/vendor/github.com/k8snetworkplumbingwg/sriov-network-operator/test/conformance/tests/test_sriov_operator.go:97&#xA;[BeforeEach] Custom SriovNetworkNodePolicy&#xA;  /remote-source/app/vendor/github.com/k8snetworkplumbingwg/sriov-network-operator/test/util/execute/ginkgo.go:9&#xA;[BeforeEach] Custom SriovNetworkNodePolicy&#xA;  /remote-source/app/vendor/github.com/k8snetworkplumbingwg/sriov-network-operator/test/conformance/tests/test_sriov_operator.go:911&#xA;[BeforeEach] Nic Validation&#xA;  /remote-source/app/vendor/github.com/k8snetworkplumbingwg/sriov-network-operator/test/conformance/tests/test_sriov_operator.go:1372&#xA;[It] Intel Corporation Ethernet Controller XXV710 for 25GbE SFP28&#xA;  /remote-source/app/vendor/github.com/k8snetworkplumbingwg/sriov-network-operator/test/conformance/tests/test_sriov_operator.go:1467&#xA;�[1mSTEP�[0m: searching for the requested network card&#xA;�[1mSTEP�[0m: creating a network policy&#xA;�[1mSTEP�[0m: waiting for the node state to be updated&#xA;�[1mSTEP�[0m: waiting the sriov to be stable on the node&#xA;�[1mSTEP�[0m: waiting for the resources to be available&#xA;�[1mSTEP�[0m: creating a network object&#xA;�[1mSTEP�[0m: creating a pod&#xA;�[1mSTEP�[0m: run pod from another pod&#xA;</system-out>
      </testcase>
      <testcase name="[sriov] operator Custom SriovNetworkNodePolicy Nic Validation Test connectivity using the requested nic Ethernet Controller XXV710 Intel(R) FPGA Programmable Acceleration Card N3000 for Networking" classname="CNF Features e2e integration tests" time="194.27650247">
          <system-out>[BeforeEach] [sriov] operator&#xA;  /remote-source/app/vendor/github.com/k8snetworkplumbingwg/sriov-network-operator/test/util/execute/ginkgo.go:9&#xA;[BeforeEach] [sriov] operator&#xA;  /remote-source/app/vendor/github.com/k8snetworkplumbingwg/sriov-network-operator/test/conformance/tests/test_sriov_operator.go:97&#xA;[BeforeEach] Custom SriovNetworkNodePolicy&#xA;  /remote-source/app/vendor/github.com/k8snetworkplumbingwg/sriov-network-operator/test/util/execute/ginkgo.go:9&#xA;[BeforeEach] Custom SriovNetworkNodePolicy&#xA;  /remote-source/app/vendor/github.com/k8snetworkplumbingwg/sriov-network-operator/test/conformance/tests/test_sriov_operator.go:911&#xA;[BeforeEach] Nic Validation&#xA;  /remote-source/app/vendor/github.com/k8snetworkplumbingwg/sriov-network-operator/test/conformance/tests/test_sriov_operator.go:1372&#xA;[It] Ethernet Controller XXV710 Intel(R) FPGA Programmable Acceleration Card N3000 for Networking&#xA;  /remote-source/app/vendor/github.com/k8snetworkplumbingwg/sriov-network-operator/test/conformance/tests/test_sriov_operator.go:1468&#xA;�[1mSTEP�[0m: searching for the requested network card&#xA;�[1mSTEP�[0m: creating a network policy&#xA;�[1mSTEP�[0m: waiting for the node state to be updated&#xA;�[1mSTEP�[0m: waiting the sriov to be stable on the node&#xA;�[1mSTEP�[0m: waiting for the resources to be available&#xA;�[1mSTEP�[0m: creating a network object&#xA;�[1mSTEP�[0m: creating a pod&#xA;�[1mSTEP�[0m: run pod from another pod&#xA;</system-out>
      </testcase>
      <testcase name="[sriov] operator Custom SriovNetworkNodePolicy Resource Injector SR-IOV Operator Config, disable Resource Injector" classname="CNF Features e2e integration tests" time="99.53586832">
          <system-out>[BeforeEach] [sriov] operator&#xA;  /remote-source/app/vendor/github.com/k8snetworkplumbingwg/sriov-network-operator/test/util/execute/ginkgo.go:9&#xA;[BeforeEach] [sriov] operator&#xA;  /remote-source/app/vendor/github.com/k8snetworkplumbingwg/sriov-network-operator/test/conformance/tests/test_sriov_operator.go:97&#xA;[BeforeEach] Custom SriovNetworkNodePolicy&#xA;  /remote-source/app/vendor/github.com/k8snetworkplumbingwg/sriov-network-operator/test/util/execute/ginkgo.go:9&#xA;[BeforeEach] Custom SriovNetworkNodePolicy&#xA;  /remote-source/app/vendor/github.com/k8snetworkplumbingwg/sriov-network-operator/test/conformance/tests/test_sriov_operator.go:911&#xA;[BeforeEach] Resource Injector&#xA;  /remote-source/app/vendor/github.com/k8snetworkplumbingwg/sriov-network-operator/test/conformance/tests/test_sriov_operator.go:1472&#xA;[It] SR-IOV Operator Config, disable Resource Injector&#xA;  /remote-source/app/vendor/github.com/k8snetworkplumbingwg/sriov-network-operator/test/conformance/tests/test_sriov_operator.go:1485&#xA;[AfterEach] Resource Injector&#xA;  /remote-source/app/vendor/github.com/k8snetworkplumbingwg/sriov-network-operator/test/conformance/tests/test_sriov_operator.go:1478&#xA;</system-out>
      </testcase>
      <testcase name="[sriov] operator Custom SriovNetworkNodePolicy Resource Injector SR-IOV Operator Config, disable Operator Webhook" classname="CNF Features e2e integration tests" time="30.089728986">
          <system-out>[BeforeEach] [sriov] operator&#xA;  /remote-source/app/vendor/github.com/k8snetworkplumbingwg/sriov-network-operator/test/util/execute/ginkgo.go:9&#xA;[BeforeEach] [sriov] operator&#xA;  /remote-source/app/vendor/github.com/k8snetworkplumbingwg/sriov-network-operator/test/conformance/tests/test_sriov_operator.go:97&#xA;[BeforeEach] Custom SriovNetworkNodePolicy&#xA;  /remote-source/app/vendor/github.com/k8snetworkplumbingwg/sriov-network-operator/test/util/execute/ginkgo.go:9&#xA;[BeforeEach] Custom SriovNetworkNodePolicy&#xA;  /remote-source/app/vendor/github.com/k8snetworkplumbingwg/sriov-network-operator/test/conformance/tests/test_sriov_operator.go:911&#xA;[BeforeEach] Resource Injector&#xA;  /remote-source/app/vendor/github.com/k8snetworkplumbingwg/sriov-network-operator/test/conformance/tests/test_sriov_operator.go:1472&#xA;[It] SR-IOV Operator Config, disable Operator Webhook&#xA;  /remote-source/app/vendor/github.com/k8snetworkplumbingwg/sriov-network-operator/test/conformance/tests/test_sriov_operator.go:1506&#xA;[AfterEach] Resource Injector&#xA;  /remote-source/app/vendor/github.com/k8snetworkplumbingwg/sriov-network-operator/test/conformance/tests/test_sriov_operator.go:1478&#xA;</system-out>
      </testcase>
      <testcase name="[sriov] operator Custom SriovNetworkNodePolicy Resource Injector SR-IOV Operator Config, disable Resource Injector and Operator Webhook" classname="CNF Features e2e integration tests" time="40.102279956">
          <system-out>[BeforeEach] [sriov] operator&#xA;  /remote-source/app/vendor/github.com/k8snetworkplumbingwg/sriov-network-operator/test/util/execute/ginkgo.go:9&#xA;[BeforeEach] [sriov] operator&#xA;  /remote-source/app/vendor/github.com/k8snetworkplumbingwg/sriov-network-operator/test/conformance/tests/test_sriov_operator.go:97&#xA;[BeforeEach] Custom SriovNetworkNodePolicy&#xA;  /remote-source/app/vendor/github.com/k8snetworkplumbingwg/sriov-network-operator/test/util/execute/ginkgo.go:9&#xA;[BeforeEach] Custom SriovNetworkNodePolicy&#xA;  /remote-source/app/vendor/github.com/k8snetworkplumbingwg/sriov-network-operator/test/conformance/tests/test_sriov_operator.go:911&#xA;[BeforeEach] Resource Injector&#xA;  /remote-source/app/vendor/github.com/k8snetworkplumbingwg/sriov-network-operator/test/conformance/tests/test_sriov_operator.go:1472&#xA;[It] SR-IOV Operator Config, disable Resource Injector and Operator Webhook&#xA;  /remote-source/app/vendor/github.com/k8snetworkplumbingwg/sriov-network-operator/test/conformance/tests/test_sriov_operator.go:1526&#xA;[AfterEach] Resource Injector&#xA;  /remote-source/app/vendor/github.com/k8snetworkplumbingwg/sriov-network-operator/test/conformance/tests/test_sriov_operator.go:1478&#xA;</system-out>
      </testcase>
      <testcase name="[sriov] operator Custom SriovNetworkNodePolicy vhost-net and tun devices Validation Should have the vhost-net device inside the container" classname="CNF Features e2e integration tests" time="116.940977875">
          <system-out>[BeforeEach] [sriov] operator&#xA;  /remote-source/app/vendor/github.com/k8snetworkplumbingwg/sriov-network-operator/test/util/execute/ginkgo.go:9&#xA;[BeforeEach] [sriov] operator&#xA;  /remote-source/app/vendor/github.com/k8snetworkplumbingwg/sriov-network-operator/test/conformance/tests/test_sriov_operator.go:97&#xA;[BeforeEach] Custom SriovNetworkNodePolicy&#xA;  /remote-source/app/vendor/github.com/k8snetworkplumbingwg/sriov-network-operator/test/util/execute/ginkgo.go:9&#xA;[BeforeEach] Custom SriovNetworkNodePolicy&#xA;  /remote-source/app/vendor/github.com/k8snetworkplumbingwg/sriov-network-operator/test/conformance/tests/test_sriov_operator.go:911&#xA;[BeforeEach] vhost-net and tun devices Validation&#xA;  /remote-source/app/vendor/github.com/k8snetworkplumbingwg/sriov-network-operator/test/util/execute/ginkgo.go:9&#xA;�[1mSTEP�[0m: waiting for the resources to be available&#xA;[It] Should have the vhost-net device inside the container&#xA;  /remote-source/app/vendor/github.com/k8snetworkplumbingwg/sriov-network-operator/test/conformance/tests/test_sriov_operator.go:1643&#xA;�[1mSTEP�[0m: creating a pod&#xA;�[1mSTEP�[0m: checking the /dev/vhost device exist inside the container&#xA;�[1mSTEP�[0m: checking the /dev/vhost device exist inside the container&#xA;�[1mSTEP�[0m: creating a tap device inside the container&#xA;�[1mSTEP�[0m: checking the tap device was created inside the container&#xA;</system-out>
      </testcase>
      <testcase name="[serial][disruptive][scheduler] numaresources workload placement considering taints when cluster has two feasible nodes with taint but only one has the requested resources on a single NUMA zone [test_id:47594][tier1] should make a pod with a toleration land on a node with enough resources on a specific NUMA zone" classname="CNF Features e2e integration tests" time="0">
          <skipped></skipped>
      </testcase>
      <testcase name="[serial][disruptive][scheduler] numaresources workload resource accounting cluster with at least a worker node suitable [placement][test_id:49068][tier2] should keep the pod pending if not enough resources available, then schedule when resources are freed" classname="CNF Features e2e integration tests" time="0">
          <skipped></skipped>
      </testcase>
      <testcase name="[serial][disruptive][scheduler] numaresources workload resource accounting cluster with node/s having two numa zones, and there are enough resources on one node but not in any numa zone when trying to schedule a deployment with burstable pods [test_id:47618][tier2] should properly schedule deployment with burstable pod with no changes in NRTs" classname="CNF Features e2e integration tests" time="0">
          <skipped></skipped>
      </testcase>
      <testcase name="[serial][disruptive][scheduler] numaresources workload placement cluster has at least one suitable node [test_id:47584][tier2] should be able to schedule guaranteed pod in selective way" classname="CNF Features e2e integration tests" time="0">
          <skipped></skipped>
      </testcase>
      <testcase name="[serial][disruptive][scheduler] numaresources scheduler removal on a live cluster when removing the topology aware scheduler from a live cluster [case:1][test_id:47593][tier1] should keep existing workloads running" classname="CNF Features e2e integration tests" time="0">
          <skipped></skipped>
      </testcase>
      <testcase name="[serial][disruptive][scheduler] numaresources scheduler removal on a live cluster when removing the topology aware scheduler from a live cluster [case:2][test_id:49093][tier1] should keep new scheduled workloads pending" classname="CNF Features e2e integration tests" time="0">
          <skipped></skipped>
      </testcase>
      <testcase name="[sriov] VRF integration  Integration: SRIOV, IPAM: static, Interfaces: 1, Scheme: 2 Pods 2 VRFs OCP Primary network overlap {&#34;IPStack&#34;:&#34;ipv4&#34;}" classname="CNF Features e2e integration tests" time="197.2172815">
          <system-out>[BeforeEach] [sriov] VRF integration&#xA;  /remote-source/app/cnf-tests/testsuites/pkg/execute/ginkgo.go:9&#xA;[It] {&#34;IPStack&#34;:&#34;ipv4&#34;}&#xA;  /remote-source/app/cnf-tests/testsuites/e2esuite/vrf/vrf_sriov.go:105&#xA;�[1mSTEP�[0m: Create overlapping IP pods&#xA;�[1mSTEP�[0m: Create VRFs client/server pods&#xA;�[1mSTEP�[0m: Validate that client/server VRFs have correct configuration&#xA;�[1mSTEP�[0m: Run client/server ICMP connectivity tests&#xA;�[1mSTEP�[0m: Run client/server ICMP negative connectivity tests&#xA;[AfterEach] [sriov] VRF integration&#xA;  /remote-source/app/cnf-tests/testsuites/e2esuite/vrf/vrf_sriov.go:95&#xA;</system-out>
      </testcase>
      <testcase name="[bondcni] bond over macvlan should be able to create pod with bond interface over macvlan interfaces" classname="CNF Features e2e integration tests" time="0">
          <skipped></skipped>
      </testcase>
      <testcase name="[dpdk] vhostnet Client should be able to forward packets Should be able to transmit packets" classname="CNF Features e2e integration tests" time="157.376621097">
          <system-out>[BeforeEach] [dpdk]&#xA;  /remote-source/app/cnf-tests/testsuites/pkg/execute/ginkgo.go:9&#xA;[BeforeEach] [dpdk]&#xA;  /remote-source/app/cnf-tests/testsuites/e2esuite/dpdk/dpdk.go:156&#xA;[BeforeEach] vhostnet&#xA;  /remote-source/app/cnf-tests/testsuites/pkg/execute/ginkgo.go:9&#xA;[BeforeEach] vhostnet&#xA;  /remote-source/app/cnf-tests/testsuites/e2esuite/dpdk/dpdk.go:181&#xA;[It] Should be able to transmit packets&#xA;  /remote-source/app/cnf-tests/testsuites/e2esuite/dpdk/dpdk.go:192&#xA;�[1mSTEP�[0m: Parsing output from the client DPDK application&#xA;�[1mSTEP�[0m: Checking the tx output from the client DPDK application&#xA;[AfterEach] vhostnet&#xA;  /remote-source/app/cnf-tests/testsuites/e2esuite/dpdk/dpdk.go:187&#xA;</system-out>
      </testcase>
      <testcase name="[dpdk] vhostnet Server should be able to receive packets and forward to tap device Should be able to transmit packets" classname="CNF Features e2e integration tests" time="5.30302468">
          <system-out>[BeforeEach] [dpdk]&#xA;  /remote-source/app/cnf-tests/testsuites/pkg/execute/ginkgo.go:9&#xA;[BeforeEach] [dpdk]&#xA;  /remote-source/app/cnf-tests/testsuites/e2esuite/dpdk/dpdk.go:156&#xA;[BeforeEach] vhostnet&#xA;  /remote-source/app/cnf-tests/testsuites/pkg/execute/ginkgo.go:9&#xA;[BeforeEach] vhostnet&#xA;  /remote-source/app/cnf-tests/testsuites/e2esuite/dpdk/dpdk.go:181&#xA;[It] Should be able to transmit packets&#xA;  /remote-source/app/cnf-tests/testsuites/e2esuite/dpdk/dpdk.go:225&#xA;�[1mSTEP�[0m: Parsing output from the DPDK application&#xA;�[1mSTEP�[0m: Checking the rx output of tap device from the client DPDK application&#xA;[AfterEach] vhostnet&#xA;  /remote-source/app/cnf-tests/testsuites/e2esuite/dpdk/dpdk.go:187&#xA;</system-out>
      </testcase>
      <testcase name="[dpdk] VFS allocated for dpdk Validate a DPDK workload running inside a pod Should forward and receive packets" classname="CNF Features e2e integration tests" time="227.61893341">
          <system-out>[BeforeEach] [dpdk]&#xA;  /remote-source/app/cnf-tests/testsuites/pkg/execute/ginkgo.go:9&#xA;[BeforeEach] [dpdk]&#xA;  /remote-source/app/cnf-tests/testsuites/e2esuite/dpdk/dpdk.go:156&#xA;[BeforeEach] VFS allocated for dpdk&#xA;  /remote-source/app/cnf-tests/testsuites/pkg/execute/ginkgo.go:9&#xA;[It] Should forward and receive packets&#xA;  /remote-source/app/cnf-tests/testsuites/e2esuite/dpdk/dpdk.go:304&#xA;�[1mSTEP�[0m: Parsing output from the DPDK application&#xA;</system-out>
      </testcase>
      <testcase name="[dpdk] VFS allocated for dpdk Validate NUMA aliment should allocate the requested number of cpus" classname="CNF Features e2e integration tests" time="0.083611933">
          <system-out>[BeforeEach] [dpdk]&#xA;  /remote-source/app/cnf-tests/testsuites/pkg/execute/ginkgo.go:9&#xA;[BeforeEach] [dpdk]&#xA;  /remote-source/app/cnf-tests/testsuites/e2esuite/dpdk/dpdk.go:156&#xA;[BeforeEach] VFS allocated for dpdk&#xA;  /remote-source/app/cnf-tests/testsuites/pkg/execute/ginkgo.go:9&#xA;[BeforeEach] Validate NUMA aliment&#xA;  /remote-source/app/cnf-tests/testsuites/e2esuite/dpdk/dpdk.go:322&#xA;[BeforeEach] Validate NUMA aliment&#xA;  /remote-source/app/cnf-tests/testsuites/pkg/execute/ginkgo.go:9&#xA;[It] should allocate the requested number of cpus&#xA;  /remote-source/app/cnf-tests/testsuites/e2esuite/dpdk/dpdk.go:334&#xA;</system-out>
      </testcase>
      <testcase name="[dpdk] VFS allocated for dpdk Validate NUMA aliment should allocate all the resources on the same NUMA node" classname="CNF Features e2e integration tests" time="0.31225188">
          <system-out>[BeforeEach] [dpdk]&#xA;  /remote-source/app/cnf-tests/testsuites/pkg/execute/ginkgo.go:9&#xA;[BeforeEach] [dpdk]&#xA;  /remote-source/app/cnf-tests/testsuites/e2esuite/dpdk/dpdk.go:156&#xA;[BeforeEach] VFS allocated for dpdk&#xA;  /remote-source/app/cnf-tests/testsuites/pkg/execute/ginkgo.go:9&#xA;[BeforeEach] Validate NUMA aliment&#xA;  /remote-source/app/cnf-tests/testsuites/e2esuite/dpdk/dpdk.go:322&#xA;[BeforeEach] Validate NUMA aliment&#xA;  /remote-source/app/cnf-tests/testsuites/pkg/execute/ginkgo.go:9&#xA;[It] should allocate all the resources on the same NUMA node&#xA;  /remote-source/app/cnf-tests/testsuites/e2esuite/dpdk/dpdk.go:340&#xA;�[1mSTEP�[0m: finding the CPUs numa&#xA;�[1mSTEP�[0m: finding the pci numa&#xA;�[1mSTEP�[0m: expecting cpu and pci to be on the same numa&#xA;</system-out>
      </testcase>
      <testcase name="[dpdk] VFS allocated for dpdk Validate HugePages should allocate the amount of hugepages requested" classname="CNF Features e2e integration tests" time="5.4974381900000004">
          <system-out>[BeforeEach] [dpdk]&#xA;  /remote-source/app/cnf-tests/testsuites/pkg/execute/ginkgo.go:9&#xA;[BeforeEach] [dpdk]&#xA;  /remote-source/app/cnf-tests/testsuites/e2esuite/dpdk/dpdk.go:156&#xA;[BeforeEach] VFS allocated for dpdk&#xA;  /remote-source/app/cnf-tests/testsuites/pkg/execute/ginkgo.go:9&#xA;[BeforeEach] Validate HugePages&#xA;  /remote-source/app/cnf-tests/testsuites/e2esuite/dpdk/dpdk.go:358&#xA;[It] should allocate the amount of hugepages requested&#xA;  /remote-source/app/cnf-tests/testsuites/e2esuite/dpdk/dpdk.go:374&#xA;</system-out>
      </testcase>
      <testcase name="[dpdk] VFS allocated for dpdk Validate HugePages SeLinux access should allow to remove the hugepage file inside the pod" classname="CNF Features e2e integration tests" time="0.165971815">
[...]
      </testcase>
      <testcase name="[rfe_id:27363][performance] CPU Management Hyper-thread aware scheduling for guaranteed pods Verify Hyper-Thread aware scheduling for guaranteed pods [test_id:46538] HT aware scheduling on SNO cluster" classname="CNF Features e2e integration tests" time="0.085318854">
          <skipped>/remote-source/app/vendor/github.com/openshift/cluster-node-tuning-operator/test/e2e/performanceprofile/functests/1_performance/cpu_management.go:570&#xA;Topology Manager Policy is not Single NUMA Node&#xA;/remote-source/app/vendor/github.com/openshift/cluster-node-tuning-operator/test/e2e/performanceprofile/functests/1_performance/cpu_management.go:576</skipped>
      </testcase>
      <testcase name="[rfe_id:27363][performance] CPU Management Hyper-thread aware scheduling for guaranteed pods Verify Hyper-Thread aware scheduling for guaranteed pods [test_id:46539] HT aware scheduling on SNO cluster and Workload Partitioning enabled" classname="CNF Features e2e integration tests" time="0.087329015">
          <skipped>/remote-source/app/vendor/github.com/openshift/cluster-node-tuning-operator/test/e2e/performanceprofile/functests/1_performance/cpu_management.go:570&#xA;Topology Manager Policy is not Single NUMA Node&#xA;/remote-source/app/vendor/github.com/openshift/cluster-node-tuning-operator/test/e2e/performanceprofile/functests/1_performance/cpu_management.go:576</skipped>
      </testcase>
      <testcase name="[performance]Hugepages [rfe_id:27369]when NUMA node specified [test_id:27752][crit:high][vendor:cnf-qe@redhat.com][level:acceptance] should be allocated on the specifed NUMA node " classname="CNF Features e2e integration tests" time="0.010482493">
          <system-out>[BeforeEach] [performance]Hugepages&#xA;  /remote-source/app/vendor/github.com/openshift/cluster-node-tuning-operator/test/e2e/performanceprofile/functests/utils/utils.go:19&#xA;[BeforeEach] [performance]Hugepages&#xA;  /remote-source/app/vendor/github.com/openshift/cluster-node-tuning-operator/test/e2e/performanceprofile/functests/1_performance/hugepages.go:39&#xA;[It] [test_id:27752][crit:high][vendor:cnf-qe@redhat.com][level:acceptance] should be allocated on the specifed NUMA node &#xA;  /remote-source/app/vendor/github.com/openshift/cluster-node-tuning-operator/test/e2e/performanceprofile/functests/1_performance/hugepages.go:62&#xA;</system-out>
      </testcase>
      <testcase name="[performance]Hugepages with multiple sizes [test_id:34080] should be supported and available for the container usage" classname="CNF Features e2e integration tests" time="0.178172874">
          <system-out>[BeforeEach] [performance]Hugepages&#xA;  /remote-source/app/vendor/github.com/openshift/cluster-node-tuning-operator/test/e2e/performanceprofile/functests/utils/utils.go:19&#xA;[BeforeEach] [performance]Hugepages&#xA;  /remote-source/app/vendor/github.com/openshift/cluster-node-tuning-operator/test/e2e/performanceprofile/functests/1_performance/hugepages.go:39&#xA;[It] [test_id:34080] should be supported and available for the container usage&#xA;  /remote-source/app/vendor/github.com/openshift/cluster-node-tuning-operator/test/e2e/performanceprofile/functests/1_performance/hugepages.go:84&#xA;Nov 13 04:07:03.902: [INFO]: found mcd machine-config-daemon-qvv4f for node cnfdd5.clus2.t5g.lab.eng.bos.redhat.com&#xA;Nov 13 04:07:03.994: [INFO]: found mcd machine-config-daemon-qvv4f for node cnfdd5.clus2.t5g.lab.eng.bos.redhat.com&#xA;</system-out>
      </testcase>
      <testcase name="[performance]Hugepages [rfe_id:27354]Huge pages support for container workloads [test_id:27477][crit:high][vendor:cnf-qe@redhat.com][level:acceptance] Huge pages support for container workloads" classname="CNF Features e2e integration tests" time="34.646801876">
          <system-out>[BeforeEach] [performance]Hugepages&#xA;  /remote-source/app/vendor/github.com/openshift/cluster-node-tuning-operator/test/e2e/performanceprofile/functests/utils/utils.go:19&#xA;[BeforeEach] [performance]Hugepages&#xA;  /remote-source/app/vendor/github.com/openshift/cluster-node-tuning-operator/test/e2e/performanceprofile/functests/1_performance/hugepages.go:39&#xA;[It] [test_id:27477][crit:high][vendor:cnf-qe@redhat.com][level:acceptance] Huge pages support for container workloads&#xA;  /remote-source/app/vendor/github.com/openshift/cluster-node-tuning-operator/test/e2e/performanceprofile/functests/1_performance/hugepages.go:123&#xA;�[1mSTEP�[0m: checking hugepages usage in bytes - should be 0 on idle system&#xA;Nov 13 04:07:04.082: [INFO]: found mcd machine-config-daemon-qvv4f for node cnfdd5.clus2.t5g.lab.eng.bos.redhat.com&#xA;�[1mSTEP�[0m: running the POD and waiting while it&#39;s installing testing tools&#xA;�[1mSTEP�[0m: checking free hugepages - one should be used by pod&#xA;Nov 13 04:07:06.280: [INFO]: found mcd machine-config-daemon-qvv4f for node cnfdd5.clus2.t5g.lab.eng.bos.redhat.com&#xA;Nov 13 04:07:06.544: [INFO]: found mcd machine-config-daemon-qvv4f for node cnfdd5.clus2.t5g.lab.eng.bos.redhat.com&#xA;�[1mSTEP�[0m: checking hugepages usage in bytes&#xA;Nov 13 04:07:06.627: [INFO]: found mcd machine-config-daemon-qvv4f for node cnfdd5.clus2.t5g.lab.eng.bos.redhat.com&#xA;[AfterEach] [rfe_id:27354]Huge pages support for container workloads&#xA;  /remote-source/app/vendor/github.com/openshift/cluster-node-tuning-operator/test/e2e/performanceprofile/functests/1_performance/hugepages.go:115&#xA;</system-out>
      </testcase>
      <testcase name="[gatekeeper] mutation should be able to add metadata info(labels/annotations)" classname="CNF Features e2e integration tests" time="0">
          <skipped></skipped>
      </testcase>
      <testcase name="[gatekeeper] mutation should avoid mutating existing metadata info(labels/annotations)" classname="CNF Features e2e integration tests" time="0">
          <skipped></skipped>
      </testcase>
      <testcase name="[gatekeeper] mutation should apply mutations by order" classname="CNF Features e2e integration tests" time="0">
          <skipped></skipped>
      </testcase>
      <testcase name="[gatekeeper] mutation should be able to update mutation policy" classname="CNF Features e2e integration tests" time="0">
          <skipped></skipped>
      </testcase>
      <testcase name="[gatekeeper] mutation should not apply mutations policies after deletion" classname="CNF Features e2e integration tests" time="0">
          <skipped></skipped>
      </testcase>
      <testcase name="[gatekeeper] mutation should be able to match by any match category" classname="CNF Features e2e integration tests" time="0">
          <skipped></skipped>
      </testcase>
      <testcase name="[gatekeeper] constraints should apply constraints" classname="CNF Features e2e integration tests" time="0">
          <skipped></skipped>
      </testcase>
      <testcase name="[gatekeeper] operator should be able to select mutation namespaces" classname="CNF Features e2e integration tests" time="0">
          <skipped></skipped>
      </testcase>
      <testcase name="[vrf]  Integration: NAD, IPAM: static, Interfaces: 1, Scheme: 2 Pods 2 VRFs OCP Primary network overlap {&#34;IPStack&#34;:&#34;ipv4&#34;}" classname="CNF Features e2e integration tests" time="0">
          <skipped></skipped>
      </testcase>
      <testcase name="[xt_u32] Negative - xt_u32 disabled Should NOT create an iptable rule" classname="CNF Features e2e integration tests" time="0.204382559">
          <failure type="Failure">/remote-source/app/cnf-tests/testsuites/e2esuite/xt_u32/xt_u32.go:71&#xA;Expected&#xA;    &lt;int&gt;: 0&#xA;to be &gt;&#xA;    &lt;int&gt;: 0&#xA;/remote-source/app/cnf-tests/testsuites/e2esuite/xt_u32/xt_u32.go:91</failure>
          <system-out>[BeforeEach] [xt_u32]&#xA;  /remote-source/app/cnf-tests/testsuites/pkg/execute/ginkgo.go:9&#xA;[BeforeEach] Negative - xt_u32 disabled&#xA;  /remote-source/app/cnf-tests/testsuites/e2esuite/xt_u32/xt_u32.go:71&#xA;�[1mSTEP�[0m: Choosing the test node&#xA;</system-out>
      </testcase>
      <testcase name="[xt_u32] Validate the module is enabled and works Should create an iptables rule inside a pod that has the module enabled" classname="CNF Features e2e integration tests" time="2.284615092">
          <system-out>[BeforeEach] [xt_u32]&#xA;  /remote-source/app/cnf-tests/testsuites/pkg/execute/ginkgo.go:9&#xA;[BeforeEach] Validate the module is enabled and works&#xA;  /remote-source/app/cnf-tests/testsuites/e2esuite/xt_u32/xt_u32.go:119&#xA;�[1mSTEP�[0m: Choosing the test node&#xA;[It] Should create an iptables rule inside a pod that has the module enabled&#xA;  /remote-source/app/cnf-tests/testsuites/e2esuite/xt_u32/xt_u32.go:138&#xA;�[1mSTEP�[0m: Create a pod&#xA;�[1mSTEP�[0m: Check if the pod is running&#xA;�[1mSTEP�[0m: Check that xt_u32 module is loaded&#xA;�[1mSTEP�[0m: Create an iptables rule within the pod that drops icmp ping msgs from any source - ip protocol = 1 (ICMP) &amp;&amp; not fragmented &amp;&amp; icmp type = 8 (echo request)&#xA;</system-out>
      </testcase>
      <testcase name="[ovs_qos] ovs_qos_egress validate egress QoS limitation Validate MCO applied egress MachineConfig on the relevant nodes" classname="CNF Features e2e integration tests" time="1168.836490293">
          <system-out>[BeforeEach] [ovs_qos]&#xA;  /remote-source/app/cnf-tests/testsuites/pkg/execute/ginkgo.go:9&#xA;iperf3BitrateOverride: 0&#xA;[BeforeEach] validate egress QoS limitation&#xA;  /remote-source/app/cnf-tests/testsuites/pkg/execute/ginkgo.go:9&#xA;MC egress bit limit: 6.431879605718381e+08&#xA;[BeforeEach] validate egress QoS limitation&#xA;  /remote-source/app/cnf-tests/testsuites/e2esuite/ovs_qos/ovs_qos.go:187&#xA;[It] Validate MCO applied egress MachineConfig on the relevant nodes&#xA;  /remote-source/app/cnf-tests/testsuites/e2esuite/ovs_qos/ovs_qos.go:199&#xA;</system-out>
      </testcase>
      <testcase name="[ovs_qos] ovs_qos_egress validate egress QoS limitation Test limitations are correctly applied {&#34;Connectivity&#34;:&#34;SDN Pod to SDN Pod&#34;}" classname="CNF Features e2e integration tests" time="98.143970946">
          <system-out>[BeforeEach] [ovs_qos]&#xA;  /remote-source/app/cnf-tests/testsuites/pkg/execute/ginkgo.go:9&#xA;[BeforeEach] validate egress QoS limitation&#xA;  /remote-source/app/cnf-tests/testsuites/pkg/execute/ginkgo.go:9&#xA;[BeforeEach] validate egress QoS limitation&#xA;  /remote-source/app/cnf-tests/testsuites/e2esuite/ovs_qos/ovs_qos.go:187&#xA;[It] {&#34;Connectivity&#34;:&#34;SDN Pod to SDN Pod&#34;}&#xA;  /remote-source/app/cnf-tests/testsuites/e2esuite/ovs_qos/ovs_qos.go:221&#xA;�[1mSTEP�[0m: Getting connectivity implied networks&#xA;�[1mSTEP�[0m: Creating receiver pod&#xA;�[1mSTEP�[0m: Creating sender pod&#xA;�[1mSTEP�[0m: Parsing the sender&#39;s output&#xA;</system-out>
      </testcase>
      <testcase name="[ovs_qos] ovs_qos_egress validate egress QoS limitation Test limitations are correctly applied {&#34;Connectivity&#34;:&#34;Host Pod to SDN Pod&#34;}" classname="CNF Features e2e integration tests" time="15.103086442">
          <system-out>[BeforeEach] [ovs_qos]&#xA;  /remote-source/app/cnf-tests/testsuites/pkg/execute/ginkgo.go:9&#xA;[BeforeEach] validate egress QoS limitation&#xA;  /remote-source/app/cnf-tests/testsuites/pkg/execute/ginkgo.go:9&#xA;[BeforeEach] validate egress QoS limitation&#xA;  /remote-source/app/cnf-tests/testsuites/e2esuite/ovs_qos/ovs_qos.go:187&#xA;[It] {&#34;Connectivity&#34;:&#34;Host Pod to SDN Pod&#34;}&#xA;  /remote-source/app/cnf-tests/testsuites/e2esuite/ovs_qos/ovs_qos.go:222&#xA;�[1mSTEP�[0m: Getting connectivity implied networks&#xA;�[1mSTEP�[0m: Creating receiver pod&#xA;�[1mSTEP�[0m: Creating sender pod&#xA;�[1mSTEP�[0m: Parsing the sender&#39;s output&#xA;</system-out>
      </testcase>
      <testcase name="[ovs_qos] ovs_qos_egress validate egress QoS limitation Test limitations are correctly applied {&#34;Connectivity&#34;:&#34;Host Pod to Host Pod&#34;}" classname="CNF Features e2e integration tests" time="15.109864116">
          <system-out>[BeforeEach] [ovs_qos]&#xA;  /remote-source/app/cnf-tests/testsuites/pkg/execute/ginkgo.go:9&#xA;[BeforeEach] validate egress QoS limitation&#xA;  /remote-source/app/cnf-tests/testsuites/pkg/execute/ginkgo.go:9&#xA;[BeforeEach] validate egress QoS limitation&#xA;  /remote-source/app/cnf-tests/testsuites/e2esuite/ovs_qos/ovs_qos.go:187&#xA;[It] {&#34;Connectivity&#34;:&#34;Host Pod to Host Pod&#34;}&#xA;  /remote-source/app/cnf-tests/testsuites/e2esuite/ovs_qos/ovs_qos.go:223&#xA;�[1mSTEP�[0m: Getting connectivity implied networks&#xA;�[1mSTEP�[0m: Creating receiver pod&#xA;�[1mSTEP�[0m: Creating sender pod&#xA;�[1mSTEP�[0m: Parsing the sender&#39;s output&#xA;</system-out>
      </testcase>
      <testcase name="[ovs_qos] ovs_qos_egress validate egress QoS limitation Test limitations are not applied within the same node {&#34;Connectivity&#34;:&#34;SDN Pod to SDN Pod&#34;}" classname="CNF Features e2e integration tests" time="16.089935937">
          <system-out>[BeforeEach] [ovs_qos]&#xA;  /remote-source/app/cnf-tests/testsuites/pkg/execute/ginkgo.go:9&#xA;[BeforeEach] validate egress QoS limitation&#xA;  /remote-source/app/cnf-tests/testsuites/pkg/execute/ginkgo.go:9&#xA;[BeforeEach] validate egress QoS limitation&#xA;  /remote-source/app/cnf-tests/testsuites/e2esuite/ovs_qos/ovs_qos.go:187&#xA;[It] {&#34;Connectivity&#34;:&#34;SDN Pod to SDN Pod&#34;}&#xA;  /remote-source/app/cnf-tests/testsuites/e2esuite/ovs_qos/ovs_qos.go:242&#xA;�[1mSTEP�[0m: Getting connectivity implied networks&#xA;�[1mSTEP�[0m: Creating receiver pod&#xA;�[1mSTEP�[0m: Creating sender pod&#xA;�[1mSTEP�[0m: Parsing the sender&#39;s output&#xA;</system-out>
      </testcase>
      <testcase name="[ovs_qos] ovs_qos_egress validate egress QoS limitation Test limitations are not applied within the same node {&#34;Connectivity&#34;:&#34;Host Pod to SDN Pod&#34;}" classname="CNF Features e2e integration tests" time="16.107108927">
          <system-out>[BeforeEach] [ovs_qos]&#xA;  /remote-source/app/cnf-tests/testsuites/pkg/execute/ginkgo.go:9&#xA;[BeforeEach] validate egress QoS limitation&#xA;  /remote-source/app/cnf-tests/testsuites/pkg/execute/ginkgo.go:9&#xA;[BeforeEach] validate egress QoS limitation&#xA;  /remote-source/app/cnf-tests/testsuites/e2esuite/ovs_qos/ovs_qos.go:187&#xA;[It] {&#34;Connectivity&#34;:&#34;Host Pod to SDN Pod&#34;}&#xA;  /remote-source/app/cnf-tests/testsuites/e2esuite/ovs_qos/ovs_qos.go:243&#xA;�[1mSTEP�[0m: Getting connectivity implied networks&#xA;�[1mSTEP�[0m: Creating receiver pod&#xA;�[1mSTEP�[0m: Creating sender pod&#xA;�[1mSTEP�[0m: Parsing the sender&#39;s output&#xA;</system-out>
      </testcase>
      <testcase name="[ovs_qos] ovs_qos_egress validate egress QoS limitation Validate MCO removed egress MachineConfig and disabled QOS limitation on the relevant nodes" classname="CNF Features e2e integration tests" time="1261.028543291">
          <system-out>[BeforeEach] [ovs_qos]&#xA;  /remote-source/app/cnf-tests/testsuites/pkg/execute/ginkgo.go:9&#xA;[BeforeEach] validate egress QoS limitation&#xA;  /remote-source/app/cnf-tests/testsuites/pkg/execute/ginkgo.go:9&#xA;[BeforeEach] validate egress QoS limitation&#xA;  /remote-source/app/cnf-tests/testsuites/e2esuite/ovs_qos/ovs_qos.go:187&#xA;[It] Validate MCO removed egress MachineConfig and disabled QOS limitation on the relevant nodes&#xA;  /remote-source/app/cnf-tests/testsuites/e2esuite/ovs_qos/ovs_qos.go:245&#xA;</system-out>
      </testcase>
      <testcase name="[ovs_qos] ovs_qos_ingress validate ingress QoS limitation Validate MCO applied ingress MachineConfig on the relevant nodes" classname="CNF Features e2e integration tests" time="3628.30452239">
          <skipped>/remote-source/app/cnf-tests/testsuites/pkg/execute/ginkgo.go:9&#xA;timed out waiting for the condition&#xA;/remote-source/app/cnf-tests/testsuites/e2esuite/ovs_qos/ovs_qos.go:342</skipped>
      </testcase>
      <testcase name="[ovs_qos] ovs_qos_ingress validate ingress QoS limitation Test limitations are correctly applied {&#34;Connectivity&#34;:&#34;SDN Pod to SDN Pod&#34;}" classname="CNF Features e2e integration tests" time="0.000225424">
          <skipped>/remote-source/app/cnf-tests/testsuites/e2esuite/ovs_qos/ovs_qos.go:349&#xA;timed out waiting for the condition&#xA;/remote-source/app/cnf-tests/testsuites/e2esuite/ovs_qos/ovs_qos.go:354</skipped>
      </testcase>
      <testcase name="[ovs_qos] ovs_qos_ingress validate ingress QoS limitation Test limitations are correctly applied {&#34;Connectivity&#34;:&#34;Host Pod to SDN Pod&#34;}" classname="CNF Features e2e integration tests" time="0.000183414">
          <skipped>/remote-source/app/cnf-tests/testsuites/e2esuite/ovs_qos/ovs_qos.go:349&#xA;timed out waiting for the condition&#xA;/remote-source/app/cnf-tests/testsuites/e2esuite/ovs_qos/ovs_qos.go:354</skipped>
      </testcase>
      <testcase name="[ovs_qos] ovs_qos_ingress validate ingress QoS limitation Test limitations are correctly applied {&#34;Connectivity&#34;:&#34;Host Pod to Host Pod&#34;}" classname="CNF Features e2e integration tests" time="0.000157828">
          <skipped>/remote-source/app/cnf-tests/testsuites/e2esuite/ovs_qos/ovs_qos.go:349&#xA;timed out waiting for the condition&#xA;/remote-source/app/cnf-tests/testsuites/e2esuite/ovs_qos/ovs_qos.go:354</skipped>
      </testcase>
      <testcase name="[ovs_qos] ovs_qos_ingress validate ingress QoS limitation Test limitations are not applied within the same node {&#34;Connectivity&#34;:&#34;SDN Pod to SDN Pod&#34;}" classname="CNF Features e2e integration tests" time="0.000171997">
          <skipped>/remote-source/app/cnf-tests/testsuites/e2esuite/ovs_qos/ovs_qos.go:349&#xA;timed out waiting for the condition&#xA;/remote-source/app/cnf-tests/testsuites/e2esuite/ovs_qos/ovs_qos.go:354</skipped>
      </testcase>
      <testcase name="[ovs_qos] ovs_qos_ingress validate ingress QoS limitation Test limitations are not applied within the same node {&#34;Connectivity&#34;:&#34;Host Pod to SDN Pod&#34;}" classname="CNF Features e2e integration tests" time="0.000201545">
          <skipped>/remote-source/app/cnf-tests/testsuites/e2esuite/ovs_qos/ovs_qos.go:349&#xA;timed out waiting for the condition&#xA;/remote-source/app/cnf-tests/testsuites/e2esuite/ovs_qos/ovs_qos.go:354</skipped>
      </testcase>
      <testcase name="[ovs_qos] ovs_qos_ingress validate ingress QoS limitation Validate MCO removed ingress MachineConfig and disabled QOS limitation on the relevant nodes" classname="CNF Features e2e integration tests" time="0.00017741">
          <skipped>/remote-source/app/cnf-tests/testsuites/e2esuite/ovs_qos/ovs_qos.go:349&#xA;timed out waiting for the condition&#xA;/remote-source/app/cnf-tests/testsuites/e2esuite/ovs_qos/ovs_qos.go:354</skipped>
      </testcase>
      <testcase name="[sriov] SCTP integration Test Connectivity Connectivity between client and server Should work over a SR-IOV device" classname="CNF Features e2e integration tests" time="0.037728856">
          <failure type="Failure">/remote-source/app/cnf-tests/testsuites/pkg/execute/ginkgo.go:9&#xA;Unexpected error:&#xA;    &lt;*errors.errorString | 0xc0051873b0&gt;: {&#xA;        s: &#34;sync status still in progress&#34;,&#xA;    }&#xA;    sync status still in progress&#xA;occurred&#xA;/remote-source/app/cnf-tests/testsuites/e2esuite/sctp/sctp_sriov.go:137</failure>
          <system-out>[BeforeEach] [sriov] SCTP integration&#xA;  /remote-source/app/cnf-tests/testsuites/pkg/execute/ginkgo.go:9&#xA;</system-out>
      </testcase>
  </testsuite>