<?xml version="1.0" encoding="UTF-8"?>
  <testsuites tests="228" disabled="188" errors="4" failures="25" time="3660.008539632">
      <testsuite name="CNF Features e2e integration tests" package="/tmp/cnf-uqtK1/cnf-features-deploy" tests="228" disabled="0" skipped="188" errors="4" failures="25" time="3660.008539632" timestamp="2023-04-20T17:55:55">
          <properties>
              <property name="SuiteSucceeded" value="false"></property>
              <property name="SuiteHasProgrammaticFocus" value="false"></property>
              <property name="SpecialSuiteFailureReason" value="Suite Timeout Elapsed"></property>
              <property name="SuiteLabels" value="[]"></property>
              <property name="RandomSeed" value="1682013348"></property>
              <property name="RandomizeAllSpecs" value="false"></property>
              <property name="LabelFilter" value=""></property>
              <property name="FocusStrings" value="sriov|performance|sctp|xt_u32|ovn|metallb|multinetworkpolicy|vrf|bondcni|tuningcni|ptp"></property>
              <property name="SkipStrings" value="FPGA.Programmable.Acceleration.Card.N3000.for.Networking|Client.should.be.able.to.forward.packets|Check.RPS.Mask.is.applied.to.atleast.one.single.rx.queue.on.all.veth.interface"></property>
              <property name="FocusFiles" value=""></property>
              <property name="SkipFiles" value=""></property>
              <property name="FailOnPending" value="false"></property>
              <property name="FailFast" value="false"></property>
              <property name="FlakeAttempts" value="0"></property>
              <property name="DryRun" value="false"></property>
              <property name="ParallelTotal" value="1"></property>
              <property name="OutputInterceptorMode" value=""></property>
          </properties>
          <testcase name="[ptp] PTP configuration verifications Should check whether PTP operator needs to enable PTP events" classname="CNF Features e2e integration tests" status="passed" time="0.000176393"></testcase>
          <testcase name="[ptp] PTP configuration verifications Should check whether PTP operator appropriate resource exists" classname="CNF Features e2e integration tests" status="passed" time="0.231165637"></testcase>
          <testcase name="[ptp] PTP configuration verifications Should check that all nodes are running at least one replica of linuxptp-daemon" classname="CNF Features e2e integration tests" status="passed" time="0.288160233"></testcase>
          <testcase name="[ptp] PTP configuration verifications Should check that operator is deployed" classname="CNF Features e2e integration tests" status="passed" time="0.059491657"></testcase>
          <testcase name="[ptp] PTP e2e tests PTP Outage recovery The slave node network interface is taken down and up" classname="CNF Features e2e integration tests" status="panicked" time="56.363095232">
              <error message="runtime error: slice bounds out of range [-1:]" type="panicked">[PANICKED] Test Panicked&#xA;In [BeforeEach] at: /usr/local/go/src/runtime/panic.go:153 @ 04/20/23 17:56:53.441&#xA;&#xA;runtime error: slice bounds out of range [-1:]&#xA;&#xA;Full Stack Trace&#xA;  github.com/test-network-function/l2discovery-lib.(*L2DiscoveryConfig).getL2Disc(0x370de00, 0x4e?)&#xA;  &#x9;/tmp/cnf-uqtK1/cnf-features-deploy/vendor/github.com/test-network-function/l2discovery-lib/l2lib.go:226 +0x316&#xA;  github.com/test-network-function/l2discovery-lib.(*L2DiscoveryConfig).DiscoverL2Connectivity(0x370de00, 0x0?)&#xA;  &#x9;/tmp/cnf-uqtK1/cnf-features-deploy/vendor/github.com/test-network-function/l2discovery-lib/l2lib.go:185 +0x35e&#xA;  github.com/test-network-function/l2discovery-lib.(*L2DiscoveryConfig).GetL2DiscoveryConfig(0x0?, 0x4?)&#xA;  &#x9;/tmp/cnf-uqtK1/cnf-features-deploy/vendor/github.com/test-network-function/l2discovery-lib/l2lib.go:141 +0x2e&#xA;  github.com/openshift/ptp-operator/test/pkg/testconfig.CreatePtpConfigurations()&#xA;  &#x9;/tmp/cnf-uqtK1/cnf-features-deploy/vendor/github.com/openshift/ptp-operator/test/pkg/testconfig/testconfig.go:298 +0xbf&#xA;  github.com/openshift/ptp-operator/test/conformance/serial.glob..func1.3.1()&#xA;  &#x9;/tmp/cnf-uqtK1/cnf-features-deploy/vendor/github.com/openshift/ptp-operator/test/conformance/serial/ptp.go:124 +0x37&#xA;  github.com/openshift/ptp-operator/test/pkg/execute.BeforeAll.func1()&#xA;  &#x9;/tmp/cnf-uqtK1/cnf-features-deploy/vendor/github.com/openshift/ptp-operator/test/pkg/execute/ginkgo.go:12 +0x2a&#xA;</error>
              <system-err>&gt; Enter [BeforeEach] [ptp] - /tmp/cnf-uqtK1/cnf-features-deploy/vendor/github.com/openshift/ptp-operator/test/conformance/serial/ptp.go:44 @ 04/20/23 17:55:57.078&#xA;&lt; Exit [BeforeEach] [ptp] - /tmp/cnf-uqtK1/cnf-features-deploy/vendor/github.com/openshift/ptp-operator/test/conformance/serial/ptp.go:44 @ 04/20/23 17:55:57.078 (0s)&#xA;&gt; Enter [BeforeEach] PTP e2e tests - /tmp/cnf-uqtK1/cnf-features-deploy/vendor/github.com/openshift/ptp-operator/test/pkg/execute/ginkgo.go:9 @ 04/20/23 17:55:57.078&#xA;[PANICKED] Test Panicked&#xA;In [BeforeEach] at: /usr/local/go/src/runtime/panic.go:153 @ 04/20/23 17:56:53.441&#xA;&#xA;runtime error: slice bounds out of range [-1:]&#xA;&#xA;Full Stack Trace&#xA;  github.com/test-network-function/l2discovery-lib.(*L2DiscoveryConfig).getL2Disc(0x370de00, 0x4e?)&#xA;  &#x9;/tmp/cnf-uqtK1/cnf-features-deploy/vendor/github.com/test-network-function/l2discovery-lib/l2lib.go:226 +0x316&#xA;  github.com/test-network-function/l2discovery-lib.(*L2DiscoveryConfig).DiscoverL2Connectivity(0x370de00, 0x0?)&#xA;  &#x9;/tmp/cnf-uqtK1/cnf-features-deploy/vendor/github.com/test-network-function/l2discovery-lib/l2lib.go:185 +0x35e&#xA;  github.com/test-network-function/l2discovery-lib.(*L2DiscoveryConfig).GetL2DiscoveryConfig(0x0?, 0x4?)&#xA;  &#x9;/tmp/cnf-uqtK1/cnf-features-deploy/vendor/github.com/test-network-function/l2discovery-lib/l2lib.go:141 +0x2e&#xA;  github.com/openshift/ptp-operator/test/pkg/testconfig.CreatePtpConfigurations()&#xA;  &#x9;/tmp/cnf-uqtK1/cnf-features-deploy/vendor/github.com/openshift/ptp-operator/test/pkg/testconfig/testconfig.go:298 +0xbf&#xA;  github.com/openshift/ptp-operator/test/conformance/serial.glob..func1.3.1()&#xA;  &#x9;/tmp/cnf-uqtK1/cnf-features-deploy/vendor/github.com/openshift/ptp-operator/test/conformance/serial/ptp.go:124 +0x37&#xA;  github.com/openshift/ptp-operator/test/pkg/execute.BeforeAll.func1()&#xA;  &#x9;/tmp/cnf-uqtK1/cnf-features-deploy/vendor/github.com/openshift/ptp-operator/test/pkg/execute/ginkgo.go:12 +0x2a&#xA;&lt; Exit [BeforeEach] PTP e2e tests - /tmp/cnf-uqtK1/cnf-features-deploy/vendor/github.com/openshift/ptp-operator/test/pkg/execute/ginkgo.go:9 @ 04/20/23 17:56:53.441 (56.363s)&#xA;&gt; Enter [ReportAfterEach] TOP-LEVEL - /tmp/cnf-uqtK1/cnf-features-deploy/cnf-tests/testsuites/e2esuite/test_suite_test.go:130 @ 04/20/23 17:56:53.441&#xA;&lt; Exit [ReportAfterEach] TOP-LEVEL - /tmp/cnf-uqtK1/cnf-features-deploy/cnf-tests/testsuites/e2esuite/test_suite_test.go:130 @ 04/20/23 17:57:28.095 (34.654s)&#xA;</system-err>
          </testcase>
          <testcase name="[ptp] PTP e2e tests PTP Reboot discovery The slave node is rebooted and discovered and in sync" classname="CNF Features e2e integration tests" status="skipped" time="0.000264714">
              <skipped message="skipped - Skipping the reboot test"></skipped>
          </testcase>
          <testcase name="[ptp] PTP e2e tests PTP Interfaces discovery The interfaces supporting ptp can be discovered correctly" classname="CNF Features e2e integration tests" status="failed" time="0.757946497">
              <failure message="cannot get ptp pods, err=Fail to detect PTP slave pods on Cluster" type="failed">[FAILED] cannot get ptp pods, err=Fail to detect PTP slave pods on Cluster&#xA;In [BeforeEach] at: /tmp/cnf-uqtK1/cnf-features-deploy/vendor/github.com/openshift/ptp-operator/test/conformance/serial/ptp.go:202 @ 04/20/23 17:57:28.853&#xA;</failure>
              <system-err>&gt; Enter [BeforeEach] [ptp] - /tmp/cnf-uqtK1/cnf-features-deploy/vendor/github.com/openshift/ptp-operator/test/conformance/serial/ptp.go:44 @ 04/20/23 17:57:28.096&#xA;&lt; Exit [BeforeEach] [ptp] - /tmp/cnf-uqtK1/cnf-features-deploy/vendor/github.com/openshift/ptp-operator/test/conformance/serial/ptp.go:44 @ 04/20/23 17:57:28.096 (0s)&#xA;&gt; Enter [BeforeEach] PTP e2e tests - /tmp/cnf-uqtK1/cnf-features-deploy/vendor/github.com/openshift/ptp-operator/test/pkg/execute/ginkgo.go:9 @ 04/20/23 17:57:28.096&#xA;&lt; Exit [BeforeEach] PTP e2e tests - /tmp/cnf-uqtK1/cnf-features-deploy/vendor/github.com/openshift/ptp-operator/test/pkg/execute/ginkgo.go:9 @ 04/20/23 17:57:28.096 (0s)&#xA;&gt; Enter [BeforeEach] PTP Interfaces discovery - /tmp/cnf-uqtK1/cnf-features-deploy/vendor/github.com/openshift/ptp-operator/test/conformance/serial/ptp.go:192 @ 04/20/23 17:57:28.096&#xA;[FAILED] cannot get ptp pods, err=Fail to detect PTP slave pods on Cluster&#xA;In [BeforeEach] at: /tmp/cnf-uqtK1/cnf-features-deploy/vendor/github.com/openshift/ptp-operator/test/conformance/serial/ptp.go:202 @ 04/20/23 17:57:28.853&#xA;&lt; Exit [BeforeEach] PTP Interfaces discovery - /tmp/cnf-uqtK1/cnf-features-deploy/vendor/github.com/openshift/ptp-operator/test/conformance/serial/ptp.go:192 @ 04/20/23 17:57:28.854 (758ms)&#xA;&gt; Enter [ReportAfterEach] TOP-LEVEL - /tmp/cnf-uqtK1/cnf-features-deploy/cnf-tests/testsuites/e2esuite/test_suite_test.go:130 @ 04/20/23 17:57:28.854&#xA;&lt; Exit [ReportAfterEach] TOP-LEVEL - /tmp/cnf-uqtK1/cnf-features-deploy/cnf-tests/testsuites/e2esuite/test_suite_test.go:130 @ 04/20/23 17:58:50.09 (1m21.237s)&#xA;</system-err>
          </testcase>
          <testcase name="[ptp] PTP e2e tests PTP Interfaces discovery Should retrieve the details of hardwares for the Ptp" classname="CNF Features e2e integration tests" status="failed" time="0.693984558">
              <failure message="cannot get ptp pods, err=Fail to detect PTP slave pods on Cluster" type="failed">[FAILED] cannot get ptp pods, err=Fail to detect PTP slave pods on Cluster&#xA;In [BeforeEach] at: /tmp/cnf-uqtK1/cnf-features-deploy/vendor/github.com/openshift/ptp-operator/test/conformance/serial/ptp.go:202 @ 04/20/23 17:58:50.785&#xA;</failure>
              <system-err>&gt; Enter [BeforeEach] [ptp] - /tmp/cnf-uqtK1/cnf-features-deploy/vendor/github.com/openshift/ptp-operator/test/conformance/serial/ptp.go:44 @ 04/20/23 17:58:50.091&#xA;&lt; Exit [BeforeEach] [ptp] - /tmp/cnf-uqtK1/cnf-features-deploy/vendor/github.com/openshift/ptp-operator/test/conformance/serial/ptp.go:44 @ 04/20/23 17:58:50.091 (0s)&#xA;&gt; Enter [BeforeEach] PTP e2e tests - /tmp/cnf-uqtK1/cnf-features-deploy/vendor/github.com/openshift/ptp-operator/test/pkg/execute/ginkgo.go:9 @ 04/20/23 17:58:50.091&#xA;&lt; Exit [BeforeEach] PTP e2e tests - /tmp/cnf-uqtK1/cnf-features-deploy/vendor/github.com/openshift/ptp-operator/test/pkg/execute/ginkgo.go:9 @ 04/20/23 17:58:50.091 (0s)&#xA;&gt; Enter [BeforeEach] PTP Interfaces discovery - /tmp/cnf-uqtK1/cnf-features-deploy/vendor/github.com/openshift/ptp-operator/test/conformance/serial/ptp.go:192 @ 04/20/23 17:58:50.091&#xA;[FAILED] cannot get ptp pods, err=Fail to detect PTP slave pods on Cluster&#xA;In [BeforeEach] at: /tmp/cnf-uqtK1/cnf-features-deploy/vendor/github.com/openshift/ptp-operator/test/conformance/serial/ptp.go:202 @ 04/20/23 17:58:50.785&#xA;&lt; Exit [BeforeEach] PTP Interfaces discovery - /tmp/cnf-uqtK1/cnf-features-deploy/vendor/github.com/openshift/ptp-operator/test/conformance/serial/ptp.go:192 @ 04/20/23 17:58:50.785 (694ms)&#xA;&gt; Enter [ReportAfterEach] TOP-LEVEL - /tmp/cnf-uqtK1/cnf-features-deploy/cnf-tests/testsuites/e2esuite/test_suite_test.go:130 @ 04/20/23 17:58:50.785&#xA;&lt; Exit [ReportAfterEach] TOP-LEVEL - /tmp/cnf-uqtK1/cnf-features-deploy/cnf-tests/testsuites/e2esuite/test_suite_test.go:130 @ 04/20/23 18:00:12.089 (1m21.305s)&#xA;</system-err>
          </testcase>
          <testcase name="[ptp] PTP e2e tests PTP ClockSync PTP daemon apply match rule based on nodeLabel" classname="CNF Features e2e integration tests" status="panicked" time="0.000263454">
              <error message="runtime error: invalid memory address or nil pointer dereference" type="panicked">[PANICKED] Test Panicked&#xA;In [It] at: /usr/local/go/src/runtime/panic.go:260 @ 04/20/23 18:00:12.09&#xA;&#xA;runtime error: invalid memory address or nil pointer dereference&#xA;&#xA;Full Stack Trace&#xA;  github.com/openshift/ptp-operator/test/conformance/serial.glob..func1.3.5.2()&#xA;  &#x9;/tmp/cnf-uqtK1/cnf-features-deploy/vendor/github.com/openshift/ptp-operator/test/conformance/serial/ptp.go:281 +0x71&#xA;</error>
              <system-err>&gt; Enter [BeforeEach] [ptp] - /tmp/cnf-uqtK1/cnf-features-deploy/vendor/github.com/openshift/ptp-operator/test/conformance/serial/ptp.go:44 @ 04/20/23 18:00:12.089&#xA;&lt; Exit [BeforeEach] [ptp] - /tmp/cnf-uqtK1/cnf-features-deploy/vendor/github.com/openshift/ptp-operator/test/conformance/serial/ptp.go:44 @ 04/20/23 18:00:12.089 (0s)&#xA;&gt; Enter [BeforeEach] PTP e2e tests - /tmp/cnf-uqtK1/cnf-features-deploy/vendor/github.com/openshift/ptp-operator/test/pkg/execute/ginkgo.go:9 @ 04/20/23 18:00:12.089&#xA;&lt; Exit [BeforeEach] PTP e2e tests - /tmp/cnf-uqtK1/cnf-features-deploy/vendor/github.com/openshift/ptp-operator/test/pkg/execute/ginkgo.go:9 @ 04/20/23 18:00:12.089 (0s)&#xA;&gt; Enter [BeforeEach] PTP ClockSync - /tmp/cnf-uqtK1/cnf-features-deploy/vendor/github.com/openshift/ptp-operator/test/conformance/serial/ptp.go:270 @ 04/20/23 18:00:12.089&#xA;&lt; Exit [BeforeEach] PTP ClockSync - /tmp/cnf-uqtK1/cnf-features-deploy/vendor/github.com/openshift/ptp-operator/test/conformance/serial/ptp.go:270 @ 04/20/23 18:00:12.089 (0s)&#xA;&gt; Enter [It] PTP daemon apply match rule based on nodeLabel - /tmp/cnf-uqtK1/cnf-features-deploy/vendor/github.com/openshift/ptp-operator/test/conformance/serial/ptp.go:276 @ 04/20/23 18:00:12.089&#xA;[PANICKED] Test Panicked&#xA;In [It] at: /usr/local/go/src/runtime/panic.go:260 @ 04/20/23 18:00:12.09&#xA;&#xA;runtime error: invalid memory address or nil pointer dereference&#xA;&#xA;Full Stack Trace&#xA;  github.com/openshift/ptp-operator/test/conformance/serial.glob..func1.3.5.2()&#xA;  &#x9;/tmp/cnf-uqtK1/cnf-features-deploy/vendor/github.com/openshift/ptp-operator/test/conformance/serial/ptp.go:281 +0x71&#xA;&lt; Exit [It] PTP daemon apply match rule based on nodeLabel - /tmp/cnf-uqtK1/cnf-features-deploy/vendor/github.com/openshift/ptp-operator/test/conformance/serial/ptp.go:276 @ 04/20/23 18:00:12.09 (0s)&#xA;&gt; Enter [ReportAfterEach] TOP-LEVEL - /tmp/cnf-uqtK1/cnf-features-deploy/cnf-tests/testsuites/e2esuite/test_suite_test.go:130 @ 04/20/23 18:00:12.09&#xA;&lt; Exit [ReportAfterEach] TOP-LEVEL - /tmp/cnf-uqtK1/cnf-features-deploy/cnf-tests/testsuites/e2esuite/test_suite_test.go:130 @ 04/20/23 18:01:34.09 (1m22s)&#xA;</system-err>
          </testcase>
          <testcase name="[ptp] PTP e2e tests PTP ClockSync Slave can sync to master" classname="CNF Features e2e integration tests" status="panicked" time="0.091476768">
              <error message="runtime error: invalid memory address or nil pointer dereference" type="panicked">[PANICKED] Test Panicked&#xA;In [It] at: /usr/local/go/src/runtime/panic.go:260 @ 04/20/23 18:01:34.181&#xA;&#xA;runtime error: invalid memory address or nil pointer dereference&#xA;&#xA;Full Stack Trace&#xA;  github.com/openshift/ptp-operator/test/pkg/ptphelper.GetProfileName(0x0?)&#xA;  &#x9;/tmp/cnf-uqtK1/cnf-features-deploy/vendor/github.com/openshift/ptp-operator/test/pkg/ptphelper/ptphelper.go:498 +0x26&#xA;  github.com/openshift/ptp-operator/test/pkg/ptptesthelper.BasicClockSyncCheck({0x0, 0x0, 0x0, 0x0, 0x0, 0x0, 0x0, 0x0, 0x0, {0x0, ...}, ...}, ...)&#xA;  &#x9;/tmp/cnf-uqtK1/cnf-features-deploy/vendor/github.com/openshift/ptp-operator/test/pkg/ptptesthelper/ptptesthelper.go:77 +0xa8&#xA;  github.com/openshift/ptp-operator/test/conformance/serial.glob..func1.3.5.3()&#xA;  &#x9;/tmp/cnf-uqtK1/cnf-features-deploy/vendor/github.com/openshift/ptp-operator/test/conformance/serial/ptp.go:319 +0x13e&#xA;</error>
              <system-err>&gt; Enter [BeforeEach] [ptp] - /tmp/cnf-uqtK1/cnf-features-deploy/vendor/github.com/openshift/ptp-operator/test/conformance/serial/ptp.go:44 @ 04/20/23 18:01:34.09&#xA;&lt; Exit [BeforeEach] [ptp] - /tmp/cnf-uqtK1/cnf-features-deploy/vendor/github.com/openshift/ptp-operator/test/conformance/serial/ptp.go:44 @ 04/20/23 18:01:34.09 (0s)&#xA;&gt; Enter [BeforeEach] PTP e2e tests - /tmp/cnf-uqtK1/cnf-features-deploy/vendor/github.com/openshift/ptp-operator/test/pkg/execute/ginkgo.go:9 @ 04/20/23 18:01:34.09&#xA;&lt; Exit [BeforeEach] PTP e2e tests - /tmp/cnf-uqtK1/cnf-features-deploy/vendor/github.com/openshift/ptp-operator/test/pkg/execute/ginkgo.go:9 @ 04/20/23 18:01:34.09 (0s)&#xA;&gt; Enter [BeforeEach] PTP ClockSync - /tmp/cnf-uqtK1/cnf-features-deploy/vendor/github.com/openshift/ptp-operator/test/conformance/serial/ptp.go:270 @ 04/20/23 18:01:34.09&#xA;&lt; Exit [BeforeEach] PTP ClockSync - /tmp/cnf-uqtK1/cnf-features-deploy/vendor/github.com/openshift/ptp-operator/test/conformance/serial/ptp.go:270 @ 04/20/23 18:01:34.09 (0s)&#xA;&gt; Enter [It] Slave can sync to master - /tmp/cnf-uqtK1/cnf-features-deploy/vendor/github.com/openshift/ptp-operator/test/conformance/serial/ptp.go:307 @ 04/20/23 18:01:34.09&#xA;[PANICKED] Test Panicked&#xA;In [It] at: /usr/local/go/src/runtime/panic.go:260 @ 04/20/23 18:01:34.181&#xA;&#xA;runtime error: invalid memory address or nil pointer dereference&#xA;&#xA;Full Stack Trace&#xA;  github.com/openshift/ptp-operator/test/pkg/ptphelper.GetProfileName(0x0?)&#xA;  &#x9;/tmp/cnf-uqtK1/cnf-features-deploy/vendor/github.com/openshift/ptp-operator/test/pkg/ptphelper/ptphelper.go:498 +0x26&#xA;  github.com/openshift/ptp-operator/test/pkg/ptptesthelper.BasicClockSyncCheck({0x0, 0x0, 0x0, 0x0, 0x0, 0x0, 0x0, 0x0, 0x0, {0x0, ...}, ...}, ...)&#xA;  &#x9;/tmp/cnf-uqtK1/cnf-features-deploy/vendor/github.com/openshift/ptp-operator/test/pkg/ptptesthelper/ptptesthelper.go:77 +0xa8&#xA;  github.com/openshift/ptp-operator/test/conformance/serial.glob..func1.3.5.3()&#xA;  &#x9;/tmp/cnf-uqtK1/cnf-features-deploy/vendor/github.com/openshift/ptp-operator/test/conformance/serial/ptp.go:319 +0x13e&#xA;&lt; Exit [It] Slave can sync to master - /tmp/cnf-uqtK1/cnf-features-deploy/vendor/github.com/openshift/ptp-operator/test/conformance/serial/ptp.go:307 @ 04/20/23 18:01:34.181 (91ms)&#xA;&gt; Enter [ReportAfterEach] TOP-LEVEL - /tmp/cnf-uqtK1/cnf-features-deploy/cnf-tests/testsuites/e2esuite/test_suite_test.go:130 @ 04/20/23 18:01:34.181&#xA;&lt; Exit [ReportAfterEach] TOP-LEVEL - /tmp/cnf-uqtK1/cnf-features-deploy/cnf-tests/testsuites/e2esuite/test_suite_test.go:130 @ 04/20/23 18:02:56.093 (1m21.912s)&#xA;</system-err>
          </testcase>
          <testcase name="[ptp] PTP e2e tests PTP ClockSync Downstream slave can sync to BC master" classname="CNF Features e2e integration tests" status="skipped" time="0.117322274">
              <skipped message="skipped - Boundary clock slave sync test is not performed in discovery or SNO mode"></skipped>
          </testcase>
          <testcase name="[ptp] PTP e2e tests PTP ClockSync Can provide a profile with higher priority" classname="CNF Features e2e integration tests" status="failed" time="0.229988076">
              <failure message="Unexpected error:&#xA;    &lt;*errors.StatusError | 0xc0032000a0&gt;: {&#xA;        ErrStatus: {&#xA;            TypeMeta: {Kind: &#34;&#34;, APIVersion: &#34;&#34;},&#xA;            ListMeta: {&#xA;                SelfLink: &#34;&#34;,&#xA;                ResourceVersion: &#34;&#34;,&#xA;                Continue: &#34;&#34;,&#xA;                RemainingItemCount: nil,&#xA;            },&#xA;            Status: &#34;Failure&#34;,&#xA;            Message: &#34;ptpconfigs.ptp.openshift.io \&#34;test-slave1\&#34; not found&#34;,&#xA;            Reason: &#34;NotFound&#34;,&#xA;            Details: {&#xA;                Name: &#34;test-slave1&#34;,&#xA;                Group: &#34;ptp.openshift.io&#34;,&#xA;                Kind: &#34;ptpconfigs&#34;,&#xA;                UID: &#34;&#34;,&#xA;                Causes: nil,&#xA;                RetryAfterSeconds: 0,&#xA;            },&#xA;            Code: 404,&#xA;        },&#xA;    }&#xA;    ptpconfigs.ptp.openshift.io &#34;test-slave1&#34; not found&#xA;occurred" type="failed">[FAILED] Unexpected error:&#xA;    &lt;*errors.StatusError | 0xc0032000a0&gt;: {&#xA;        ErrStatus: {&#xA;            TypeMeta: {Kind: &#34;&#34;, APIVersion: &#34;&#34;},&#xA;            ListMeta: {&#xA;                SelfLink: &#34;&#34;,&#xA;                ResourceVersion: &#34;&#34;,&#xA;                Continue: &#34;&#34;,&#xA;                RemainingItemCount: nil,&#xA;            },&#xA;            Status: &#34;Failure&#34;,&#xA;            Message: &#34;ptpconfigs.ptp.openshift.io \&#34;test-slave1\&#34; not found&#34;,&#xA;            Reason: &#34;NotFound&#34;,&#xA;            Details: {&#xA;                Name: &#34;test-slave1&#34;,&#xA;                Group: &#34;ptp.openshift.io&#34;,&#xA;                Kind: &#34;ptpconfigs&#34;,&#xA;                UID: &#34;&#34;,&#xA;                Causes: nil,&#xA;                RetryAfterSeconds: 0,&#xA;            },&#xA;            Code: 404,&#xA;        },&#xA;    }&#xA;    ptpconfigs.ptp.openshift.io &#34;test-slave1&#34; not found&#xA;occurred&#xA;In [It] at: /tmp/cnf-uqtK1/cnf-features-deploy/vendor/github.com/openshift/ptp-operator/test/conformance/serial/ptp.go:389 @ 04/20/23 18:02:56.44&#xA;</failure>
              <system-err>&gt; Enter [BeforeEach] [ptp] - /tmp/cnf-uqtK1/cnf-features-deploy/vendor/github.com/openshift/ptp-operator/test/conformance/serial/ptp.go:44 @ 04/20/23 18:02:56.211&#xA;&lt; Exit [BeforeEach] [ptp] - /tmp/cnf-uqtK1/cnf-features-deploy/vendor/github.com/openshift/ptp-operator/test/conformance/serial/ptp.go:44 @ 04/20/23 18:02:56.211 (0s)&#xA;&gt; Enter [BeforeEach] PTP e2e tests - /tmp/cnf-uqtK1/cnf-features-deploy/vendor/github.com/openshift/ptp-operator/test/pkg/execute/ginkgo.go:9 @ 04/20/23 18:02:56.211&#xA;&lt; Exit [BeforeEach] PTP e2e tests - /tmp/cnf-uqtK1/cnf-features-deploy/vendor/github.com/openshift/ptp-operator/test/pkg/execute/ginkgo.go:9 @ 04/20/23 18:02:56.211 (0s)&#xA;&gt; Enter [BeforeEach] PTP ClockSync - /tmp/cnf-uqtK1/cnf-features-deploy/vendor/github.com/openshift/ptp-operator/test/conformance/serial/ptp.go:270 @ 04/20/23 18:02:56.211&#xA;&lt; Exit [BeforeEach] PTP ClockSync - /tmp/cnf-uqtK1/cnf-features-deploy/vendor/github.com/openshift/ptp-operator/test/conformance/serial/ptp.go:270 @ 04/20/23 18:02:56.211 (0s)&#xA;&gt; Enter [It] Can provide a profile with higher priority - /tmp/cnf-uqtK1/cnf-features-deploy/vendor/github.com/openshift/ptp-operator/test/conformance/serial/ptp.go:365 @ 04/20/23 18:02:56.211&#xA;STEP: Creating a config with higher priority - /tmp/cnf-uqtK1/cnf-features-deploy/vendor/github.com/openshift/ptp-operator/test/conformance/serial/ptp.go:376 @ 04/20/23 18:02:56.34&#xA;END STEP: Creating a config with higher priority - /tmp/cnf-uqtK1/cnf-features-deploy/vendor/github.com/openshift/ptp-operator/test/conformance/serial/ptp.go:376 @ 04/20/23 18:02:56.44 (100ms)&#xA;[FAILED] Unexpected error:&#xA;    &lt;*errors.StatusError | 0xc0032000a0&gt;: {&#xA;        ErrStatus: {&#xA;            TypeMeta: {Kind: &#34;&#34;, APIVersion: &#34;&#34;},&#xA;            ListMeta: {&#xA;                SelfLink: &#34;&#34;,&#xA;                ResourceVersion: &#34;&#34;,&#xA;                Continue: &#34;&#34;,&#xA;                RemainingItemCount: nil,&#xA;            },&#xA;            Status: &#34;Failure&#34;,&#xA;            Message: &#34;ptpconfigs.ptp.openshift.io \&#34;test-slave1\&#34; not found&#34;,&#xA;            Reason: &#34;NotFound&#34;,&#xA;            Details: {&#xA;                Name: &#34;test-slave1&#34;,&#xA;                Group: &#34;ptp.openshift.io&#34;,&#xA;                Kind: &#34;ptpconfigs&#34;,&#xA;                UID: &#34;&#34;,&#xA;                Causes: nil,&#xA;                RetryAfterSeconds: 0,&#xA;            },&#xA;            Code: 404,&#xA;        },&#xA;    }&#xA;    ptpconfigs.ptp.openshift.io &#34;test-slave1&#34; not found&#xA;occurred&#xA;In [It] at: /tmp/cnf-uqtK1/cnf-features-deploy/vendor/github.com/openshift/ptp-operator/test/conformance/serial/ptp.go:389 @ 04/20/23 18:02:56.44&#xA;&lt; Exit [It] Can provide a profile with higher priority - /tmp/cnf-uqtK1/cnf-features-deploy/vendor/github.com/openshift/ptp-operator/test/conformance/serial/ptp.go:365 @ 04/20/23 18:02:56.44 (230ms)&#xA;&gt; Enter [ReportAfterEach] TOP-LEVEL - /tmp/cnf-uqtK1/cnf-features-deploy/cnf-tests/testsuites/e2esuite/test_suite_test.go:130 @ 04/20/23 18:02:56.441&#xA;&lt; Exit [ReportAfterEach] TOP-LEVEL - /tmp/cnf-uqtK1/cnf-features-deploy/cnf-tests/testsuites/e2esuite/test_suite_test.go:130 @ 04/20/23 18:04:18.089 (1m21.648s)&#xA;</system-err>
          </testcase>
          <testcase name="[ptp] PTP e2e tests PTP metric is present on slave" classname="CNF Features e2e integration tests" status="failed" time="0.931593293">
              <failure message="cannot get ptp pods, err=Fail to detect PTP slave pods on Cluster" type="failed">[FAILED] cannot get ptp pods, err=Fail to detect PTP slave pods on Cluster&#xA;In [BeforeEach] at: /tmp/cnf-uqtK1/cnf-features-deploy/vendor/github.com/openshift/ptp-operator/test/conformance/serial/ptp.go:446 @ 04/20/23 18:04:19.021&#xA;</failure>
              <system-err>&gt; Enter [BeforeEach] [ptp] - /tmp/cnf-uqtK1/cnf-features-deploy/vendor/github.com/openshift/ptp-operator/test/conformance/serial/ptp.go:44 @ 04/20/23 18:04:18.089&#xA;&lt; Exit [BeforeEach] [ptp] - /tmp/cnf-uqtK1/cnf-features-deploy/vendor/github.com/openshift/ptp-operator/test/conformance/serial/ptp.go:44 @ 04/20/23 18:04:18.089 (0s)&#xA;&gt; Enter [BeforeEach] PTP e2e tests - /tmp/cnf-uqtK1/cnf-features-deploy/vendor/github.com/openshift/ptp-operator/test/pkg/execute/ginkgo.go:9 @ 04/20/23 18:04:18.089&#xA;&lt; Exit [BeforeEach] PTP e2e tests - /tmp/cnf-uqtK1/cnf-features-deploy/vendor/github.com/openshift/ptp-operator/test/pkg/execute/ginkgo.go:9 @ 04/20/23 18:04:18.089 (0s)&#xA;&gt; Enter [BeforeEach] PTP metric is present - /tmp/cnf-uqtK1/cnf-features-deploy/vendor/github.com/openshift/ptp-operator/test/conformance/serial/ptp.go:435 @ 04/20/23 18:04:18.089&#xA;[FAILED] cannot get ptp pods, err=Fail to detect PTP slave pods on Cluster&#xA;In [BeforeEach] at: /tmp/cnf-uqtK1/cnf-features-deploy/vendor/github.com/openshift/ptp-operator/test/conformance/serial/ptp.go:446 @ 04/20/23 18:04:19.021&#xA;&lt; Exit [BeforeEach] PTP metric is present - /tmp/cnf-uqtK1/cnf-features-deploy/vendor/github.com/openshift/ptp-operator/test/conformance/serial/ptp.go:435 @ 04/20/23 18:04:19.021 (931ms)&#xA;&gt; Enter [ReportAfterEach] TOP-LEVEL - /tmp/cnf-uqtK1/cnf-features-deploy/cnf-tests/testsuites/e2esuite/test_suite_test.go:130 @ 04/20/23 18:04:19.021&#xA;&lt; Exit [ReportAfterEach] TOP-LEVEL - /tmp/cnf-uqtK1/cnf-features-deploy/cnf-tests/testsuites/e2esuite/test_suite_test.go:130 @ 04/20/23 18:05:40.089 (1m21.069s)&#xA;</system-err>
          </testcase>
          <testcase name="[ptp] PTP e2e tests Running with event enabled Should check for ptp events" classname="CNF Features e2e integration tests" status="skipped" time="0.279839741">
              <skipped message="skipped - Skipping, PTP events not enabled"></skipped>
          </testcase>
          <testcase name="[ptp] PTP e2e tests Running with fifo scheduling Should check whether using fifo scheduling" classname="CNF Features e2e integration tests" status="skipped" time="0.278764303">
              <skipped message="skipped - No SCHED_FIFO policies configured"></skipped>
          </testcase>
          <testcase name="[ptp] PTP e2e tests PTP socket sharing between pods Negative - run pmc in a new unprivileged pod on the slave node Should not be able to use the uds" classname="CNF Features e2e integration tests" status="panicked" time="0.281671149">
              <error message="runtime error: invalid memory address or nil pointer dereference" type="panicked">[PANICKED] Test Panicked&#xA;In [It] at: /tmp/cnf-uqtK1/cnf-features-deploy/vendor/github.com/onsi/gomega/internal/async_assertion.go:321 @ 04/20/23 18:05:40.649&#xA;&#xA;runtime error: invalid memory address or nil pointer dereference&#xA;&#xA;Full Stack Trace&#xA;  github.com/onsi/gomega/internal.(*AsyncAssertion).buildActualPoller.func3.1()&#xA;  &#x9;/tmp/cnf-uqtK1/cnf-features-deploy/vendor/github.com/onsi/gomega/internal/async_assertion.go:321 +0x1ca&#xA;  panic({0x1e30460, 0x36bfa50})&#xA;  &#x9;/usr/local/go/src/runtime/panic.go:884 +0x212&#xA;  github.com/openshift/ptp-operator/test/conformance/serial.glob..func1.3.9.3.1.1()&#xA;  &#x9;/tmp/cnf-uqtK1/cnf-features-deploy/vendor/github.com/openshift/ptp-operator/test/conformance/serial/ptp.go:613 +0xa2&#xA;  reflect.Value.call({0x1d180a0?, 0xc00309dc10?, 0x60?}, {0x213c74e, 0x4}, {0x373f728, 0x0, 0xc?})&#xA;  &#x9;/usr/local/go/src/reflect/value.go:584 +0x8c5&#xA;  reflect.Value.Call({0x1d180a0?, 0xc00309dc10?, 0xc000080a00?}, {0x373f728?, 0x40f77f?, 0xc000580000?})&#xA;  &#x9;/usr/local/go/src/reflect/value.go:368 +0xbc&#xA;  github.com/onsi/gomega/internal.(*AsyncAssertion).buildActualPoller.func3()&#xA;  &#x9;/tmp/cnf-uqtK1/cnf-features-deploy/vendor/github.com/onsi/gomega/internal/async_assertion.go:325 +0x13a&#xA;  github.com/onsi/gomega/internal.(*AsyncAssertion).match(0xc000390af0, {0x24c8b18?, 0xc0030bd2f0}, 0x0, {0xc00309dc30, 0x1, 0x1})&#xA;  &#x9;/tmp/cnf-uqtK1/cnf-features-deploy/vendor/github.com/onsi/gomega/internal/async_assertion.go:398 +0x16e&#xA;  github.com/onsi/gomega/internal.(*AsyncAssertion).ShouldNot(0xc000390af0, {0x24c8b18, 0xc0030bd2f0}, {0xc00309dc30, 0x1, 0x1})&#xA;  &#x9;/tmp/cnf-uqtK1/cnf-features-deploy/vendor/github.com/onsi/gomega/internal/async_assertion.go:151 +0x8a&#xA;  github.com/openshift/ptp-operator/test/conformance/serial.glob..func1.3.9.3.1()&#xA;  &#x9;/tmp/cnf-uqtK1/cnf-features-deploy/vendor/github.com/openshift/ptp-operator/test/conformance/serial/ptp.go:615 +0x15f&#xA;</error>
              <system-err>&gt; Enter [BeforeEach] [ptp] - /tmp/cnf-uqtK1/cnf-features-deploy/vendor/github.com/openshift/ptp-operator/test/conformance/serial/ptp.go:44 @ 04/20/23 18:05:40.649&#xA;&lt; Exit [BeforeEach] [ptp] - /tmp/cnf-uqtK1/cnf-features-deploy/vendor/github.com/openshift/ptp-operator/test/conformance/serial/ptp.go:44 @ 04/20/23 18:05:40.649 (0s)&#xA;&gt; Enter [BeforeEach] PTP e2e tests - /tmp/cnf-uqtK1/cnf-features-deploy/vendor/github.com/openshift/ptp-operator/test/pkg/execute/ginkgo.go:9 @ 04/20/23 18:05:40.649&#xA;&lt; Exit [BeforeEach] PTP e2e tests - /tmp/cnf-uqtK1/cnf-features-deploy/vendor/github.com/openshift/ptp-operator/test/pkg/execute/ginkgo.go:9 @ 04/20/23 18:05:40.649 (0s)&#xA;&gt; Enter [BeforeEach] PTP socket sharing between pods - /tmp/cnf-uqtK1/cnf-features-deploy/vendor/github.com/openshift/ptp-operator/test/conformance/serial/ptp.go:598 @ 04/20/23 18:05:40.649&#xA;&lt; Exit [BeforeEach] PTP socket sharing between pods - /tmp/cnf-uqtK1/cnf-features-deploy/vendor/github.com/openshift/ptp-operator/test/conformance/serial/ptp.go:598 @ 04/20/23 18:05:40.649 (0s)&#xA;&gt; Enter [It] Should not be able to use the uds - /tmp/cnf-uqtK1/cnf-features-deploy/vendor/github.com/openshift/ptp-operator/test/conformance/serial/ptp.go:611 @ 04/20/23 18:05:40.649&#xA;[PANICKED] Test Panicked&#xA;In [It] at: /tmp/cnf-uqtK1/cnf-features-deploy/vendor/github.com/onsi/gomega/internal/async_assertion.go:321 @ 04/20/23 18:05:40.649&#xA;&#xA;runtime error: invalid memory address or nil pointer dereference&#xA;&#xA;Full Stack Trace&#xA;  github.com/onsi/gomega/internal.(*AsyncAssertion).buildActualPoller.func3.1()&#xA;  &#x9;/tmp/cnf-uqtK1/cnf-features-deploy/vendor/github.com/onsi/gomega/internal/async_assertion.go:321 +0x1ca&#xA;  panic({0x1e30460, 0x36bfa50})&#xA;  &#x9;/usr/local/go/src/runtime/panic.go:884 +0x212&#xA;  github.com/openshift/ptp-operator/test/conformance/serial.glob..func1.3.9.3.1.1()&#xA;  &#x9;/tmp/cnf-uqtK1/cnf-features-deploy/vendor/github.com/openshift/ptp-operator/test/conformance/serial/ptp.go:613 +0xa2&#xA;  reflect.Value.call({0x1d180a0?, 0xc00309dc10?, 0x60?}, {0x213c74e, 0x4}, {0x373f728, 0x0, 0xc?})&#xA;  &#x9;/usr/local/go/src/reflect/value.go:584 +0x8c5&#xA;  reflect.Value.Call({0x1d180a0?, 0xc00309dc10?, 0xc000080a00?}, {0x373f728?, 0x40f77f?, 0xc000580000?})&#xA;  &#x9;/usr/local/go/src/reflect/value.go:368 +0xbc&#xA;  github.com/onsi/gomega/internal.(*AsyncAssertion).buildActualPoller.func3()&#xA;  &#x9;/tmp/cnf-uqtK1/cnf-features-deploy/vendor/github.com/onsi/gomega/internal/async_assertion.go:325 +0x13a&#xA;  github.com/onsi/gomega/internal.(*AsyncAssertion).match(0xc000390af0, {0x24c8b18?, 0xc0030bd2f0}, 0x0, {0xc00309dc30, 0x1, 0x1})&#xA;  &#x9;/tmp/cnf-uqtK1/cnf-features-deploy/vendor/github.com/onsi/gomega/internal/async_assertion.go:398 +0x16e&#xA;  github.com/onsi/gomega/internal.(*AsyncAssertion).ShouldNot(0xc000390af0, {0x24c8b18, 0xc0030bd2f0}, {0xc00309dc30, 0x1, 0x1})&#xA;  &#x9;/tmp/cnf-uqtK1/cnf-features-deploy/vendor/github.com/onsi/gomega/internal/async_assertion.go:151 +0x8a&#xA;  github.com/openshift/ptp-operator/test/conformance/serial.glob..func1.3.9.3.1()&#xA;  &#x9;/tmp/cnf-uqtK1/cnf-features-deploy/vendor/github.com/openshift/ptp-operator/test/conformance/serial/ptp.go:615 +0x15f&#xA;&lt; Exit [It] Should not be able to use the uds - /tmp/cnf-uqtK1/cnf-features-deploy/vendor/github.com/openshift/ptp-operator/test/conformance/serial/ptp.go:611 @ 04/20/23 18:05:40.649 (0s)&#xA;&gt; Enter [AfterEach] PTP socket sharing between pods - /tmp/cnf-uqtK1/cnf-features-deploy/vendor/github.com/openshift/ptp-operator/test/conformance/serial/ptp.go:606 @ 04/20/23 18:05:40.649&#xA;&lt; Exit [AfterEach] PTP socket sharing between pods - /tmp/cnf-uqtK1/cnf-features-deploy/vendor/github.com/openshift/ptp-operator/test/conformance/serial/ptp.go:606 @ 04/20/23 18:05:40.93 (281ms)&#xA;&gt; Enter [ReportAfterEach] TOP-LEVEL - /tmp/cnf-uqtK1/cnf-features-deploy/cnf-tests/testsuites/e2esuite/test_suite_test.go:130 @ 04/20/23 18:05:40.93&#xA;&lt; Exit [ReportAfterEach] TOP-LEVEL - /tmp/cnf-uqtK1/cnf-features-deploy/cnf-tests/testsuites/e2esuite/test_suite_test.go:130 @ 04/20/23 18:07:02.088 (1m21.157s)&#xA;</system-err>
          </testcase>
          <testcase name="[ptp] PTP e2e tests PTP socket sharing between pods Run pmc in a new pod on the slave node Should be able to sync using a uds" classname="CNF Features e2e integration tests" status="failed" time="0.306024888">
              <failure message="Expected&#xA;    &lt;*v1.Pod | 0x0&gt;: nil&#xA;not to be nil" type="failed">[FAILED] Expected&#xA;    &lt;*v1.Pod | 0x0&gt;: nil&#xA;not to be nil&#xA;In [It] at: /tmp/cnf-uqtK1/cnf-features-deploy/vendor/github.com/openshift/ptp-operator/test/conformance/serial/ptp.go:653 @ 04/20/23 18:07:02.088&#xA;</failure>
              <system-err>&gt; Enter [BeforeEach] [ptp] - /tmp/cnf-uqtK1/cnf-features-deploy/vendor/github.com/openshift/ptp-operator/test/conformance/serial/ptp.go:44 @ 04/20/23 18:07:02.088&#xA;&lt; Exit [BeforeEach] [ptp] - /tmp/cnf-uqtK1/cnf-features-deploy/vendor/github.com/openshift/ptp-operator/test/conformance/serial/ptp.go:44 @ 04/20/23 18:07:02.088 (0s)&#xA;&gt; Enter [BeforeEach] PTP e2e tests - /tmp/cnf-uqtK1/cnf-features-deploy/vendor/github.com/openshift/ptp-operator/test/pkg/execute/ginkgo.go:9 @ 04/20/23 18:07:02.088&#xA;&lt; Exit [BeforeEach] PTP e2e tests - /tmp/cnf-uqtK1/cnf-features-deploy/vendor/github.com/openshift/ptp-operator/test/pkg/execute/ginkgo.go:9 @ 04/20/23 18:07:02.088 (0s)&#xA;&gt; Enter [BeforeEach] PTP socket sharing between pods - /tmp/cnf-uqtK1/cnf-features-deploy/vendor/github.com/openshift/ptp-operator/test/conformance/serial/ptp.go:598 @ 04/20/23 18:07:02.088&#xA;&lt; Exit [BeforeEach] PTP socket sharing between pods - /tmp/cnf-uqtK1/cnf-features-deploy/vendor/github.com/openshift/ptp-operator/test/conformance/serial/ptp.go:598 @ 04/20/23 18:07:02.088 (0s)&#xA;&gt; Enter [It] Should be able to sync using a uds - /tmp/cnf-uqtK1/cnf-features-deploy/vendor/github.com/openshift/ptp-operator/test/conformance/serial/ptp.go:651 @ 04/20/23 18:07:02.088&#xA;[FAILED] Expected&#xA;    &lt;*v1.Pod | 0x0&gt;: nil&#xA;not to be nil&#xA;In [It] at: /tmp/cnf-uqtK1/cnf-features-deploy/vendor/github.com/openshift/ptp-operator/test/conformance/serial/ptp.go:653 @ 04/20/23 18:07:02.088&#xA;&lt; Exit [It] Should be able to sync using a uds - /tmp/cnf-uqtK1/cnf-features-deploy/vendor/github.com/openshift/ptp-operator/test/conformance/serial/ptp.go:651 @ 04/20/23 18:07:02.088 (0s)&#xA;&gt; Enter [AfterEach] PTP socket sharing between pods - /tmp/cnf-uqtK1/cnf-features-deploy/vendor/github.com/openshift/ptp-operator/test/conformance/serial/ptp.go:606 @ 04/20/23 18:07:02.088&#xA;&lt; Exit [AfterEach] PTP socket sharing between pods - /tmp/cnf-uqtK1/cnf-features-deploy/vendor/github.com/openshift/ptp-operator/test/conformance/serial/ptp.go:606 @ 04/20/23 18:07:02.394 (306ms)&#xA;&gt; Enter [ReportAfterEach] TOP-LEVEL - /tmp/cnf-uqtK1/cnf-features-deploy/cnf-tests/testsuites/e2esuite/test_suite_test.go:130 @ 04/20/23 18:07:02.394&#xA;&lt; Exit [ReportAfterEach] TOP-LEVEL - /tmp/cnf-uqtK1/cnf-features-deploy/cnf-tests/testsuites/e2esuite/test_suite_test.go:130 @ 04/20/23 18:08:24.357 (1m21.963s)&#xA;</system-err>
          </testcase>
          <testcase name="[ptp] PTP e2e tests prometheus Metrics reported by PTP pods Should all be reported by prometheus" classname="CNF Features e2e integration tests" status="passed" time="5.109351552"></testcase>
          <testcase name="[xt_u32] Negative - xt_u32 disabled Should NOT create an iptable rule" classname="CNF Features e2e integration tests" status="skipped" time="0.802003082">
              <skipped message="skipped - Skipping as no non-enabled nodes are available"></skipped>
          </testcase>
          <testcase name="[xt_u32] Validate the module is enabled and works Should create an iptables rule inside a pod that has the module enabled" classname="CNF Features e2e integration tests" status="failed" time="23.457432186">
              <failure message="Expected&#xA;    &lt;string&gt;: Module                  Size  Used by&#xD;&#xD;&#xA;    veth                   36864  0&#xD;&#xD;&#xA;    ipt_REJECT             16384  84&#xD;&#xD;&#xA;    nf_reject_ipv4         16384  1 ipt_REJECT&#xD;&#xD;&#xA;    xt_nat                 16384  1&#xD;&#xD;&#xA;    xt_CT                  16384  4&#xD;&#xD;&#xA;    vhost_net              36864  0&#xD;&#xD;&#xA;    vhost                  57344  1 vhost_net&#xD;&#xD;&#xA;    vhost_iotlb            16384  1 vhost&#xD;&#xD;&#xA;    tap                    28672  1 vhost_net&#xD;&#xD;&#xA;    tun                    65536  1 vhost_net&#xD;&#xD;&#xA;    xt_REDIRECT            20480  0&#xD;&#xD;&#xA;    nf_conntrack_netlink    57344  0&#xD;&#xD;&#xA;    xt_MASQUERADE          20480  2&#xD;&#xD;&#xA;    nft_chain_nat          16384  4&#xD;&#xD;&#xA;    xt_mark                16384  7&#xD;&#xD;&#xA;    xt_conntrack           16384  1&#xD;&#xD;&#xA;    xt_comment             16384  9&#xD;&#xD;&#xA;    nft_compat             20480  196&#xD;&#xD;&#xA;    nft_counter            16384  116&#xD;&#xD;&#xA;    nf_tables             278528  298 nft_compat,nft_counter,nft_chain_nat&#xD;&#xD;&#xA;    geneve                 45056  0&#xD;&#xD;&#xA;    nfnetlink_cttimeout    20480  0&#xD;&#xD;&#xA;    nfnetlink              20480  6 nft_compat,nfnetlink_cttimeout,nf_conntrack_netlink,nf_tables&#xD;&#xD;&#xA;    openvswitch           212992  16&#xD;&#xD;&#xA;    nf_conncount           32768  1 openvswitch&#xD;&#xD;&#xA;    nf_nat                 86016  5 xt_nat,openvswitch,nft_chain_nat,xt_MASQUERADE,xt_REDIRECT&#xD;&#xD;&#xA;    nf_conntrack          217088  10 xt_conntrack,nf_nat,nfnetlink_cttimeout,xt_nat,openvswitch,nf_conntrack_netlink,xt_CT,nf_conncount,xt_MASQUERADE,xt_REDIRECT&#xD;&#xD;&#xA;    nf_defrag_ipv6         24576  2 nf_conntrack,openvswitch&#xD;&#xD;&#xA;    nf_defrag_ipv4         16384  1 nf_conntrack&#xD;&#xD;&#xA;    overlay               176128  94&#xD;&#xD;&#xA;    ext4                 1024000  1&#xD;&#xD;&#xA;    mbcache                16384  1 ext4&#xD;&#xD;&#xA;    jbd2                  196608  1 ext4&#xD;&#xD;&#xA;    kvm_intel             409600  0&#xD;&#xD;&#xA;    kvm                  1142784  1 kvm_intel&#xD;&#xD;&#xA;    irqbypass              16384  1 kvm&#xD;&#xD;&#xA;    intel_rapl_msr         20480  0&#xD;&#xD;&#xA;    intel_rapl_common      32768  1 intel_rapl_msr&#xD;&#xD;&#xA;    i10nm_edac             36864  0&#xD;&#xD;&#xA;    nfit                   77824  1 i10nm_edac&#xD;&#xD;&#xA;    mgag200                49152  0&#xD;&#xD;&#xA;    libnvdimm             225280  1 nfit&#xD;&#xD;&#xA;    i2c_algo_bit           16384  1 mgag200&#xD;&#xD;&#xA;    x86_pkg_temp_thermal    20480  0&#xD;&#xD;&#xA;    drm_shmem_helper       24576  1 mgag200&#xD;&#xD;&#xA;    ipmi_ssif              45056  0&#xD;&#xD;&#xA;    ledtrig_audio          16384  0&#xD;&#xD;&#xA;    intel_powerclamp       20480  0&#xD;&#xD;&#xA;    acpi_ipmi              20480  0&#xD;&#xD;&#xA;    rfkill                 36864  1&#xD;&#xD;&#xA;    coretemp               20480  0&#xD;&#xD;&#xA;    rapl                   24576  0&#xD;&#xD;&#xA;    ipmi_si                86016  1&#xD;&#xD;&#xA;    video                  61440  0&#xD;&#xD;&#xA;    intel_cstate           24576  0&#xD;&#xD;&#xA;    iTCO_wdt               16384  0&#xD;&#xD;&#xA;    iTCO_vendor_support    16384  1 iTCO_wdt&#xD;&#xD;&#xA;    mei_me                 53248  0&#xD;&#xD;&#xA;    ipmi_devintf           20480  0&#xD;&#xD;&#xA;    dcdbas                 20480  0&#xD;&#xD;&#xA;    dell_smbios            32768  0&#xD;&#xD;&#xA;    drm_kms_helper        192512  3 mgag200&#xD;&#xD;&#xA;    isst_if_mbox_pci       16384  0&#xD;&#xD;&#xA;    isst_if_mmio           16384  0&#xD;&#xD;&#xA;    syscopyarea            16384  1 drm_kms_helper&#xD;&#xD;&#xA;    i2c_i801               36864  0&#xD;&#xD;&#xA;    wmi_bmof               16384  0&#xD;&#xD;&#xA;    intel_uncore          229376  0&#xD;&#xD;&#xA;    sysfillrect            16384  1 drm_kms_helper&#xD;&#xD;&#xA;    dell_wmi_descriptor    20480  1 dell_smbios&#xD;&#xD;&#xA;    pcspkr                 16384  0&#xD;&#xD;&#xA;    sysimgblt              16384  1 drm_kms_helper&#xD;&#xD;&#xA;    fb_sys_fops            16384  1 drm_kms_helper&#xD;&#xD;&#xA;    isst_if_common         20480  2 isst_if_mmio,isst_if_mbox_pci&#xD;&#xD;&#xA;    i2c_smbus              20480  1 i2c_i801&#xD;&#xD;&#xA;    ipmi_msghandler        81920  4 ipmi_devintf,ipmi_si,acpi_ipmi,ipmi_ssif&#xD;&#xD;&#xA;    mei                   163840  1 mei_me&#xD;&#xD;&#xA;    intel_vsec             20480  0&#xD;&#xD;&#xA;    intel_pch_thermal      20480  0&#xD;&#xD;&#xA;    acpi_power_meter       20480  0&#xD;&#xD;&#xA;    sctp                  462848  22&#xD;&#xD;&#xA;    ip6_udp_tunnel         16384  2 geneve,sctp&#xD;&#xD;&#xA;    udp_tunnel             24576  2 geneve,sctp&#xD;&#xD;&#xA;    ip_tables              28672  0&#xD;&#xD;&#xA;    drm                   581632  4 drm_kms_helper,drm_shmem_helper,mgag200&#xD;&#xD;&#xA;    xfs                  2...&#xA;&#xA;Gomega truncated this representation as it exceeds &#39;format.MaxLength&#39;.&#xA;Consider having the object provide a custom &#39;GomegaStringer&#39; representation&#xA;or adjust the parameters in Gomega&#39;s &#39;format&#39; package.&#xA;&#xA;Learn more here: https://onsi.github.io/gomega/#adjusting-output&#xA;&#xA;to contain substring&#xA;    &lt;string&gt;: xt_u32" type="failed">[FAILED] Expected&#xA;    &lt;string&gt;: Module                  Size  Used by&#xD;&#xD;&#xA;    veth                   36864  0&#xD;&#xD;&#xA;    ipt_REJECT             16384  84&#xD;&#xD;&#xA;    nf_reject_ipv4         16384  1 ipt_REJECT&#xD;&#xD;&#xA;    xt_nat                 16384  1&#xD;&#xD;&#xA;    xt_CT                  16384  4&#xD;&#xD;&#xA;    vhost_net              36864  0&#xD;&#xD;&#xA;    vhost                  57344  1 vhost_net&#xD;&#xD;&#xA;    vhost_iotlb            16384  1 vhost&#xD;&#xD;&#xA;    tap                    28672  1 vhost_net&#xD;&#xD;&#xA;    tun                    65536  1 vhost_net&#xD;&#xD;&#xA;    xt_REDIRECT            20480  0&#xD;&#xD;&#xA;    nf_conntrack_netlink    57344  0&#xD;&#xD;&#xA;    xt_MASQUERADE          20480  2&#xD;&#xD;&#xA;    nft_chain_nat          16384  4&#xD;&#xD;&#xA;    xt_mark                16384  7&#xD;&#xD;&#xA;    xt_conntrack           16384  1&#xD;&#xD;&#xA;    xt_comment             16384  9&#xD;&#xD;&#xA;    nft_compat             20480  196&#xD;&#xD;&#xA;    nft_counter            16384  116&#xD;&#xD;&#xA;    nf_tables             278528  298 nft_compat,nft_counter,nft_chain_nat&#xD;&#xD;&#xA;    geneve                 45056  0&#xD;&#xD;&#xA;    nfnetlink_cttimeout    20480  0&#xD;&#xD;&#xA;    nfnetlink              20480  6 nft_compat,nfnetlink_cttimeout,nf_conntrack_netlink,nf_tables&#xD;&#xD;&#xA;    openvswitch           212992  16&#xD;&#xD;&#xA;    nf_conncount           32768  1 openvswitch&#xD;&#xD;&#xA;    nf_nat                 86016  5 xt_nat,openvswitch,nft_chain_nat,xt_MASQUERADE,xt_REDIRECT&#xD;&#xD;&#xA;    nf_conntrack          217088  10 xt_conntrack,nf_nat,nfnetlink_cttimeout,xt_nat,openvswitch,nf_conntrack_netlink,xt_CT,nf_conncount,xt_MASQUERADE,xt_REDIRECT&#xD;&#xD;&#xA;    nf_defrag_ipv6         24576  2 nf_conntrack,openvswitch&#xD;&#xD;&#xA;    nf_defrag_ipv4         16384  1 nf_conntrack&#xD;&#xD;&#xA;    overlay               176128  94&#xD;&#xD;&#xA;    ext4                 1024000  1&#xD;&#xD;&#xA;    mbcache                16384  1 ext4&#xD;&#xD;&#xA;    jbd2                  196608  1 ext4&#xD;&#xD;&#xA;    kvm_intel             409600  0&#xD;&#xD;&#xA;    kvm                  1142784  1 kvm_intel&#xD;&#xD;&#xA;    irqbypass              16384  1 kvm&#xD;&#xD;&#xA;    intel_rapl_msr         20480  0&#xD;&#xD;&#xA;    intel_rapl_common      32768  1 intel_rapl_msr&#xD;&#xD;&#xA;    i10nm_edac             36864  0&#xD;&#xD;&#xA;    nfit                   77824  1 i10nm_edac&#xD;&#xD;&#xA;    mgag200                49152  0&#xD;&#xD;&#xA;    libnvdimm             225280  1 nfit&#xD;&#xD;&#xA;    i2c_algo_bit           16384  1 mgag200&#xD;&#xD;&#xA;    x86_pkg_temp_thermal    20480  0&#xD;&#xD;&#xA;    drm_shmem_helper       24576  1 mgag200&#xD;&#xD;&#xA;    ipmi_ssif              45056  0&#xD;&#xD;&#xA;    ledtrig_audio          16384  0&#xD;&#xD;&#xA;    intel_powerclamp       20480  0&#xD;&#xD;&#xA;    acpi_ipmi              20480  0&#xD;&#xD;&#xA;    rfkill                 36864  1&#xD;&#xD;&#xA;    coretemp               20480  0&#xD;&#xD;&#xA;    rapl                   24576  0&#xD;&#xD;&#xA;    ipmi_si                86016  1&#xD;&#xD;&#xA;    video                  61440  0&#xD;&#xD;&#xA;    intel_cstate           24576  0&#xD;&#xD;&#xA;    iTCO_wdt               16384  0&#xD;&#xD;&#xA;    iTCO_vendor_support    16384  1 iTCO_wdt&#xD;&#xD;&#xA;    mei_me                 53248  0&#xD;&#xD;&#xA;    ipmi_devintf           20480  0&#xD;&#xD;&#xA;    dcdbas                 20480  0&#xD;&#xD;&#xA;    dell_smbios            32768  0&#xD;&#xD;&#xA;    drm_kms_helper        192512  3 mgag200&#xD;&#xD;&#xA;    isst_if_mbox_pci       16384  0&#xD;&#xD;&#xA;    isst_if_mmio           16384  0&#xD;&#xD;&#xA;    syscopyarea            16384  1 drm_kms_helper&#xD;&#xD;&#xA;    i2c_i801               36864  0&#xD;&#xD;&#xA;    wmi_bmof               16384  0&#xD;&#xD;&#xA;    intel_uncore          229376  0&#xD;&#xD;&#xA;    sysfillrect            16384  1 drm_kms_helper&#xD;&#xD;&#xA;    dell_wmi_descriptor    20480  1 dell_smbios&#xD;&#xD;&#xA;    pcspkr                 16384  0&#xD;&#xD;&#xA;    sysimgblt              16384  1 drm_kms_helper&#xD;&#xD;&#xA;    fb_sys_fops            16384  1 drm_kms_helper&#xD;&#xD;&#xA;    isst_if_common         20480  2 isst_if_mmio,isst_if_mbox_pci&#xD;&#xD;&#xA;    i2c_smbus              20480  1 i2c_i801&#xD;&#xD;&#xA;    ipmi_msghandler        81920  4 ipmi_devintf,ipmi_si,acpi_ipmi,ipmi_ssif&#xD;&#xD;&#xA;    mei                   163840  1 mei_me&#xD;&#xD;&#xA;    intel_vsec             20480  0&#xD;&#xD;&#xA;    intel_pch_thermal      20480  0&#xD;&#xD;&#xA;    acpi_power_meter       20480  0&#xD;&#xD;&#xA;    sctp                  462848  22&#xD;&#xD;&#xA;    ip6_udp_tunnel         16384  2 geneve,sctp&#xD;&#xD;&#xA;    udp_tunnel             24576  2 geneve,sctp&#xD;&#xD;&#xA;    ip_tables              28672  0&#xD;&#xD;&#xA;    drm                   581632  4 drm_kms_helper,drm_shmem_helper,mgag200&#xD;&#xD;&#xA;    xfs                  2...&#xA;&#xA;Gomega truncated this representation as it exceeds &#39;format.MaxLength&#39;.&#xA;Consider having the object provide a custom &#39;GomegaStringer&#39; representation&#xA;or adjust the parameters in Gomega&#39;s &#39;format&#39; package.&#xA;&#xA;Learn more here: https://onsi.github.io/gomega/#adjusting-output&#xA;&#xA;to contain substring&#xA;    &lt;string&gt;: xt_u32&#xA;In [It] at: /tmp/cnf-uqtK1/cnf-features-deploy/cnf-tests/testsuites/e2esuite/xt_u32/xt_u32.go:155 @ 04/20/23 18:08:53.726&#xA;</failure>
              <system-err>&gt; Enter [BeforeEach] [xt_u32] - /tmp/cnf-uqtK1/cnf-features-deploy/cnf-tests/testsuites/pkg/execute/ginkgo.go:9 @ 04/20/23 18:08:30.269&#xA;&lt; Exit [BeforeEach] [xt_u32] - /tmp/cnf-uqtK1/cnf-features-deploy/cnf-tests/testsuites/pkg/execute/ginkgo.go:9 @ 04/20/23 18:08:30.269 (0s)&#xA;&gt; Enter [BeforeEach] Validate the module is enabled and works - /tmp/cnf-uqtK1/cnf-features-deploy/cnf-tests/testsuites/e2esuite/xt_u32/xt_u32.go:119 @ 04/20/23 18:08:30.269&#xA;STEP: Choosing the test node - /tmp/cnf-uqtK1/cnf-features-deploy/cnf-tests/testsuites/e2esuite/xt_u32/xt_u32.go:121 @ 04/20/23 18:08:30.505&#xA;&lt; Exit [BeforeEach] Validate the module is enabled and works - /tmp/cnf-uqtK1/cnf-features-deploy/cnf-tests/testsuites/e2esuite/xt_u32/xt_u32.go:119 @ 04/20/23 18:08:30.605 (336ms)&#xA;&gt; Enter [It] Should create an iptables rule inside a pod that has the module enabled - /tmp/cnf-uqtK1/cnf-features-deploy/cnf-tests/testsuites/e2esuite/xt_u32/xt_u32.go:138 @ 04/20/23 18:08:30.606&#xA;STEP: Create a pod - /tmp/cnf-uqtK1/cnf-features-deploy/cnf-tests/testsuites/e2esuite/xt_u32/xt_u32.go:139 @ 04/20/23 18:08:30.606&#xA;STEP: Check if the pod is running - /tmp/cnf-uqtK1/cnf-features-deploy/cnf-tests/testsuites/e2esuite/xt_u32/xt_u32.go:144 @ 04/20/23 18:08:30.736&#xA;STEP: Check that xt_u32 module is loaded - /tmp/cnf-uqtK1/cnf-features-deploy/cnf-tests/testsuites/e2esuite/xt_u32/xt_u32.go:151 @ 04/20/23 18:08:53.148&#xA;[FAILED] Expected&#xA;    &lt;string&gt;: Module                  Size  Used by&#xD;&#xD;&#xA;    veth                   36864  0&#xD;&#xD;&#xA;    ipt_REJECT             16384  84&#xD;&#xD;&#xA;    nf_reject_ipv4         16384  1 ipt_REJECT&#xD;&#xD;&#xA;    xt_nat                 16384  1&#xD;&#xD;&#xA;    xt_CT                  16384  4&#xD;&#xD;&#xA;    vhost_net              36864  0&#xD;&#xD;&#xA;    vhost                  57344  1 vhost_net&#xD;&#xD;&#xA;    vhost_iotlb            16384  1 vhost&#xD;&#xD;&#xA;    tap                    28672  1 vhost_net&#xD;&#xD;&#xA;    tun                    65536  1 vhost_net&#xD;&#xD;&#xA;    xt_REDIRECT            20480  0&#xD;&#xD;&#xA;    nf_conntrack_netlink    57344  0&#xD;&#xD;&#xA;    xt_MASQUERADE          20480  2&#xD;&#xD;&#xA;    nft_chain_nat          16384  4&#xD;&#xD;&#xA;    xt_mark                16384  7&#xD;&#xD;&#xA;    xt_conntrack           16384  1&#xD;&#xD;&#xA;    xt_comment             16384  9&#xD;&#xD;&#xA;    nft_compat             20480  196&#xD;&#xD;&#xA;    nft_counter            16384  116&#xD;&#xD;&#xA;    nf_tables             278528  298 nft_compat,nft_counter,nft_chain_nat&#xD;&#xD;&#xA;    geneve                 45056  0&#xD;&#xD;&#xA;    nfnetlink_cttimeout    20480  0&#xD;&#xD;&#xA;    nfnetlink              20480  6 nft_compat,nfnetlink_cttimeout,nf_conntrack_netlink,nf_tables&#xD;&#xD;&#xA;    openvswitch           212992  16&#xD;&#xD;&#xA;    nf_conncount           32768  1 openvswitch&#xD;&#xD;&#xA;    nf_nat                 86016  5 xt_nat,openvswitch,nft_chain_nat,xt_MASQUERADE,xt_REDIRECT&#xD;&#xD;&#xA;    nf_conntrack          217088  10 xt_conntrack,nf_nat,nfnetlink_cttimeout,xt_nat,openvswitch,nf_conntrack_netlink,xt_CT,nf_conncount,xt_MASQUERADE,xt_REDIRECT&#xD;&#xD;&#xA;    nf_defrag_ipv6         24576  2 nf_conntrack,openvswitch&#xD;&#xD;&#xA;    nf_defrag_ipv4         16384  1 nf_conntrack&#xD;&#xD;&#xA;    overlay               176128  94&#xD;&#xD;&#xA;    ext4                 1024000  1&#xD;&#xD;&#xA;    mbcache                16384  1 ext4&#xD;&#xD;&#xA;    jbd2                  196608  1 ext4&#xD;&#xD;&#xA;    kvm_intel             409600  0&#xD;&#xD;&#xA;    kvm                  1142784  1 kvm_intel&#xD;&#xD;&#xA;    irqbypass              16384  1 kvm&#xD;&#xD;&#xA;    intel_rapl_msr         20480  0&#xD;&#xD;&#xA;    intel_rapl_common      32768  1 intel_rapl_msr&#xD;&#xD;&#xA;    i10nm_edac             36864  0&#xD;&#xD;&#xA;    nfit                   77824  1 i10nm_edac&#xD;&#xD;&#xA;    mgag200                49152  0&#xD;&#xD;&#xA;    libnvdimm             225280  1 nfit&#xD;&#xD;&#xA;    i2c_algo_bit           16384  1 mgag200&#xD;&#xD;&#xA;    x86_pkg_temp_thermal    20480  0&#xD;&#xD;&#xA;    drm_shmem_helper       24576  1 mgag200&#xD;&#xD;&#xA;    ipmi_ssif              45056  0&#xD;&#xD;&#xA;    ledtrig_audio          16384  0&#xD;&#xD;&#xA;    intel_powerclamp       20480  0&#xD;&#xD;&#xA;    acpi_ipmi              20480  0&#xD;&#xD;&#xA;    rfkill                 36864  1&#xD;&#xD;&#xA;    coretemp               20480  0&#xD;&#xD;&#xA;    rapl                   24576  0&#xD;&#xD;&#xA;    ipmi_si                86016  1&#xD;&#xD;&#xA;    video                  61440  0&#xD;&#xD;&#xA;    intel_cstate           24576  0&#xD;&#xD;&#xA;    iTCO_wdt               16384  0&#xD;&#xD;&#xA;    iTCO_vendor_support    16384  1 iTCO_wdt&#xD;&#xD;&#xA;    mei_me                 53248  0&#xD;&#xD;&#xA;    ipmi_devintf           20480  0&#xD;&#xD;&#xA;    dcdbas                 20480  0&#xD;&#xD;&#xA;    dell_smbios            32768  0&#xD;&#xD;&#xA;    drm_kms_helper        192512  3 mgag200&#xD;&#xD;&#xA;    isst_if_mbox_pci       16384  0&#xD;&#xD;&#xA;    isst_if_mmio           16384  0&#xD;&#xD;&#xA;    syscopyarea            16384  1 drm_kms_helper&#xD;&#xD;&#xA;    i2c_i801               36864  0&#xD;&#xD;&#xA;    wmi_bmof               16384  0&#xD;&#xD;&#xA;    intel_uncore          229376  0&#xD;&#xD;&#xA;    sysfillrect            16384  1 drm_kms_helper&#xD;&#xD;&#xA;    dell_wmi_descriptor    20480  1 dell_smbios&#xD;&#xD;&#xA;    pcspkr                 16384  0&#xD;&#xD;&#xA;    sysimgblt              16384  1 drm_kms_helper&#xD;&#xD;&#xA;    fb_sys_fops            16384  1 drm_kms_helper&#xD;&#xD;&#xA;    isst_if_common         20480  2 isst_if_mmio,isst_if_mbox_pci&#xD;&#xD;&#xA;    i2c_smbus              20480  1 i2c_i801&#xD;&#xD;&#xA;    ipmi_msghandler        81920  4 ipmi_devintf,ipmi_si,acpi_ipmi,ipmi_ssif&#xD;&#xD;&#xA;    mei                   163840  1 mei_me&#xD;&#xD;&#xA;    intel_vsec             20480  0&#xD;&#xD;&#xA;    intel_pch_thermal      20480  0&#xD;&#xD;&#xA;    acpi_power_meter       20480  0&#xD;&#xD;&#xA;    sctp                  462848  22&#xD;&#xD;&#xA;    ip6_udp_tunnel         16384  2 geneve,sctp&#xD;&#xD;&#xA;    udp_tunnel             24576  2 geneve,sctp&#xD;&#xD;&#xA;    ip_tables              28672  0&#xD;&#xD;&#xA;    drm                   581632  4 drm_kms_helper,drm_shmem_helper,mgag200&#xD;&#xD;&#xA;    xfs                  2...&#xA;&#xA;Gomega truncated this representation as it exceeds &#39;format.MaxLength&#39;.&#xA;Consider having the object provide a custom &#39;GomegaStringer&#39; representation&#xA;or adjust the parameters in Gomega&#39;s &#39;format&#39; package.&#xA;&#xA;Learn more here: https://onsi.github.io/gomega/#adjusting-output&#xA;&#xA;to contain substring&#xA;    &lt;string&gt;: xt_u32&#xA;In [It] at: /tmp/cnf-uqtK1/cnf-features-deploy/cnf-tests/testsuites/e2esuite/xt_u32/xt_u32.go:155 @ 04/20/23 18:08:53.726&#xA;&lt; Exit [It] Should create an iptables rule inside a pod that has the module enabled - /tmp/cnf-uqtK1/cnf-features-deploy/cnf-tests/testsuites/e2esuite/xt_u32/xt_u32.go:138 @ 04/20/23 18:08:53.726 (23.121s)&#xA;&gt; Enter [ReportAfterEach] TOP-LEVEL - /tmp/cnf-uqtK1/cnf-features-deploy/cnf-tests/testsuites/e2esuite/test_suite_test.go:130 @ 04/20/23 18:08:53.726&#xA;&lt; Exit [ReportAfterEach] TOP-LEVEL - /tmp/cnf-uqtK1/cnf-features-deploy/cnf-tests/testsuites/e2esuite/test_suite_test.go:130 @ 04/20/23 18:09:46.088 (52.361s)&#xA;</system-err>
          </testcase>
          <testcase name="[performance]RT Kernel [test_id:26861][crit:high][vendor:cnf-qe@redhat.com][level:acceptance] should have RT kernel enabled" classname="CNF Features e2e integration tests" status="passed" time="2.283210261"></testcase>
          <testcase name="[performance]RT Kernel [test_id:28526][crit:high][vendor:cnf-qe@redhat.com][level:acceptance] a node without performance profile applied should not have RT kernel installed" classname="CNF Features e2e integration tests" status="skipped" time="0.110813843">
              <skipped message="skipped - Skipping test because there are no additional non-cnf worker nodes"></skipped>
          </testcase>
          <testcase name="[ovs_qos] ovs_qos_egress validate egress QoS limitation Validate MCO applied egress MachineConfig on the relevant nodes" classname="CNF Features e2e integration tests" status="skipped" time="0">
              <skipped message="skipped"></skipped>
          </testcase>
          <testcase name="[ovs_qos] ovs_qos_egress validate egress QoS limitation Test limitations are correctly applied {&#34;Connectivity&#34;:&#34;SDN Pod to SDN Pod&#34;}" classname="CNF Features e2e integration tests" status="skipped" time="0">
              <skipped message="skipped"></skipped>
          </testcase>
          <testcase name="[ovs_qos] ovs_qos_egress validate egress QoS limitation Test limitations are correctly applied {&#34;Connectivity&#34;:&#34;Host Pod to SDN Pod&#34;}" classname="CNF Features e2e integration tests" status="skipped" time="0">
              <skipped message="skipped"></skipped>
          </testcase>
          <testcase name="[ovs_qos] ovs_qos_egress validate egress QoS limitation Test limitations are correctly applied {&#34;Connectivity&#34;:&#34;Host Pod to Host Pod&#34;}" classname="CNF Features e2e integration tests" status="skipped" time="0">
              <skipped message="skipped"></skipped>
          </testcase>
          <testcase name="[ovs_qos] ovs_qos_egress validate egress QoS limitation Test limitations are not applied within the same node {&#34;Connectivity&#34;:&#34;SDN Pod to SDN Pod&#34;}" classname="CNF Features e2e integration tests" status="skipped" time="0">
              <skipped message="skipped"></skipped>
          </testcase>
          <testcase name="[ovs_qos] ovs_qos_egress validate egress QoS limitation Test limitations are not applied within the same node {&#34;Connectivity&#34;:&#34;Host Pod to SDN Pod&#34;}" classname="CNF Features e2e integration tests" status="skipped" time="0">
              <skipped message="skipped"></skipped>
          </testcase>
          <testcase name="[ovs_qos] ovs_qos_egress validate egress QoS limitation Validate MCO removed egress MachineConfig and disabled QOS limitation on the relevant nodes" classname="CNF Features e2e integration tests" status="skipped" time="0">
              <skipped message="skipped"></skipped>
          </testcase>
          <testcase name="[ovs_qos] ovs_qos_ingress validate ingress QoS limitation Validate MCO applied ingress MachineConfig on the relevant nodes" classname="CNF Features e2e integration tests" status="skipped" time="0">
              <skipped message="skipped"></skipped>
          </testcase>
          <testcase name="[ovs_qos] ovs_qos_ingress validate ingress QoS limitation Test limitations are correctly applied {&#34;Connectivity&#34;:&#34;SDN Pod to SDN Pod&#34;}" classname="CNF Features e2e integration tests" status="skipped" time="0">
              <skipped message="skipped"></skipped>
          </testcase>
          <testcase name="[ovs_qos] ovs_qos_ingress validate ingress QoS limitation Test limitations are correctly applied {&#34;Connectivity&#34;:&#34;Host Pod to SDN Pod&#34;}" classname="CNF Features e2e integration tests" status="skipped" time="0">
              <skipped message="skipped"></skipped>
          </testcase>
          <testcase name="[ovs_qos] ovs_qos_ingress validate ingress QoS limitation Test limitations are correctly applied {&#34;Connectivity&#34;:&#34;Host Pod to Host Pod&#34;}" classname="CNF Features e2e integration tests" status="skipped" time="0">
              <skipped message="skipped"></skipped>
          </testcase>
          <testcase name="[ovs_qos] ovs_qos_ingress validate ingress QoS limitation Test limitations are not applied within the same node {&#34;Connectivity&#34;:&#34;SDN Pod to SDN Pod&#34;}" classname="CNF Features e2e integration tests" status="skipped" time="0">
              <skipped message="skipped"></skipped>
          </testcase>
          <testcase name="[ovs_qos] ovs_qos_ingress validate ingress QoS limitation Test limitations are not applied within the same node {&#34;Connectivity&#34;:&#34;Host Pod to SDN Pod&#34;}" classname="CNF Features e2e integration tests" status="skipped" time="0">
              <skipped message="skipped"></skipped>
          </testcase>
          <testcase name="[ovs_qos] ovs_qos_ingress validate ingress QoS limitation Validate MCO removed ingress MachineConfig and disabled QOS limitation on the relevant nodes" classname="CNF Features e2e integration tests" status="skipped" time="0">
              <skipped message="skipped"></skipped>
          </testcase>
          <testcase name="[gatekeeper] mutation should be able to add metadata info(labels/annotations)" classname="CNF Features e2e integration tests" status="skipped" time="0">
              <skipped message="skipped"></skipped>
          </testcase>
          <testcase name="[gatekeeper] mutation should avoid mutating existing metadata info(labels/annotations)" classname="CNF Features e2e integration tests" status="skipped" time="0">
              <skipped message="skipped"></skipped>
          </testcase>
          <testcase name="[gatekeeper] mutation should apply mutations by order" classname="CNF Features e2e integration tests" status="skipped" time="0">
              <skipped message="skipped"></skipped>
          </testcase>
          <testcase name="[gatekeeper] mutation should be able to update mutation policy" classname="CNF Features e2e integration tests" status="skipped" time="0">
              <skipped message="skipped"></skipped>
          </testcase>
          <testcase name="[gatekeeper] mutation should not apply mutations policies after deletion" classname="CNF Features e2e integration tests" status="skipped" time="0">
              <skipped message="skipped"></skipped>
          </testcase>
          <testcase name="[gatekeeper] mutation should be able to match by any match category" classname="CNF Features e2e integration tests" status="skipped" time="0">
              <skipped message="skipped"></skipped>
          </testcase>
          <testcase name="[gatekeeper] constraints should apply constraints" classname="CNF Features e2e integration tests" status="skipped" time="0">
              <skipped message="skipped"></skipped>
          </testcase>
          <testcase name="[gatekeeper] operator should be able to select mutation namespaces" classname="CNF Features e2e integration tests" status="skipped" time="0">
              <skipped message="skipped"></skipped>
          </testcase>
          <testcase name="[bondcni] bond over macvlan should be able to create pod with bond interface over macvlan interfaces" classname="CNF Features e2e integration tests" status="passed" time="3.554967512"></testcase>
          <testcase name="[ref_id: 40307][pao]Resizing Network Queues Updating performance profile for netqueues [test_id:40308][crit:high][vendor:cnf-qe@redhat.com][level:acceptance] Network device queues Should be set to the profile&#39;s reserved CPUs count" classname="CNF Features e2e integration tests" status="skipped" time="206.999160786">
              <skipped message="skipped - Skipping Test: Unable to set Network queue size to reserved cpu count"></skipped>
          </testcase>
          <testcase name="[ref_id: 40307][pao]Resizing Network Queues Updating performance profile for netqueues [test_id:40542] Verify the number of network queues of all supported network interfaces are equal to reserved cpus count" classname="CNF Features e2e integration tests" status="skipped" time="201.786590021">
              <skipped message="skipped - Skipping Test: Unable to set Network queue size to reserved cpu count"></skipped>
          </testcase>
          <testcase name="[ref_id: 40307][pao]Resizing Network Queues Updating performance profile for netqueues [test_id:40543] Add interfaceName and verify the interface netqueues are equal to reserved cpus count." classname="CNF Features e2e integration tests" status="skipped" time="41.021171963">
              <skipped message="skipped - Skipping Test: There are no supported Network Devices"></skipped>
          </testcase>
          <testcase name="[ref_id: 40307][pao]Resizing Network Queues Updating performance profile for netqueues [test_id:40545] Verify reserved cpus count is applied to specific supported networking devices using wildcard matches" classname="CNF Features e2e integration tests" status="skipped" time="30.876472199">
              <skipped message="skipped - Skipping Test: There are no supported Network Devices"></skipped>
          </testcase>
          <testcase name="[ref_id: 40307][pao]Resizing Network Queues Updating performance profile for netqueues [test_id:40668] Verify reserved cpu count is added to networking devices matched with vendor and Device id" classname="CNF Features e2e integration tests" status="skipped" time="41.350639452">
              <skipped message="skipped - Skipping Test: There are no supported Network Devices"></skipped>
          </testcase>
          <testcase name="[sriov] Bond CNI integration bond cni over sriov pod with sysctl&#39;s on bond over sriov interfaces should start" classname="CNF Features e2e integration tests" status="passed" time="175.486609036"></testcase>
          <testcase name="[performance] Checking IRQBalance settings Verify GloballyDisableIrqLoadBalancing Spec field [test_id:36150] Verify that IRQ load balancing is enabled/disabled correctly" classname="CNF Features e2e integration tests" status="failed" time="69.144868602">
              <failure message="Timed out after 63.953s.&#xA;Unexpected error:&#xA;    &lt;*errors.errorString | 0xc001336080&gt;: {&#xA;        s: &#34;banned CPUs  do not match the expected mask 1-3 on node cnfdu5&#34;,&#xA;    }&#xA;    banned CPUs  do not match the expected mask 1-3 on node cnfdu5&#xA;occurred" type="failed">[FAILED] Timed out after 63.953s.&#xA;Unexpected error:&#xA;    &lt;*errors.errorString | 0xc001336080&gt;: {&#xA;        s: &#34;banned CPUs  do not match the expected mask 1-3 on node cnfdu5&#34;,&#xA;    }&#xA;    banned CPUs  do not match the expected mask 1-3 on node cnfdu5&#xA;occurred&#xA;In [It] at: /tmp/cnf-uqtK1/cnf-features-deploy/vendor/github.com/openshift/cluster-node-tuning-operator/test/e2e/performanceprofile/functests/1_performance/irqbalance.go:153 @ 04/20/23 18:22:38.704&#xA;</failure>
              <system-err>&gt; Enter [BeforeEach] [performance] Checking IRQBalance settings - /tmp/cnf-uqtK1/cnf-features-deploy/vendor/github.com/openshift/cluster-node-tuning-operator/test/e2e/performanceprofile/functests/1_performance/irqbalance.go:49 @ 04/20/23 18:21:29.559&#xA;Apr 20 18:21:30.262: [INFO]: MCP &#34;worker&#34; is targeting 2 node(s)&#xA;Apr 20 18:21:30.678: [INFO]: MCP &#34;worker-cnf&#34; is targeting 2 node(s)&#xA;STEP: verifying worker node &#34;cnfdu5&#34; - /tmp/cnf-uqtK1/cnf-features-deploy/vendor/github.com/openshift/cluster-node-tuning-operator/test/e2e/performanceprofile/functests/1_performance/irqbalance.go:71 @ 04/20/23 18:21:30.748&#xA;&lt; Exit [BeforeEach] [performance] Checking IRQBalance settings - /tmp/cnf-uqtK1/cnf-features-deploy/vendor/github.com/openshift/cluster-node-tuning-operator/test/e2e/performanceprofile/functests/1_performance/irqbalance.go:49 @ 04/20/23 18:21:30.748 (1.189s)&#xA;&gt; Enter [It] [test_id:36150] Verify that IRQ load balancing is enabled/disabled correctly - /tmp/cnf-uqtK1/cnf-features-deploy/vendor/github.com/openshift/cluster-node-tuning-operator/test/e2e/performanceprofile/functests/1_performance/irqbalance.go:75 @ 04/20/23 18:21:30.748&#xA;STEP: verifying worker node &#34;cnfdu5&#34; - /tmp/cnf-uqtK1/cnf-features-deploy/vendor/github.com/openshift/cluster-node-tuning-operator/test/e2e/performanceprofile/functests/1_performance/irqbalance.go:92 @ 04/20/23 18:21:30.748&#xA;Apr 20 18:21:30.847: [INFO]: found mcd machine-config-daemon-frcg6 for node cnfdu5&#xA;Apr 20 18:21:31.395: [INFO]: banned CPUs setting: &#34;IRQBALANCE_BANNED_CPUS=&#34;&#xA;Apr 20 18:21:31.454: [INFO]: found mcd machine-config-daemon-frcg6 for node cnfdu5&#xA;Apr 20 18:21:32.105: [INFO]: found mcd machine-config-daemon-frcg6 for node cnfdu5&#xA;STEP: verifying worker node &#34;cnfdu6&#34; - /tmp/cnf-uqtK1/cnf-features-deploy/vendor/github.com/openshift/cluster-node-tuning-operator/test/e2e/performanceprofile/functests/1_performance/irqbalance.go:92 @ 04/20/23 18:21:32.751&#xA;Apr 20 18:21:32.810: [INFO]: found mcd machine-config-daemon-n7prj for node cnfdu6&#xA;Apr 20 18:21:33.355: [INFO]: banned CPUs setting: &#34;IRQBALANCE_BANNED_CPUS=&#34;&#xA;Apr 20 18:21:33.427: [INFO]: found mcd machine-config-daemon-n7prj for node cnfdu6&#xA;Apr 20 18:21:34.005: [INFO]: found mcd machine-config-daemon-n7prj for node cnfdu6&#xA;STEP: Modifying profile - /tmp/cnf-uqtK1/cnf-features-deploy/vendor/github.com/openshift/cluster-node-tuning-operator/test/e2e/performanceprofile/functests/1_performance/irqbalance.go:126 @ 04/20/23 18:21:34.589&#xA;STEP: Applying changes in performance profile and waiting until mcp will start updating - /tmp/cnf-uqtK1/cnf-features-deploy/vendor/github.com/openshift/cluster-node-tuning-operator/test/e2e/performanceprofile/functests/1_performance/irqbalance.go:134 @ 04/20/23 18:21:34.589&#xA;STEP: verifying worker node &#34;cnfdu5&#34; - /tmp/cnf-uqtK1/cnf-features-deploy/vendor/github.com/openshift/cluster-node-tuning-operator/test/e2e/performanceprofile/functests/1_performance/irqbalance.go:92 @ 04/20/23 18:21:34.685&#xA;Apr 20 18:21:34.757: [INFO]: found mcd machine-config-daemon-frcg6 for node cnfdu5&#xA;Apr 20 18:21:35.367: [INFO]: banned CPUs setting: &#34;IRQBALANCE_BANNED_CPUS=&#34;&#xA;STEP: verifying worker node &#34;cnfdu5&#34; - /tmp/cnf-uqtK1/cnf-features-deploy/vendor/github.com/openshift/cluster-node-tuning-operator/test/e2e/performanceprofile/functests/1_performance/irqbalance.go:92 @ 04/20/23 18:21:45.368&#xA;Apr 20 18:21:45.455: [INFO]: found mcd machine-config-daemon-frcg6 for node cnfdu5&#xA;Apr 20 18:21:46.517: [INFO]: banned CPUs setting: &#34;IRQBALANCE_BANNED_CPUS=&#34;&#xA;STEP: verifying worker node &#34;cnfdu5&#34; - /tmp/cnf-uqtK1/cnf-features-deploy/vendor/github.com/openshift/cluster-node-tuning-operator/test/e2e/performanceprofile/functests/1_performance/irqbalance.go:92 @ 04/20/23 18:21:56.52&#xA;Apr 20 18:21:56.580: [INFO]: found mcd machine-config-daemon-frcg6 for node cnfdu5&#xA;Apr 20 18:22:11.230: [INFO]: banned CPUs setting: &#34;IRQBALANCE_BANNED_CPUS=&#34;&#xA;STEP: verifying worker node &#34;cnfdu5&#34; - /tmp/cnf-uqtK1/cnf-features-deploy/vendor/github.com/openshift/cluster-node-tuning-operator/test/e2e/performanceprofile/functests/1_performance/irqbalance.go:92 @ 04/20/23 18:22:21.231&#xA;Apr 20 18:22:21.312: [INFO]: found mcd machine-config-daemon-frcg6 for node cnfdu5&#xA;Apr 20 18:22:38.638: [INFO]: banned CPUs setting: &#34;IRQBALANCE_BANNED_CPUS=&#34;&#xA;[FAILED] Timed out after 63.953s.&#xA;Unexpected error:&#xA;    &lt;*errors.errorString | 0xc001336080&gt;: {&#xA;        s: &#34;banned CPUs  do not match the expected mask 1-3 on node cnfdu5&#34;,&#xA;    }&#xA;    banned CPUs  do not match the expected mask 1-3 on node cnfdu5&#xA;occurred&#xA;In [It] at: /tmp/cnf-uqtK1/cnf-features-deploy/vendor/github.com/openshift/cluster-node-tuning-operator/test/e2e/performanceprofile/functests/1_performance/irqbalance.go:153 @ 04/20/23 18:22:38.704&#xA;&lt; Exit [It] [test_id:36150] Verify that IRQ load balancing is enabled/disabled correctly - /tmp/cnf-uqtK1/cnf-features-deploy/vendor/github.com/openshift/cluster-node-tuning-operator/test/e2e/performanceprofile/functests/1_performance/irqbalance.go:75 @ 04/20/23 18:22:38.704 (1m7.956s)&#xA;&gt; Enter [ReportAfterEach] TOP-LEVEL - /tmp/cnf-uqtK1/cnf-features-deploy/cnf-tests/testsuites/e2esuite/test_suite_test.go:130 @ 04/20/23 18:22:38.704&#xA;&lt; Exit [ReportAfterEach] TOP-LEVEL - /tmp/cnf-uqtK1/cnf-features-deploy/cnf-tests/testsuites/e2esuite/test_suite_test.go:130 @ 04/20/23 18:22:38.704 (0s)&#xA;</system-err>
          </testcase>
          <testcase name="[performance] Checking IRQBalance settings Verify irqbalance configuration handling Should not overwrite the banned CPU set on tuned restart" classname="CNF Features e2e integration tests" status="skipped" time="0">
              <skipped message="skipped - Spec skipped because an earlier spec in an ordered container failed"></skipped>
          </testcase>
          <testcase name="[performance] Checking IRQBalance settings Verify irqbalance configuration handling Should store empty cpu mask in the backup file" classname="CNF Features e2e integration tests" status="skipped" time="0">
              <skipped message="skipped - Spec skipped because an earlier spec in an ordered container failed"></skipped>
          </testcase>
          <testcase name="[dpdk] vhostnet Client should be able to forward packets Should be able to transmit packets" classname="CNF Features e2e integration tests" status="skipped" time="0">
              <skipped message="skipped"></skipped>
          </testcase>
          <testcase name="[dpdk] vhostnet Server should be able to receive packets and forward to tap device Should be able to transmit packets" classname="CNF Features e2e integration tests" status="skipped" time="0">
              <skipped message="skipped"></skipped>
          </testcase>
          <testcase name="[dpdk] VFS allocated for dpdk Validate a DPDK workload running inside a pod Should forward and receive packets" classname="CNF Features e2e integration tests" status="skipped" time="0">
              <skipped message="skipped"></skipped>
          </testcase>
          <testcase name="[dpdk] VFS allocated for dpdk Validate NUMA aliment should allocate the requested number of cpus" classname="CNF Features e2e integration tests" status="skipped" time="0">
              <skipped message="skipped"></skipped>
          </testcase>
          <testcase name="[dpdk] VFS allocated for dpdk Validate NUMA aliment should allocate all the resources on the same NUMA node" classname="CNF Features e2e integration tests" status="skipped" time="0">
              <skipped message="skipped"></skipped>
          </testcase>
          <testcase name="[dpdk] VFS allocated for dpdk Validate HugePages should allocate the amount of hugepages requested" classname="CNF Features e2e integration tests" status="skipped" time="0">
              <skipped message="skipped"></skipped>
          </testcase>
          <testcase name="[dpdk] VFS allocated for dpdk Validate HugePages SeLinux access should allow to remove the hugepage file inside the pod" classname="CNF Features e2e integration tests" status="skipped" time="0">
              <skipped message="skipped"></skipped>
          </testcase>
          <testcase name="[dpdk] VFS split for dpdk and netdevice should forward and receive packets from a pod running dpdk base" classname="CNF Features e2e integration tests" status="skipped" time="0">
              <skipped message="skipped"></skipped>
          </testcase>
          <testcase name="[dpdk] VFS split for dpdk and netdevice Run a regular pod using a vf shared with the dpdk&#39;s pf" classname="CNF Features e2e integration tests" status="skipped" time="0">
              <skipped message="skipped"></skipped>
          </testcase>
          <testcase name="[dpdk] dpdk application on different vendors Test connectivity using the requested nic Broadcom_bnxt_en_BCM57414_NetXtreme-E" classname="CNF Features e2e integration tests" status="skipped" time="0">
              <skipped message="skipped"></skipped>
          </testcase>
          <testcase name="[dpdk] dpdk application on different vendors Test connectivity using the requested nic Broadcom_bnxt_en_BCM57508_NetXtreme-E" classname="CNF Features e2e integration tests" status="skipped" time="0">
              <skipped message="skipped"></skipped>
          </testcase>
          <testcase name="[dpdk] dpdk application on different vendors Test connectivity using the requested nic Intel_i40e_X710_10G" classname="CNF Features e2e integration tests" status="skipped" time="0">
              <skipped message="skipped"></skipped>
          </testcase>
          <testcase name="[dpdk] dpdk application on different vendors Test connectivity using the requested nic Intel_i40e_XL710_40G" classname="CNF Features e2e integration tests" status="skipped" time="0">
              <skipped message="skipped"></skipped>
          </testcase>
          <testcase name="[dpdk] dpdk application on different vendors Test connectivity using the requested nic Intel_i40e_XXV710" classname="CNF Features e2e integration tests" status="skipped" time="0">
              <skipped message="skipped"></skipped>
          </testcase>
          <testcase name="[dpdk] dpdk application on different vendors Test connectivity using the requested nic Intel_i40e_XXV710_25G" classname="CNF Features e2e integration tests" status="skipped" time="0">
              <skipped message="skipped"></skipped>
          </testcase>
          <testcase name="[dpdk] dpdk application on different vendors Test connectivity using the requested nic Intel_i40e_XXV710_N3000" classname="CNF Features e2e integration tests" status="skipped" time="0">
              <skipped message="skipped"></skipped>
          </testcase>
          <testcase name="[dpdk] dpdk application on different vendors Test connectivity using the requested nic Intel_ice_E810" classname="CNF Features e2e integration tests" status="skipped" time="0">
              <skipped message="skipped"></skipped>
          </testcase>
          <testcase name="[dpdk] dpdk application on different vendors Test connectivity using the requested nic Intel_ice_E810-CQDA2_2CQDA2" classname="CNF Features e2e integration tests" status="skipped" time="0">
              <skipped message="skipped"></skipped>
          </testcase>
          <testcase name="[dpdk] dpdk application on different vendors Test connectivity using the requested nic Intel_ice_E810-XXVDA2" classname="CNF Features e2e integration tests" status="skipped" time="0">
[...]
              <skipped message="skipped"></skipped>
          </testcase>
          <testcase name="[rfe_id:27368][performance] [test_id:54083] Should have kernel param rcutree.kthread" classname="CNF Features e2e integration tests" status="skipped" time="0">
              <skipped message="skipped"></skipped>
          </testcase>
          <testcase name="[s2i] VFS allocated for l2fw application Validate the build Should forward and receive packets from a pod running l2fw application base on a image created by building config" classname="CNF Features e2e integration tests" status="skipped" time="0">
              <skipped message="skipped"></skipped>
          </testcase>
          <testcase name="[s2i] restoring configuration should restore the cluster to the original status" classname="CNF Features e2e integration tests" status="skipped" time="0">
              <skipped message="skipped"></skipped>
          </testcase>
          <testcase name="[tuningcni] tuningcni over macvlan should be able to create pod with sysctls over macvlan" classname="CNF Features e2e integration tests" status="skipped" time="0">
              <skipped message="skipped"></skipped>
          </testcase>
          <testcase name="[tuningcni] tuningcni over macvlan pods with sysctl&#39;s over macvlan should be able to ping each other" classname="CNF Features e2e integration tests" status="skipped" time="0">
              <skipped message="skipped"></skipped>
          </testcase>
          <testcase name="[tuningcni] tuningcni over bond pods with sysctls over bond should be able to ping each other" classname="CNF Features e2e integration tests" status="skipped" time="0">
              <skipped message="skipped"></skipped>
          </testcase>
          <testcase name="[tuningcni] sysctl allowlist update should start a pod with custom sysctl only after adding sysctl to allowlist" classname="CNF Features e2e integration tests" status="skipped" time="0">
              <skipped message="skipped"></skipped>
          </testcase>
          <testcase name="[sriov] Tuning CNI integration tuning cni over sriov pods with sysctl&#39;s over sriov interface should start" classname="CNF Features e2e integration tests" status="skipped" time="0">
              <skipped message="skipped"></skipped>
          </testcase>
          <testcase name="[sriov] Tuning CNI integration tuning cni over sriov pods with sysctl&#39;s on bond over sriov interfaces should start" classname="CNF Features e2e integration tests" status="skipped" time="0">
              <skipped message="skipped"></skipped>
          </testcase>
          <testcase name="[sctp] Negative - Sctp disabled Client Server Connection Should NOT start a server pod" classname="CNF Features e2e integration tests" status="skipped" time="0">
              <skipped message="skipped"></skipped>
          </testcase>
          <testcase name="[sctp] Test Connectivity Connectivity between client and server Kernel Module is loaded" classname="CNF Features e2e integration tests" status="skipped" time="0">
              <skipped message="skipped"></skipped>
          </testcase>
          <testcase name="[sctp] Test Connectivity Connectivity between client and server Connectivity Test Custom namespace" classname="CNF Features e2e integration tests" status="skipped" time="0">
              <skipped message="skipped"></skipped>
          </testcase>
          <testcase name="[sctp] Test Connectivity Connectivity between client and server Connectivity Test Default namespace" classname="CNF Features e2e integration tests" status="skipped" time="0">
              <skipped message="skipped"></skipped>
          </testcase>
          <testcase name="[sctp] Test Connectivity Connectivity between client and server Connectivity Test Custom namespace with policy" classname="CNF Features e2e integration tests" status="skipped" time="0">
              <skipped message="skipped"></skipped>
          </testcase>
          <testcase name="[sctp] Test Connectivity Connectivity between client and server Connectivity Test Custom namespace with policy no port" classname="CNF Features e2e integration tests" status="skipped" time="0">
              <skipped message="skipped"></skipped>
          </testcase>
          <testcase name="[sctp] Test Connectivity Connectivity between client and server Connectivity Test Default namespace with policy" classname="CNF Features e2e integration tests" status="skipped" time="0">
              <skipped message="skipped"></skipped>
          </testcase>
          <testcase name="[sctp] Test Connectivity Connectivity between client and server Connectivity Test Default namespace with policy no port" classname="CNF Features e2e integration tests" status="skipped" time="0">
              <skipped message="skipped"></skipped>
          </testcase>
          <testcase name="[sctp] Test Connectivity Connectivity between client and server Should connect a client pod to a server pod. Feature LatencySensitive Active" classname="CNF Features e2e integration tests" status="skipped" time="0">
              <skipped message="skipped"></skipped>
          </testcase>
          <testcase name="[sctp] Test Connectivity Connectivity between client and server connect a client pod to a server pod via Service ClusterIP Custom namespace" classname="CNF Features e2e integration tests" status="skipped" time="0">
              <skipped message="skipped"></skipped>
          </testcase>
          <testcase name="[sctp] Test Connectivity Connectivity between client and server connect a client pod to a server pod via Service ClusterIP Default namespace" classname="CNF Features e2e integration tests" status="skipped" time="0">
              <skipped message="skipped"></skipped>
          </testcase>
          <testcase name="[sctp] Test Connectivity Connectivity between client and server connect a client pod to a server pod via Service Node Port Custom namespace" classname="CNF Features e2e integration tests" status="skipped" time="0">
              <skipped message="skipped"></skipped>
          </testcase>
          <testcase name="[sctp] Test Connectivity Connectivity between client and server connect a client pod to a server pod via Service Node Port Default namespace" classname="CNF Features e2e integration tests" status="skipped" time="0">
              <skipped message="skipped"></skipped>
          </testcase>
          <testcase name="[sriov] SCTP integration Test Connectivity Connectivity between client and server Should work over a SR-IOV device" classname="CNF Features e2e integration tests" status="skipped" time="0">
              <skipped message="skipped"></skipped>
          </testcase>
          <testcase name="[rfe_id:27350][performance]Topology Manager [test_id:26932][crit:high][vendor:cnf-qe@redhat.com][level:acceptance] should be enabled with the policy specified in profile" classname="CNF Features e2e integration tests" status="skipped" time="0">
              <skipped message="skipped"></skipped>
          </testcase>
          <testcase name="[sriov] operator No SriovNetworkNodePolicy SR-IOV network config daemon can be set by nodeselector Should schedule the config daemon on selected nodes" classname="CNF Features e2e integration tests" status="skipped" time="0">
              <skipped message="skipped"></skipped>
          </testcase>
          <testcase name="[sriov] operator Generic SriovNetworkNodePolicy Resource Injector Should inject downward api volume with no labels present" classname="CNF Features e2e integration tests" status="skipped" time="0">
              <skipped message="skipped"></skipped>
          </testcase>
          <testcase name="[sriov] operator Generic SriovNetworkNodePolicy Resource Injector Should inject downward api volume with labels present" classname="CNF Features e2e integration tests" status="skipped" time="0">
              <skipped message="skipped"></skipped>
          </testcase>
          <testcase name="[sriov] operator Generic SriovNetworkNodePolicy VF flags Should configure the spoofChk boolean variable" classname="CNF Features e2e integration tests" status="skipped" time="0">
              <skipped message="skipped"></skipped>
          </testcase>
          <testcase name="[sriov] operator Generic SriovNetworkNodePolicy VF flags Should configure the trust boolean variable" classname="CNF Features e2e integration tests" status="skipped" time="0">
              <skipped message="skipped"></skipped>
          </testcase>
          <testcase name="[sriov] operator Generic SriovNetworkNodePolicy VF flags Should configure the the link state variable" classname="CNF Features e2e integration tests" status="skipped" time="0">
              <skipped message="skipped"></skipped>
          </testcase>
          <testcase name="[sriov] operator Generic SriovNetworkNodePolicy VF flags rate limit Should configure the requested rate limit flags under the vf" classname="CNF Features e2e integration tests" status="skipped" time="0">
              <skipped message="skipped"></skipped>
          </testcase>
          <testcase name="[sriov] operator Generic SriovNetworkNodePolicy VF flags vlan and Qos vlan Should configure the requested vlan and Qos vlan flags under the vf" classname="CNF Features e2e integration tests" status="skipped" time="0">
              <skipped message="skipped"></skipped>
          </testcase>
          <testcase name="[sriov] operator Generic SriovNetworkNodePolicy Multiple sriov device and attachment Should configure multiple network attachments" classname="CNF Features e2e integration tests" status="skipped" time="0">
              <skipped message="skipped"></skipped>
          </testcase>
          <testcase name="[sriov] operator Generic SriovNetworkNodePolicy IPv6 configured secondary interfaces on pods should be able to ping each other" classname="CNF Features e2e integration tests" status="skipped" time="0">
              <skipped message="skipped"></skipped>
          </testcase>
          <testcase name="[sriov] operator Generic SriovNetworkNodePolicy NAD update NAD is updated when SriovNetwork spec/networkNamespace is changed" classname="CNF Features e2e integration tests" status="skipped" time="0">
              <skipped message="skipped"></skipped>
          </testcase>
          <testcase name="[sriov] operator Generic SriovNetworkNodePolicy NAD update NAD default gateway is updated when SriovNetwork ipam is changed" classname="CNF Features e2e integration tests" status="skipped" time="0">
              <skipped message="skipped"></skipped>
          </testcase>
          <testcase name="[sriov] operator Generic SriovNetworkNodePolicy SRIOV and macvlan Should be able to create a pod with both sriov and macvlan interfaces" classname="CNF Features e2e integration tests" status="skipped" time="0">
              <skipped message="skipped"></skipped>
          </testcase>
          <testcase name="[sriov] operator Generic SriovNetworkNodePolicy Meta Plugin Configuration Should be able to configure a metaplugin" classname="CNF Features e2e integration tests" status="skipped" time="0">
              <skipped message="skipped"></skipped>
          </testcase>
          <testcase name="[sriov] operator Generic SriovNetworkNodePolicy Virtual Functions should release the VFs once the pod deleted and same VFs can be used by the new created pods" classname="CNF Features e2e integration tests" status="skipped" time="0">
              <skipped message="skipped"></skipped>
          </testcase>
          <testcase name="[sriov] operator Custom SriovNetworkNodePolicy Configuration Create vfio-pci node policy Should be possible to create a vfio-pci resource" classname="CNF Features e2e integration tests" status="skipped" time="0">
              <skipped message="skipped"></skipped>
          </testcase>
          <testcase name="[sriov] operator Custom SriovNetworkNodePolicy Configuration PF Partitioning Should be possible to partition the pf&#39;s vfs" classname="CNF Features e2e integration tests" status="skipped" time="0">
              <skipped message="skipped"></skipped>
          </testcase>
          <testcase name="[sriov] operator Custom SriovNetworkNodePolicy Configuration PF Partitioning Should not be possible to have overlapping pf ranges" classname="CNF Features e2e integration tests" status="skipped" time="0">
              <skipped message="skipped"></skipped>
          </testcase>
          <testcase name="[sriov] operator Custom SriovNetworkNodePolicy Configuration Main PF should work when vfs are used by pods" classname="CNF Features e2e integration tests" status="skipped" time="0">
              <skipped message="skipped"></skipped>
          </testcase>
          <testcase name="[sriov] operator Custom SriovNetworkNodePolicy Configuration PF shutdown Should be able to create pods successfully if PF is down.Pods are able to communicate with each other on the same node" classname="CNF Features e2e integration tests" status="skipped" time="0">
              <skipped message="skipped"></skipped>
          </testcase>
          <testcase name="[sriov] operator Custom SriovNetworkNodePolicy Configuration MTU Should support jumbo frames" classname="CNF Features e2e integration tests" status="skipped" time="0">
              <skipped message="skipped"></skipped>
          </testcase>
          <testcase name="[sriov] operator Custom SriovNetworkNodePolicy Nic Validation Test connectivity using the requested nic Intel Corporation Ethernet Controller XXV710 for 25GbE SFP28" classname="CNF Features e2e integration tests" status="skipped" time="0">
              <skipped message="skipped"></skipped>
          </testcase>
          <testcase name="[sriov] operator Custom SriovNetworkNodePolicy Nic Validation Test connectivity using the requested nic Ethernet Controller XXV710 Intel(R) FPGA Programmable Acceleration Card N3000 for Networking" classname="CNF Features e2e integration tests" status="skipped" time="0">
              <skipped message="skipped"></skipped>
          </testcase>
          <testcase name="[sriov] operator Custom SriovNetworkNodePolicy Resource Injector SR-IOV Operator Config, disable Resource Injector" classname="CNF Features e2e integration tests" status="skipped" time="0">
              <skipped message="skipped"></skipped>
          </testcase>
          <testcase name="[sriov] operator Custom SriovNetworkNodePolicy Resource Injector SR-IOV Operator Config, disable Operator Webhook" classname="CNF Features e2e integration tests" status="skipped" time="0">
              <skipped message="skipped"></skipped>
          </testcase>
          <testcase name="[sriov] operator Custom SriovNetworkNodePolicy Resource Injector SR-IOV Operator Config, disable Resource Injector and Operator Webhook" classname="CNF Features e2e integration tests" status="skipped" time="0">
              <skipped message="skipped"></skipped>
          </testcase>
          <testcase name="[sriov] operator Custom SriovNetworkNodePolicy vhost-net and tun devices Validation Should have the vhost-net device inside the container" classname="CNF Features e2e integration tests" status="skipped" time="0">
              <skipped message="skipped"></skipped>
          </testcase>
          <testcase name="[performance]Hugepages [rfe_id:27369]when NUMA node specified [test_id:27752][crit:high][vendor:cnf-qe@redhat.com][level:acceptance] should be allocated on the specifed NUMA node" classname="CNF Features e2e integration tests" status="skipped" time="0">
              <skipped message="skipped"></skipped>
          </testcase>
          <testcase name="[performance]Hugepages with multiple sizes [test_id:34080] should be supported and available for the container usage" classname="CNF Features e2e integration tests" status="skipped" time="0">
              <skipped message="skipped"></skipped>
          </testcase>
          <testcase name="[performance]Hugepages [rfe_id:27354]Huge pages support for container workloads [test_id:27477][crit:high][vendor:cnf-qe@redhat.com][level:acceptance] Huge pages support for container workloads" classname="CNF Features e2e integration tests" status="skipped" time="0">
              <skipped message="skipped"></skipped>
          </testcase>
          <testcase name="[sriov] VRF integration  Integration: SRIOV, IPAM: static, Interfaces: 1, Scheme: 2 Pods 2 VRFs OCP Primary network overlap {&#34;IPStack&#34;:&#34;ipv4&#34;}" classname="CNF Features e2e integration tests" status="skipped" time="0">
              <skipped message="skipped"></skipped>
          </testcase>
          <testcase name="metallb MetalLB deploy should have MetalLB pods in running state" classname="CNF Features e2e integration tests" status="skipped" time="0">
              <skipped message="skipped"></skipped>
          </testcase>
          <testcase name="metallb MetalLB contains incorrect data MetalLB has incorrect name should not be reconciled" classname="CNF Features e2e integration tests" status="skipped" time="0">
              <skipped message="skipped"></skipped>
          </testcase>
          <testcase name="metallb MetalLB contains incorrect data Correct and incorrect MetalLB resources coexist should have correct statuses" classname="CNF Features e2e integration tests" status="skipped" time="0">
              <skipped message="skipped"></skipped>
          </testcase>
          <testcase name="metallb MetalLB configured extra config parameters set with additional parameters" classname="CNF Features e2e integration tests" status="skipped" time="0">
              <skipped message="skipped"></skipped>
          </testcase>
          <testcase name="metallb Update MetalLB resources patch additional parameters" classname="CNF Features e2e integration tests" status="skipped" time="0">
              <skipped message="skipped"></skipped>
          </testcase>
          <testcase name="metallb Invalid MetalLB resources validate create with incorrect toleration" classname="CNF Features e2e integration tests" status="skipped" time="0">
              <skipped message="skipped"></skipped>
          </testcase>
          <testcase name="metallb Invalid MetalLB resources validate update with incorrect toleration" classname="CNF Features e2e integration tests" status="skipped" time="0">
              <skipped message="skipped"></skipped>
          </testcase>
          <testcase name="metallb Invalid MetalLB resources validate incorrect affinity" classname="CNF Features e2e integration tests" status="skipped" time="0">
              <skipped message="skipped"></skipped>
          </testcase>
          <testcase name="[sro] Build source out of tree driver for SRO using Should have the source driver image as imageStream" classname="CNF Features e2e integration tests" status="skipped" time="0">
              <skipped message="skipped"></skipped>
          </testcase>
          <testcase name="[sro] Apply the chart as a configmap for SRO to use should exist in the configmap object" classname="CNF Features e2e integration tests" status="skipped" time="0">
              <skipped message="skipped"></skipped>
          </testcase>
          <testcase name="[sro] Apply the special resource CR to build the OOT driver should have a oot driver imagestream built" classname="CNF Features e2e integration tests" status="skipped" time="0">
              <skipped message="skipped"></skipped>
          </testcase>
          <testcase name="[sro] Apply the special resource CR to build the OOT driver should have the driver built inside the container" classname="CNF Features e2e integration tests" status="skipped" time="0">
              <skipped message="skipped"></skipped>
          </testcase>
      </testsuite>
  </testsuites>